2020-03-08 14:17:30.840728

Found greyscale version of screenshot. Skipping (id=1476

Found greyscale version of screenshot. Skipping (id=1477

Found greyscale version of screenshot. Skipping (id=1478

Found greyscale version of screenshot. Skipping (id=1479

Found greyscale version of screenshot. Skipping (id=1480

Found greyscale version of screenshot. Skipping (id=1481

Found greyscale version of screenshot. Skipping (id=1482

Found greyscale version of screenshot. Skipping (id=1483

Found greyscale version of screenshot. Skipping (id=1484

Found greyscale version of screenshot. Skipping (id=1485

Found greyscale version of screenshot. Skipping (id=1486

Found greyscale version of screenshot. Skipping (id=1487

Found greyscale version of screenshot. Skipping (id=1488

Found greyscale version of screenshot. Skipping (id=1489

Found greyscale version of screenshot. Skipping (id=1490

Found greyscale version of screenshot. Skipping (id=1491

Found greyscale version of screenshot. Skipping (id=1492

Found greyscale version of screenshot. Skipping (id=1493

Found greyscale version of screenshot. Skipping (id=1494

Found greyscale version of screenshot. Skipping (id=1495

Found greyscale version of screenshot. Skipping (id=1496

Found greyscale version of screenshot. Skipping (id=1497

Found greyscale version of screenshot. Skipping (id=1498

Found greyscale version of screenshot. Skipping (id=1499

Found greyscale version of screenshot. Skipping (id=1500

Found greyscale version of screenshot. Skipping (id=1501

Found greyscale version of screenshot. Skipping (id=1502

Found greyscale version of screenshot. Skipping (id=1503

Found greyscale version of screenshot. Skipping (id=1504

Found greyscale version of screenshot. Skipping (id=1505

Found greyscale version of screenshot. Skipping (id=1506

Found greyscale version of screenshot. Skipping (id=1507

Found greyscale version of screenshot. Skipping (id=1508

Found greyscale version of screenshot. Skipping (id=1509

Found greyscale version of screenshot. Skipping (id=1510

Found greyscale version of screenshot. Skipping (id=1511

Found greyscale version of screenshot. Skipping (id=1512

Found greyscale version of screenshot. Skipping (id=1513

Found greyscale version of screenshot. Skipping (id=1514

Found greyscale version of screenshot. Skipping (id=1515

Found greyscale version of screenshot. Skipping (id=1516

Found greyscale version of screenshot. Skipping (id=1517

Found greyscale version of screenshot. Skipping (id=1518

Found greyscale version of screenshot. Skipping (id=1519

Found greyscale version of screenshot. Skipping (id=1520

Found greyscale version of screenshot. Skipping (id=1521

Found greyscale version of screenshot. Skipping (id=1522

Found greyscale version of screenshot. Skipping (id=1523

Found greyscale version of screenshot. Skipping (id=1524

Found greyscale version of screenshot. Skipping (id=1525

Found greyscale version of screenshot. Skipping (id=1526

Found greyscale version of screenshot. Skipping (id=1527

Found greyscale version of screenshot. Skipping (id=1528

Found greyscale version of screenshot. Skipping (id=1529

Found greyscale version of screenshot. Skipping (id=1530

Found greyscale version of screenshot. Skipping (id=1531

Found greyscale version of screenshot. Skipping (id=1532

Found greyscale version of screenshot. Skipping (id=1533

Found greyscale version of screenshot. Skipping (id=1534

Found greyscale version of screenshot. Skipping (id=1535

Found greyscale version of screenshot. Skipping (id=1536

Found greyscale version of screenshot. Skipping (id=1537

Found greyscale version of screenshot. Skipping (id=1538

Found greyscale version of screenshot. Skipping (id=1539

Found greyscale version of screenshot. Skipping (id=1540

Found greyscale version of screenshot. Skipping (id=1541

Found greyscale version of screenshot. Skipping (id=1542

Found greyscale version of screenshot. Skipping (id=1543

Found greyscale version of screenshot. Skipping (id=1544

Found greyscale version of screenshot. Skipping (id=1545

Found greyscale version of screenshot. Skipping (id=1546

Found greyscale version of screenshot. Skipping (id=1547

Found greyscale version of screenshot. Skipping (id=1548

Found greyscale version of screenshot. Skipping (id=1549

Found greyscale version of screenshot. Skipping (id=1550

Found greyscale version of screenshot. Skipping (id=1551

Found greyscale version of screenshot. Skipping (id=1552

Found greyscale version of screenshot. Skipping (id=1553

Found greyscale version of screenshot. Skipping (id=1554

Found greyscale version of screenshot. Skipping (id=1555

Found greyscale version of screenshot. Skipping (id=1556

Found greyscale version of screenshot. Skipping (id=1557

Found greyscale version of screenshot. Skipping (id=1558

Found greyscale version of screenshot. Skipping (id=1559

Found greyscale version of screenshot. Skipping (id=1560

Found greyscale version of screenshot. Skipping (id=1561

Found greyscale version of screenshot. Skipping (id=1562

Found greyscale version of screenshot. Skipping (id=1563

Found greyscale version of screenshot. Skipping (id=1564

Found greyscale version of screenshot. Skipping (id=1565

Found greyscale version of screenshot. Skipping (id=1566

Found greyscale version of screenshot. Skipping (id=1567

Found greyscale version of screenshot. Skipping (id=1568

Found greyscale version of screenshot. Skipping (id=1569

Found greyscale version of screenshot. Skipping (id=1570

Found greyscale version of screenshot. Skipping (id=1571

Found greyscale version of screenshot. Skipping (id=1572

Found greyscale version of screenshot. Skipping (id=1573

Found greyscale version of screenshot. Skipping (id=1574

Found greyscale version of screenshot. Skipping (id=1575

Found greyscale version of screenshot. Skipping (id=1576

Found greyscale version of screenshot. Skipping (id=1577

Found greyscale version of screenshot. Skipping (id=1578

Found greyscale version of screenshot. Skipping (id=1579

Found greyscale version of screenshot. Skipping (id=1580

Found greyscale version of screenshot. Skipping (id=1581

Found greyscale version of screenshot. Skipping (id=1582

Found greyscale version of screenshot. Skipping (id=1583

Found greyscale version of screenshot. Skipping (id=1584

Found greyscale version of screenshot. Skipping (id=1585

Found greyscale version of screenshot. Skipping (id=1586

Found greyscale version of screenshot. Skipping (id=1587

Found greyscale version of screenshot. Skipping (id=1588

Found greyscale version of screenshot. Skipping (id=1589

Found greyscale version of screenshot. Skipping (id=1590

Found greyscale version of screenshot. Skipping (id=1591

Found greyscale version of screenshot. Skipping (id=1592

Found greyscale version of screenshot. Skipping (id=1593

Found greyscale version of screenshot. Skipping (id=1594

Found greyscale version of screenshot. Skipping (id=1595

Found greyscale version of screenshot. Skipping (id=1596

Found greyscale version of screenshot. Skipping (id=1597

Found greyscale version of screenshot. Skipping (id=1598

Found greyscale version of screenshot. Skipping (id=1599

Found greyscale version of screenshot. Skipping (id=1600

Found greyscale version of screenshot. Skipping (id=1601

Found greyscale version of screenshot. Skipping (id=1602

Found greyscale version of screenshot. Skipping (id=1603

Found greyscale version of screenshot. Skipping (id=1604

Found greyscale version of screenshot. Skipping (id=1605

Found greyscale version of screenshot. Skipping (id=1606

Found greyscale version of screenshot. Skipping (id=1607

Found greyscale version of screenshot. Skipping (id=1608

Found greyscale version of screenshot. Skipping (id=1609

Found greyscale version of screenshot. Skipping (id=1610

Found greyscale version of screenshot. Skipping (id=1611

Found greyscale version of screenshot. Skipping (id=1612

Found greyscale version of screenshot. Skipping (id=1613

Found greyscale version of screenshot. Skipping (id=1614

Found greyscale version of screenshot. Skipping (id=1615

Found greyscale version of screenshot. Skipping (id=1616

Found greyscale version of screenshot. Skipping (id=1617

Found greyscale version of screenshot. Skipping (id=1618

Found greyscale version of screenshot. Skipping (id=1619

Found greyscale version of screenshot. Skipping (id=1620

Found greyscale version of screenshot. Skipping (id=1621

Found greyscale version of screenshot. Skipping (id=1622

Found greyscale version of screenshot. Skipping (id=1623

Found greyscale version of screenshot. Skipping (id=1624

Found greyscale version of screenshot. Skipping (id=1625

Found greyscale version of screenshot. Skipping (id=1626

Found greyscale version of screenshot. Skipping (id=1627

Found greyscale version of screenshot. Skipping (id=1628

Found greyscale version of screenshot. Skipping (id=1629

Found greyscale version of screenshot. Skipping (id=1630

Found greyscale version of screenshot. Skipping (id=1631

Found greyscale version of screenshot. Skipping (id=1632

Found greyscale version of screenshot. Skipping (id=1633

Found greyscale version of screenshot. Skipping (id=1634

Found greyscale version of screenshot. Skipping (id=1635

Found greyscale version of screenshot. Skipping (id=1636

Found greyscale version of screenshot. Skipping (id=1637

Found greyscale version of screenshot. Skipping (id=1638

Found greyscale version of screenshot. Skipping (id=1639

Found greyscale version of screenshot. Skipping (id=1640

Found greyscale version of screenshot. Skipping (id=1641

Found greyscale version of screenshot. Skipping (id=1642

Found greyscale version of screenshot. Skipping (id=1643

Found greyscale version of screenshot. Skipping (id=1644

Found greyscale version of screenshot. Skipping (id=1645

Found greyscale version of screenshot. Skipping (id=1646

Found greyscale version of screenshot. Skipping (id=1647

Found greyscale version of screenshot. Skipping (id=1648

Found greyscale version of screenshot. Skipping (id=1649

Found greyscale version of screenshot. Skipping (id=1650

Found greyscale version of screenshot. Skipping (id=1651

Found greyscale version of screenshot. Skipping (id=1652

Found greyscale version of screenshot. Skipping (id=1653

Found greyscale version of screenshot. Skipping (id=1654

Found greyscale version of screenshot. Skipping (id=1655

Found greyscale version of screenshot. Skipping (id=1656

Found greyscale version of screenshot. Skipping (id=1657

Found greyscale version of screenshot. Skipping (id=1658

Found greyscale version of screenshot. Skipping (id=1659

Found greyscale version of screenshot. Skipping (id=1660

Found greyscale version of screenshot. Skipping (id=1661

Found greyscale version of screenshot. Skipping (id=1662

Found greyscale version of screenshot. Skipping (id=1663

Found greyscale version of screenshot. Skipping (id=1664

Found greyscale version of screenshot. Skipping (id=1665

Found greyscale version of screenshot. Skipping (id=1666

Found greyscale version of screenshot. Skipping (id=1667

Found greyscale version of screenshot. Skipping (id=1668

Found greyscale version of screenshot. Skipping (id=1669

Found greyscale version of screenshot. Skipping (id=1670

Found greyscale version of screenshot. Skipping (id=1671

Found greyscale version of screenshot. Skipping (id=1672

Found greyscale version of screenshot. Skipping (id=1673

Found greyscale version of screenshot. Skipping (id=1674

Found greyscale version of screenshot. Skipping (id=1675

Found greyscale version of screenshot. Skipping (id=1676

Found greyscale version of screenshot. Skipping (id=1677

Found greyscale version of screenshot. Skipping (id=1678

Found greyscale version of screenshot. Skipping (id=1679

Found greyscale version of screenshot. Skipping (id=1680

Found greyscale version of screenshot. Skipping (id=1681

Found greyscale version of screenshot. Skipping (id=1682

Found greyscale version of screenshot. Skipping (id=1683

Found greyscale version of screenshot. Skipping (id=1684

Found greyscale version of screenshot. Skipping (id=1685

Found greyscale version of screenshot. Skipping (id=1686

Found greyscale version of screenshot. Skipping (id=1687

Found greyscale version of screenshot. Skipping (id=1688

Found greyscale version of screenshot. Skipping (id=1689

Found greyscale version of screenshot. Skipping (id=1690

Found greyscale version of screenshot. Skipping (id=1691

Found greyscale version of screenshot. Skipping (id=1692

Found greyscale version of screenshot. Skipping (id=1693

Found greyscale version of screenshot. Skipping (id=1694

Found greyscale version of screenshot. Skipping (id=1695

Found greyscale version of screenshot. Skipping (id=1696

Found greyscale version of screenshot. Skipping (id=1697

Found greyscale version of screenshot. Skipping (id=1698

Found greyscale version of screenshot. Skipping (id=1699

Found greyscale version of screenshot. Skipping (id=1700

Found greyscale version of screenshot. Skipping (id=1701

Found greyscale version of screenshot. Skipping (id=1702

Found greyscale version of screenshot. Skipping (id=1703

Found greyscale version of screenshot. Skipping (id=1704

Found greyscale version of screenshot. Skipping (id=1705

Found greyscale version of screenshot. Skipping (id=1706

Found greyscale version of screenshot. Skipping (id=1707

Found greyscale version of screenshot. Skipping (id=1708

Found greyscale version of screenshot. Skipping (id=1709

Found greyscale version of screenshot. Skipping (id=1710

Found greyscale version of screenshot. Skipping (id=1711

Found greyscale version of screenshot. Skipping (id=1712

Found greyscale version of screenshot. Skipping (id=1713

Found greyscale version of screenshot. Skipping (id=1714

Found greyscale version of screenshot. Skipping (id=1715

Found greyscale version of screenshot. Skipping (id=1716

Found greyscale version of screenshot. Skipping (id=1717

Found greyscale version of screenshot. Skipping (id=1718

Found greyscale version of screenshot. Skipping (id=1719

Found greyscale version of screenshot. Skipping (id=1720

Found greyscale version of screenshot. Skipping (id=1721

Found greyscale version of screenshot. Skipping (id=1722

Found greyscale version of screenshot. Skipping (id=1723

Found greyscale version of screenshot. Skipping (id=1724

Found greyscale version of screenshot. Skipping (id=1725

Found greyscale version of screenshot. Skipping (id=1726

Found greyscale version of screenshot. Skipping (id=1727

Found greyscale version of screenshot. Skipping (id=1728

Found greyscale version of screenshot. Skipping (id=1729

Found greyscale version of screenshot. Skipping (id=1730

Found greyscale version of screenshot. Skipping (id=1731

Found greyscale version of screenshot. Skipping (id=1732

Found greyscale version of screenshot. Skipping (id=1733

Found greyscale version of screenshot. Skipping (id=1734

Found greyscale version of screenshot. Skipping (id=1735

Found greyscale version of screenshot. Skipping (id=1736

Found greyscale version of screenshot. Skipping (id=1737

Found greyscale version of screenshot. Skipping (id=1738

Found greyscale version of screenshot. Skipping (id=1739

Found greyscale version of screenshot. Skipping (id=1740

Found greyscale version of screenshot. Skipping (id=1741

Found greyscale version of screenshot. Skipping (id=1742

Found greyscale version of screenshot. Skipping (id=1743

Found greyscale version of screenshot. Skipping (id=1744

Found greyscale version of screenshot. Skipping (id=1745

Found greyscale version of screenshot. Skipping (id=1746

Found greyscale version of screenshot. Skipping (id=1747

Found greyscale version of screenshot. Skipping (id=1748

Found greyscale version of screenshot. Skipping (id=1749

Found greyscale version of screenshot. Skipping (id=1750

Found greyscale version of screenshot. Skipping (id=1751

Found greyscale version of screenshot. Skipping (id=1752

Found greyscale version of screenshot. Skipping (id=1753

Found greyscale version of screenshot. Skipping (id=1754

Found greyscale version of screenshot. Skipping (id=1755

Found greyscale version of screenshot. Skipping (id=1756

Found greyscale version of screenshot. Skipping (id=1757

Found greyscale version of screenshot. Skipping (id=1758

Found greyscale version of screenshot. Skipping (id=1759

Found greyscale version of screenshot. Skipping (id=1760

Found greyscale version of screenshot. Skipping (id=1761

Found greyscale version of screenshot. Skipping (id=1762

Found greyscale version of screenshot. Skipping (id=1763

Found greyscale version of screenshot. Skipping (id=1764

Found greyscale version of screenshot. Skipping (id=1765

Found greyscale version of screenshot. Skipping (id=1766

Found greyscale version of screenshot. Skipping (id=1767

Found greyscale version of screenshot. Skipping (id=1768

Found greyscale version of screenshot. Skipping (id=1769

Found greyscale version of screenshot. Skipping (id=1770

Found greyscale version of screenshot. Skipping (id=1771

Found greyscale version of screenshot. Skipping (id=1772

Found greyscale version of screenshot. Skipping (id=1773

Found greyscale version of screenshot. Skipping (id=1774

Found greyscale version of screenshot. Skipping (id=1775

Found greyscale version of screenshot. Skipping (id=1776

Found greyscale version of screenshot. Skipping (id=1777

Found greyscale version of screenshot. Skipping (id=1778

Found greyscale version of screenshot. Skipping (id=1779

Found greyscale version of screenshot. Skipping (id=1780

Found greyscale version of screenshot. Skipping (id=1781

Found greyscale version of screenshot. Skipping (id=1782

Found greyscale version of screenshot. Skipping (id=1783

Found greyscale version of screenshot. Skipping (id=1784

Found greyscale version of screenshot. Skipping (id=1785

Found greyscale version of screenshot. Skipping (id=1786

Found greyscale version of screenshot. Skipping (id=1787

Found greyscale version of screenshot. Skipping (id=1788

Found greyscale version of screenshot. Skipping (id=1789

Found greyscale version of screenshot. Skipping (id=1790

Found greyscale version of screenshot. Skipping (id=1791

Found greyscale version of screenshot. Skipping (id=1792

Found greyscale version of screenshot. Skipping (id=1793

Found greyscale version of screenshot. Skipping (id=1794

Found greyscale version of screenshot. Skipping (id=1795

Found greyscale version of screenshot. Skipping (id=1796

Found greyscale version of screenshot. Skipping (id=1797

Found greyscale version of screenshot. Skipping (id=1798

Found greyscale version of screenshot. Skipping (id=1799

Found greyscale version of screenshot. Skipping (id=1800

Found greyscale version of screenshot. Skipping (id=1801

Found greyscale version of screenshot. Skipping (id=1802

Found greyscale version of screenshot. Skipping (id=1803

Found greyscale version of screenshot. Skipping (id=1804

Found greyscale version of screenshot. Skipping (id=1805

Found greyscale version of screenshot. Skipping (id=1806

Found greyscale version of screenshot. Skipping (id=1807

Found greyscale version of screenshot. Skipping (id=1808

Found greyscale version of screenshot. Skipping (id=1809

Found greyscale version of screenshot. Skipping (id=1810

Found greyscale version of screenshot. Skipping (id=1811

Found greyscale version of screenshot. Skipping (id=1812

Found greyscale version of screenshot. Skipping (id=1813

Found greyscale version of screenshot. Skipping (id=1814

Found greyscale version of screenshot. Skipping (id=1815

Found greyscale version of screenshot. Skipping (id=1816

Found greyscale version of screenshot. Skipping (id=1817

Found greyscale version of screenshot. Skipping (id=1818

Found greyscale version of screenshot. Skipping (id=1376

Converting screenshot of site aol_com from RGB to GREYSCALE 
Finished conversion of aol_com from RGB to GREYSCALE 

Converting screenshot of site trendingnow_video from RGB to GREYSCALE 
Finished conversion of trendingnow_video from RGB to GREYSCALE 

Converting screenshot of site pulzo_com from RGB to GREYSCALE 
Finished conversion of pulzo_com from RGB to GREYSCALE 

Converting screenshot of site spankbang_com from RGB to GREYSCALE 
Finished conversion of spankbang_com from RGB to GREYSCALE 

Converting screenshot of site onemboaran_com from RGB to GREYSCALE 
Finished conversion of onemboaran_com from RGB to GREYSCALE 

Converting screenshot of site steampowered_com from RGB to GREYSCALE 
Finished conversion of steampowered_com from RGB to GREYSCALE 

Converting screenshot of site alwafd_news from RGB to GREYSCALE 
Finished conversion of alwafd_news from RGB to GREYSCALE 

Converting screenshot of site ninisite_com from RGB to GREYSCALE 
Finished conversion of ninisite_com from RGB to GREYSCALE 

Converting screenshot of site irctc_co_in from RGB to GREYSCALE 
Finished conversion of irctc_co_in from RGB to GREYSCALE 

Converting screenshot of site xfinity_com from RGB to GREYSCALE 
Finished conversion of xfinity_com from RGB to GREYSCALE 

Converting screenshot of site youdao_com from RGB to GREYSCALE 
Finished conversion of youdao_com from RGB to GREYSCALE 

Converting screenshot of site ouedkniss_com from RGB to GREYSCALE 
Finished conversion of ouedkniss_com from RGB to GREYSCALE 

Converting screenshot of site deviantart_com from RGB to GREYSCALE 
Finished conversion of deviantart_com from RGB to GREYSCALE 

Converting screenshot of site indiamart_com from RGB to GREYSCALE 
Finished conversion of indiamart_com from RGB to GREYSCALE 

Converting screenshot of site who_int from RGB to GREYSCALE 
Finished conversion of who_int from RGB to GREYSCALE 

Converting screenshot of site cnnindonesia_com from RGB to GREYSCALE 
Finished conversion of cnnindonesia_com from RGB to GREYSCALE 

Converting screenshot of site yelp_com from RGB to GREYSCALE 
Finished conversion of yelp_com from RGB to GREYSCALE 

Converting screenshot of site t_me from RGB to GREYSCALE 
Finished conversion of t_me from RGB to GREYSCALE 

Converting screenshot of site coinmarketcap_com from RGB to GREYSCALE 
Finished conversion of coinmarketcap_com from RGB to GREYSCALE 

Converting screenshot of site tiktok_com from RGB to GREYSCALE 
Finished conversion of tiktok_com from RGB to GREYSCALE 

Converting screenshot of site glassdoor_com from RGB to GREYSCALE 
Finished conversion of glassdoor_com from RGB to GREYSCALE 

Converting screenshot of site mercari_com from RGB to GREYSCALE 
Finished conversion of mercari_com from RGB to GREYSCALE 

Converting screenshot of site mercadolibre_com_mx from RGB to GREYSCALE 
Finished conversion of mercadolibre_com_mx from RGB to GREYSCALE 

Converting screenshot of site google_com_ua from RGB to GREYSCALE 
Finished conversion of google_com_ua from RGB to GREYSCALE 

Converting screenshot of site 9gag_com from RGB to GREYSCALE 
Finished conversion of 9gag_com from RGB to GREYSCALE 

Converting screenshot of site souq_com from RGB to GREYSCALE 
Finished conversion of souq_com from RGB to GREYSCALE 

Converting screenshot of site evernote_com from RGB to GREYSCALE 
Finished conversion of evernote_com from RGB to GREYSCALE 

Converting screenshot of site popads_net from RGB to GREYSCALE 
Finished conversion of popads_net from RGB to GREYSCALE 

Converting screenshot of site ecosia_org from RGB to GREYSCALE 
Finished conversion of ecosia_org from RGB to GREYSCALE 

Converting screenshot of site gmx_net from RGB to GREYSCALE 
Finished conversion of gmx_net from RGB to GREYSCALE 

Converting screenshot of site fadspms_com from RGB to GREYSCALE 
Finished conversion of fadspms_com from RGB to GREYSCALE 

Converting screenshot of site google_com_vn from RGB to GREYSCALE 
Finished conversion of google_com_vn from RGB to GREYSCALE 

Converting screenshot of site sportbible_com from RGB to GREYSCALE 
Finished conversion of sportbible_com from RGB to GREYSCALE 

Converting screenshot of site ameblo_jp from RGB to GREYSCALE 
Finished conversion of ameblo_jp from RGB to GREYSCALE 

Converting screenshot of site patreon_com from RGB to GREYSCALE 
Finished conversion of patreon_com from RGB to GREYSCALE 

Converting screenshot of site aminoapps_com from RGB to GREYSCALE 
Finished conversion of aminoapps_com from RGB to GREYSCALE 

Converting screenshot of site adp_com from RGB to GREYSCALE 
Finished conversion of adp_com from RGB to GREYSCALE 

Converting screenshot of site irs_gov from RGB to GREYSCALE 
Finished conversion of irs_gov from RGB to GREYSCALE 

Converting screenshot of site gismeteo_ru from RGB to GREYSCALE 
Finished conversion of gismeteo_ru from RGB to GREYSCALE 

Converting screenshot of site usps_com from RGB to GREYSCALE 
Finished conversion of usps_com from RGB to GREYSCALE 

Converting screenshot of site qoo10_sg from RGB to GREYSCALE 
Finished conversion of qoo10_sg from RGB to GREYSCALE 

Converting screenshot of site namasha_com from RGB to GREYSCALE 
Finished conversion of namasha_com from RGB to GREYSCALE 

Converting screenshot of site giphy_com from RGB to GREYSCALE 
Finished conversion of giphy_com from RGB to GREYSCALE 

Converting screenshot of site otvfoco_com_br from RGB to GREYSCALE 
Finished conversion of otvfoco_com_br from RGB to GREYSCALE 

Converting screenshot of site hurriyet_com_tr from RGB to GREYSCALE 
Finished conversion of hurriyet_com_tr from RGB to GREYSCALE 

Converting screenshot of site heavy_com from RGB to GREYSCALE 
Finished conversion of heavy_com from RGB to GREYSCALE 

Converting screenshot of site buzzfeed_com from RGB to GREYSCALE 
Finished conversion of buzzfeed_com from RGB to GREYSCALE 

Converting screenshot of site genius_com from RGB to GREYSCALE 
Finished conversion of genius_com from RGB to GREYSCALE 

Converting screenshot of site kakao_com from RGB to GREYSCALE 
Finished conversion of kakao_com from RGB to GREYSCALE 

Converting screenshot of site target_com from RGB to GREYSCALE 
Finished conversion of target_com from RGB to GREYSCALE 

Converting screenshot of site investopedia_com from RGB to GREYSCALE 
Finished conversion of investopedia_com from RGB to GREYSCALE 

Converting screenshot of site in_gr from RGB to GREYSCALE 
Finished conversion of in_gr from RGB to GREYSCALE 

Converting screenshot of site outbrain_com from RGB to GREYSCALE 
Finished conversion of outbrain_com from RGB to GREYSCALE 

Converting screenshot of site vnexpress_net from RGB to GREYSCALE 
Finished conversion of vnexpress_net from RGB to GREYSCALE 

Converting screenshot of site marca_com from RGB to GREYSCALE 
Finished conversion of marca_com from RGB to GREYSCALE 

Converting screenshot of site cnnic_cn from RGB to GREYSCALE 
Finished conversion of cnnic_cn from RGB to GREYSCALE 

Converting screenshot of site wildberries_ru from RGB to GREYSCALE 
Finished conversion of wildberries_ru from RGB to GREYSCALE 

Converting screenshot of site beytoote_com from RGB to GREYSCALE 
Finished conversion of beytoote_com from RGB to GREYSCALE 

Converting screenshot of site mathrubhumi_com from RGB to GREYSCALE 
Finished conversion of mathrubhumi_com from RGB to GREYSCALE 

Converting screenshot of site bankofamerica_com from RGB to GREYSCALE 
Finished conversion of bankofamerica_com from RGB to GREYSCALE 

Converting screenshot of site theepochtimes_com from RGB to GREYSCALE 
Finished conversion of theepochtimes_com from RGB to GREYSCALE 

Converting screenshot of site livejournal_com from RGB to GREYSCALE 
Finished conversion of livejournal_com from RGB to GREYSCALE 

Converting screenshot of site fidelity_com from RGB to GREYSCALE 
Finished conversion of fidelity_com from RGB to GREYSCALE 

Converting screenshot of site alodokter_com from RGB to GREYSCALE 
Finished conversion of alodokter_com from RGB to GREYSCALE 

Converting screenshot of site uselnk_com from RGB to GREYSCALE 
Finished conversion of uselnk_com from RGB to GREYSCALE 

Converting screenshot of site citi_com from RGB to GREYSCALE 
Finished conversion of citi_com from RGB to GREYSCALE 

Converting screenshot of site go_com from RGB to GREYSCALE 
Finished conversion of go_com from RGB to GREYSCALE 

Converting screenshot of site gstatic_com from RGB to GREYSCALE 
Finished conversion of gstatic_com from RGB to GREYSCALE 

Converting screenshot of site dmm_co_jp from RGB to GREYSCALE 
Finished conversion of dmm_co_jp from RGB to GREYSCALE 

Converting screenshot of site wsj_com from RGB to GREYSCALE 
Finished conversion of wsj_com from RGB to GREYSCALE 

Converting screenshot of site dell_com from RGB to GREYSCALE 
Finished conversion of dell_com from RGB to GREYSCALE 

Converting screenshot of site bloomberg_com from RGB to GREYSCALE 
Finished conversion of bloomberg_com from RGB to GREYSCALE 

Converting screenshot of site marketwatch_com from RGB to GREYSCALE 
Finished conversion of marketwatch_com from RGB to GREYSCALE 

Converting screenshot of site fedex_com from RGB to GREYSCALE 
Finished conversion of fedex_com from RGB to GREYSCALE 

Converting screenshot of site google_ro from RGB to GREYSCALE 
Finished conversion of google_ro from RGB to GREYSCALE 

Converting screenshot of site mit_edu from RGB to GREYSCALE 
Finished conversion of mit_edu from RGB to GREYSCALE 

Converting screenshot of site crunchyroll_com from RGB to GREYSCALE 
Finished conversion of crunchyroll_com from RGB to GREYSCALE 

Converting screenshot of site google_co_ve from RGB to GREYSCALE 
Finished conversion of google_co_ve from RGB to GREYSCALE 

Converting screenshot of site win-rar_com from RGB to GREYSCALE 
Finished conversion of win-rar_com from RGB to GREYSCALE 

Converting screenshot of site wordreference_com from RGB to GREYSCALE 
Finished conversion of wordreference_com from RGB to GREYSCALE 

Converting screenshot of site coursera_org from RGB to GREYSCALE 
Finished conversion of coursera_org from RGB to GREYSCALE 

Converting screenshot of site surveymonkey_com from RGB to GREYSCALE 
Finished conversion of surveymonkey_com from RGB to GREYSCALE 

Converting screenshot of site cdc_gov from RGB to GREYSCALE 
Finished conversion of cdc_gov from RGB to GREYSCALE 

Converting screenshot of site reuters_com from RGB to GREYSCALE 
Finished conversion of reuters_com from RGB to GREYSCALE 

Converting screenshot of site 81_cn from RGB to GREYSCALE 
Finished conversion of 81_cn from RGB to GREYSCALE 

Converting screenshot of site tutorialspoint_com from RGB to GREYSCALE 
Finished conversion of tutorialspoint_com from RGB to GREYSCALE 

Converting screenshot of site zippyshare_com from RGB to GREYSCALE 
Finished conversion of zippyshare_com from RGB to GREYSCALE 

Converting screenshot of site atlassian_net from RGB to GREYSCALE 
Finished conversion of atlassian_net from RGB to GREYSCALE 

Converting screenshot of site issuu_com from RGB to GREYSCALE 
Finished conversion of issuu_com from RGB to GREYSCALE 

Converting screenshot of site sourceforge_net from RGB to GREYSCALE 
Finished conversion of sourceforge_net from RGB to GREYSCALE 

Converting screenshot of site webmd_com from RGB to GREYSCALE 
Finished conversion of webmd_com from RGB to GREYSCALE 

Converting screenshot of site tencent_com from RGB to GREYSCALE 
Finished conversion of tencent_com from RGB to GREYSCALE 

Converting screenshot of site namu_wiki from RGB to GREYSCALE 
Finished conversion of namu_wiki from RGB to GREYSCALE 

Converting screenshot of site squarespace_com from RGB to GREYSCALE 
Finished conversion of squarespace_com from RGB to GREYSCALE 

Converting screenshot of site sonhoo_com from RGB to GREYSCALE 
Finished conversion of sonhoo_com from RGB to GREYSCALE 

Converting screenshot of site prothomalo_com from RGB to GREYSCALE 
Finished conversion of prothomalo_com from RGB to GREYSCALE 

Converting screenshot of site nike_com from RGB to GREYSCALE 
Finished conversion of nike_com from RGB to GREYSCALE 

Converting screenshot of site mgid_com from RGB to GREYSCALE 
Finished conversion of mgid_com from RGB to GREYSCALE 

Found greyscale version of screenshot. Skipping (id=1475

Converting screenshot of site elwatannews_com from RGB to GREYSCALE 
Finished conversion of elwatannews_com from RGB to GREYSCALE 

Converting screenshot of site ca_gov from RGB to GREYSCALE 
Finished conversion of ca_gov from RGB to GREYSCALE 

Converting screenshot of site eventbrite_com from RGB to GREYSCALE 
Finished conversion of eventbrite_com from RGB to GREYSCALE 

Converting screenshot of site stremanp_com from RGB to GREYSCALE 
Finished conversion of stremanp_com from RGB to GREYSCALE 

Converting screenshot of site usatoday_com from RGB to GREYSCALE 
Finished conversion of usatoday_com from RGB to GREYSCALE 

Converting screenshot of site infobae_com from RGB to GREYSCALE 
Finished conversion of infobae_com from RGB to GREYSCALE 

Converting screenshot of site crptgate_com from RGB to GREYSCALE 
Finished conversion of crptgate_com from RGB to GREYSCALE 

Converting screenshot of site hepsiburada_com from RGB to GREYSCALE 
Finished conversion of hepsiburada_com from RGB to GREYSCALE 

Converting screenshot of site td_com from RGB to GREYSCALE 
Finished conversion of td_com from RGB to GREYSCALE 

Converting screenshot of site mailchimp_com from RGB to GREYSCALE 
Finished conversion of mailchimp_com from RGB to GREYSCALE 

Converting screenshot of site onet_pl from RGB to GREYSCALE 
Finished conversion of onet_pl from RGB to GREYSCALE 

Converting screenshot of site mileroticos_com from RGB to GREYSCALE 
Finished conversion of mileroticos_com from RGB to GREYSCALE 

Converting screenshot of site eksisozluk_com from RGB to GREYSCALE 
Finished conversion of eksisozluk_com from RGB to GREYSCALE 

Converting screenshot of site dbs_com_sg from RGB to GREYSCALE 
Finished conversion of dbs_com_sg from RGB to GREYSCALE 

Converting screenshot of site newstrend_news from RGB to GREYSCALE 
Finished conversion of newstrend_news from RGB to GREYSCALE 

Converting screenshot of site realtor_com from RGB to GREYSCALE 
Finished conversion of realtor_com from RGB to GREYSCALE 

Converting screenshot of site elpais_com from RGB to GREYSCALE 
Finished conversion of elpais_com from RGB to GREYSCALE 

Converting screenshot of site kompasiana_com from RGB to GREYSCALE 
Finished conversion of kompasiana_com from RGB to GREYSCALE 

Converting screenshot of site rediff_com from RGB to GREYSCALE 
Finished conversion of rediff_com from RGB to GREYSCALE 

Converting screenshot of site utorrent_com from RGB to GREYSCALE 
Finished conversion of utorrent_com from RGB to GREYSCALE 

Converting screenshot of site wish_com from RGB to GREYSCALE 
Finished conversion of wish_com from RGB to GREYSCALE 

Converting screenshot of site shopee_tw from RGB to GREYSCALE 
Finished conversion of shopee_tw from RGB to GREYSCALE 

Converting screenshot of site inquirer_net from RGB to GREYSCALE 
Finished conversion of inquirer_net from RGB to GREYSCALE 

Converting screenshot of site zerodha_com from RGB to GREYSCALE 
Finished conversion of zerodha_com from RGB to GREYSCALE 

Converting screenshot of site ria_ru from RGB to GREYSCALE 
Finished conversion of ria_ru from RGB to GREYSCALE 

Converting screenshot of site jamnews_com from RGB to GREYSCALE 
Finished conversion of jamnews_com from RGB to GREYSCALE 

Converting screenshot of site kaskus_co_id from RGB to GREYSCALE 
Finished conversion of kaskus_co_id from RGB to GREYSCALE 

Converting screenshot of site files_wordpress_com from RGB to GREYSCALE 
Finished conversion of files_wordpress_com from RGB to GREYSCALE 

Converting screenshot of site udn_com from RGB to GREYSCALE 
Finished conversion of udn_com from RGB to GREYSCALE 

Converting screenshot of site moneycontrol_com from RGB to GREYSCALE 
Finished conversion of moneycontrol_com from RGB to GREYSCALE 

Converting screenshot of site oracle_com from RGB to GREYSCALE 
Finished conversion of oracle_com from RGB to GREYSCALE 

Converting screenshot of site google_dz from RGB to GREYSCALE 
Finished conversion of google_dz from RGB to GREYSCALE 

Converting screenshot of site norton_com from RGB to GREYSCALE 
Finished conversion of norton_com from RGB to GREYSCALE 

Converting screenshot of site kissanime_ru from RGB to GREYSCALE 
Finished conversion of kissanime_ru from RGB to GREYSCALE 

Converting screenshot of site expedia_com from RGB to GREYSCALE 
Finished conversion of expedia_com from RGB to GREYSCALE 

Converting screenshot of site google_com_pk from RGB to GREYSCALE 
Finished conversion of google_com_pk from RGB to GREYSCALE 

Converting screenshot of site filimo_com from RGB to GREYSCALE 
Finished conversion of filimo_com from RGB to GREYSCALE 

Converting screenshot of site chess_com from RGB to GREYSCALE 
Finished conversion of chess_com from RGB to GREYSCALE 

Converting screenshot of site bancodevenezuela_com from RGB to GREYSCALE 
Finished conversion of bancodevenezuela_com from RGB to GREYSCALE 

Converting screenshot of site motor1_com from RGB to GREYSCALE 
Finished conversion of motor1_com from RGB to GREYSCALE 

Converting screenshot of site n11_com from RGB to GREYSCALE 
Finished conversion of n11_com from RGB to GREYSCALE 

Converting screenshot of site sarkariresult_com from RGB to GREYSCALE 
Finished conversion of sarkariresult_com from RGB to GREYSCALE 

Converting screenshot of site orange_fr from RGB to GREYSCALE 
Finished conversion of orange_fr from RGB to GREYSCALE 

Converting screenshot of site kakaku_com from RGB to GREYSCALE 
Finished conversion of kakaku_com from RGB to GREYSCALE 

Converting screenshot of site leboncoin_fr from RGB to GREYSCALE 
Finished conversion of leboncoin_fr from RGB to GREYSCALE 

Converting screenshot of site wowhead_com from RGB to GREYSCALE 
Finished conversion of wowhead_com from RGB to GREYSCALE 

Converting screenshot of site gsmarena_com from RGB to GREYSCALE 
Finished conversion of gsmarena_com from RGB to GREYSCALE 

Converting screenshot of site accuweather_com from RGB to GREYSCALE 
Finished conversion of accuweather_com from RGB to GREYSCALE 

Converting screenshot of site americanexpress_com from RGB to GREYSCALE 
Finished conversion of americanexpress_com from RGB to GREYSCALE 

Converting screenshot of site dcard_tw from RGB to GREYSCALE 
Finished conversion of dcard_tw from RGB to GREYSCALE 

Converting screenshot of site springer_com from RGB to GREYSCALE 
Finished conversion of springer_com from RGB to GREYSCALE 

Converting screenshot of site trendyol_com from RGB to GREYSCALE 
Finished conversion of trendyol_com from RGB to GREYSCALE 

Converting screenshot of site haofang_net from RGB to GREYSCALE 
Finished conversion of haofang_net from RGB to GREYSCALE 

Converting screenshot of site wp_pl from RGB to GREYSCALE 
Finished conversion of wp_pl from RGB to GREYSCALE 

Converting screenshot of site chegg_com from RGB to GREYSCALE 
Finished conversion of chegg_com from RGB to GREYSCALE 

Converting screenshot of site ebay_com_au from RGB to GREYSCALE 
Finished conversion of ebay_com_au from RGB to GREYSCALE 

Converting screenshot of site youku_com from RGB to GREYSCALE 
Finished conversion of youku_com from RGB to GREYSCALE 

Converting screenshot of site google_cl from RGB to GREYSCALE 
Finished conversion of google_cl from RGB to GREYSCALE 

Converting screenshot of site lifo_gr from RGB to GREYSCALE 
Finished conversion of lifo_gr from RGB to GREYSCALE 

Converting screenshot of site 3dmgame_com from RGB to GREYSCALE 
Finished conversion of 3dmgame_com from RGB to GREYSCALE 

Converting screenshot of site prezi_com from RGB to GREYSCALE 
Finished conversion of prezi_com from RGB to GREYSCALE 

Converting screenshot of site taleo_net from RGB to GREYSCALE 
Finished conversion of taleo_net from RGB to GREYSCALE 

Converting screenshot of site mawdoo3_com from RGB to GREYSCALE 
Finished conversion of mawdoo3_com from RGB to GREYSCALE 

Converting screenshot of site intoday_in from RGB to GREYSCALE 
Finished conversion of intoday_in from RGB to GREYSCALE 

Converting screenshot of site nikkei_com from RGB to GREYSCALE 
Finished conversion of nikkei_com from RGB to GREYSCALE 

Converting screenshot of site deepl_com from RGB to GREYSCALE 
Finished conversion of deepl_com from RGB to GREYSCALE 

Converting screenshot of site amazon_com_mx from RGB to GREYSCALE 
Finished conversion of amazon_com_mx from RGB to GREYSCALE 

Converting screenshot of site douyu_com from RGB to GREYSCALE 
Finished conversion of douyu_com from RGB to GREYSCALE 

Converting screenshot of site justdial_com from RGB to GREYSCALE 
Finished conversion of justdial_com from RGB to GREYSCALE 

Converting screenshot of site wattpad_com from RGB to GREYSCALE 
Finished conversion of wattpad_com from RGB to GREYSCALE 

Converting screenshot of site feedly_com from RGB to GREYSCALE 
Finished conversion of feedly_com from RGB to GREYSCALE 

Converting screenshot of site shopee_co_id from RGB to GREYSCALE 
Finished conversion of shopee_co_id from RGB to GREYSCALE 

Converting screenshot of site rutracker_org from RGB to GREYSCALE 
Finished conversion of rutracker_org from RGB to GREYSCALE 

Converting screenshot of site upwork_com from RGB to GREYSCALE 
Finished conversion of upwork_com from RGB to GREYSCALE 

Converting screenshot of site emol_com from RGB to GREYSCALE 
Finished conversion of emol_com from RGB to GREYSCALE 

Converting screenshot of site duolingo_com from RGB to GREYSCALE 
Finished conversion of duolingo_com from RGB to GREYSCALE 

Converting screenshot of site ivi_ru from RGB to GREYSCALE 
Finished conversion of ivi_ru from RGB to GREYSCALE 

Converting screenshot of site seznam_cz from RGB to GREYSCALE 
Finished conversion of seznam_cz from RGB to GREYSCALE 

Converting screenshot of site scuseami_net from RGB to GREYSCALE 
Finished conversion of scuseami_net from RGB to GREYSCALE 

Converting screenshot of site rezka_ag from RGB to GREYSCALE 
Finished conversion of rezka_ag from RGB to GREYSCALE 

Converting screenshot of site cnbcindonesia_com from RGB to GREYSCALE 
Finished conversion of cnbcindonesia_com from RGB to GREYSCALE 

Converting screenshot of site redtube_com from RGB to GREYSCALE 
Finished conversion of redtube_com from RGB to GREYSCALE 

Converting screenshot of site tempo_co from RGB to GREYSCALE 
Finished conversion of tempo_co from RGB to GREYSCALE 

Converting screenshot of site slickdeals_net from RGB to GREYSCALE 
Finished conversion of slickdeals_net from RGB to GREYSCALE 

Converting screenshot of site efu_com_cn from RGB to GREYSCALE 
Finished conversion of efu_com_cn from RGB to GREYSCALE 

Converting screenshot of site klix_ba from RGB to GREYSCALE 
Finished conversion of klix_ba from RGB to GREYSCALE 

Converting screenshot of site olx_ua from RGB to GREYSCALE 
Finished conversion of olx_ua from RGB to GREYSCALE 

Converting screenshot of site wayfair_com from RGB to GREYSCALE 
Finished conversion of wayfair_com from RGB to GREYSCALE 

Converting screenshot of site tandfonline_com from RGB to GREYSCALE 
Finished conversion of tandfonline_com from RGB to GREYSCALE 

Converting screenshot of site fast_com from RGB to GREYSCALE 
Finished conversion of fast_com from RGB to GREYSCALE 

Converting screenshot of site google_com_co from RGB to GREYSCALE 
Finished conversion of google_com_co from RGB to GREYSCALE 

Converting screenshot of site expressvpn_com from RGB to GREYSCALE 
Finished conversion of expressvpn_com from RGB to GREYSCALE 

Converting screenshot of site rarbg_to from RGB to GREYSCALE 
Finished conversion of rarbg_to from RGB to GREYSCALE 

Converting screenshot of site sozcu_com_tr from RGB to GREYSCALE 
Finished conversion of sozcu_com_tr from RGB to GREYSCALE 

Converting screenshot of site 14nuzznszbdp_com from RGB to GREYSCALE 
Finished conversion of 14nuzznszbdp_com from RGB to GREYSCALE 

Converting screenshot of site medicalnewstoday_com from RGB to GREYSCALE 
Finished conversion of medicalnewstoday_com from RGB to GREYSCALE 

Converting screenshot of site google_az from RGB to GREYSCALE 
Finished conversion of google_az from RGB to GREYSCALE 

Converting screenshot of site ytmp3_cc from RGB to GREYSCALE 
Finished conversion of ytmp3_cc from RGB to GREYSCALE 

Converting screenshot of site memurlar_net from RGB to GREYSCALE 
Finished conversion of memurlar_net from RGB to GREYSCALE 

Converting screenshot of site motorsport_com from RGB to GREYSCALE 
Finished conversion of motorsport_com from RGB to GREYSCALE 

Converting screenshot of site weblio_jp from RGB to GREYSCALE 
Finished conversion of weblio_jp from RGB to GREYSCALE 

Converting screenshot of site coupang_com from RGB to GREYSCALE 
Finished conversion of coupang_com from RGB to GREYSCALE 

Converting screenshot of site epicgames_com from RGB to GREYSCALE 
Finished conversion of epicgames_com from RGB to GREYSCALE 

Converting screenshot of site google_co_za from RGB to GREYSCALE 
Finished conversion of google_co_za from RGB to GREYSCALE 

Converting screenshot of site olx_com_br from RGB to GREYSCALE 
Finished conversion of olx_com_br from RGB to GREYSCALE 

Converting screenshot of site livedoor_jp from RGB to GREYSCALE 
Finished conversion of livedoor_jp from RGB to GREYSCALE 

Converting screenshot of site istockphoto_com from RGB to GREYSCALE 
Finished conversion of istockphoto_com from RGB to GREYSCALE 

Converting screenshot of site agoda_com from RGB to GREYSCALE 
Finished conversion of agoda_com from RGB to GREYSCALE 

Converting screenshot of site ouo_io from RGB to GREYSCALE 
Finished conversion of ouo_io from RGB to GREYSCALE 

Converting screenshot of site brilio_net from RGB to GREYSCALE 
Finished conversion of brilio_net from RGB to GREYSCALE 

Converting screenshot of site alnaharegypt_com from RGB to GREYSCALE 
Finished conversion of alnaharegypt_com from RGB to GREYSCALE 

Converting screenshot of site gmanetwork_com from RGB to GREYSCALE 
Finished conversion of gmanetwork_com from RGB to GREYSCALE 

Converting screenshot of site gamer_com_tw from RGB to GREYSCALE 
Finished conversion of gamer_com_tw from RGB to GREYSCALE 

Converting screenshot of site as_com from RGB to GREYSCALE 
Finished conversion of as_com from RGB to GREYSCALE 

Converting screenshot of site merriam-webster_com from RGB to GREYSCALE 
Finished conversion of merriam-webster_com from RGB to GREYSCALE 

Converting screenshot of site worldometers_info from RGB to GREYSCALE 
Finished conversion of worldometers_info from RGB to GREYSCALE 

Converting screenshot of site coursehero_com from RGB to GREYSCALE 
Finished conversion of coursehero_com from RGB to GREYSCALE 

Converting screenshot of site vidio_com from RGB to GREYSCALE 
Finished conversion of vidio_com from RGB to GREYSCALE 

Converting screenshot of site pchome_com_tw from RGB to GREYSCALE 
Finished conversion of pchome_com_tw from RGB to GREYSCALE 

Converting screenshot of site sdpnoticias_com from RGB to GREYSCALE 
Finished conversion of sdpnoticias_com from RGB to GREYSCALE 

Converting screenshot of site shimo_im from RGB to GREYSCALE 
Finished conversion of shimo_im from RGB to GREYSCALE 

Converting screenshot of site focus_cn from RGB to GREYSCALE 
Finished conversion of focus_cn from RGB to GREYSCALE 

Converting screenshot of site envato_com from RGB to GREYSCALE 
Finished conversion of envato_com from RGB to GREYSCALE 

Converting screenshot of site libero_it from RGB to GREYSCALE 
Finished conversion of libero_it from RGB to GREYSCALE 

Converting screenshot of site nypost_com from RGB to GREYSCALE 
Finished conversion of nypost_com from RGB to GREYSCALE 

Converting screenshot of site milliyet_com_tr from RGB to GREYSCALE 
Finished conversion of milliyet_com_tr from RGB to GREYSCALE 

Converting screenshot of site pixiv_net from RGB to GREYSCALE 
Finished conversion of pixiv_net from RGB to GREYSCALE 

Converting screenshot of site google_com_pe from RGB to GREYSCALE 
Finished conversion of google_com_pe from RGB to GREYSCALE 

Converting screenshot of site disneyplus_com from RGB to GREYSCALE 
Finished conversion of disneyplus_com from RGB to GREYSCALE 

Converting screenshot of site chinaz_com from RGB to GREYSCALE 
Finished conversion of chinaz_com from RGB to GREYSCALE 

Converting screenshot of site iyiou_com from RGB to GREYSCALE 
Finished conversion of iyiou_com from RGB to GREYSCALE 

Converting screenshot of site olx_pl from RGB to GREYSCALE 
Finished conversion of olx_pl from RGB to GREYSCALE 

Converting screenshot of site osskanger_com from RGB to GREYSCALE 
Finished conversion of osskanger_com from RGB to GREYSCALE 

Converting screenshot of site nbcnews_com from RGB to GREYSCALE 
Finished conversion of nbcnews_com from RGB to GREYSCALE 

Converting screenshot of site wiley_com from RGB to GREYSCALE 
Finished conversion of wiley_com from RGB to GREYSCALE 

Converting screenshot of site makemytrip_com from RGB to GREYSCALE 
Finished conversion of makemytrip_com from RGB to GREYSCALE 

Converting screenshot of site elsevier_com from RGB to GREYSCALE 
Finished conversion of elsevier_com from RGB to GREYSCALE 

Converting screenshot of site techradar_com from RGB to GREYSCALE 
Finished conversion of techradar_com from RGB to GREYSCALE 

Converting screenshot of site gusuwang_com from RGB to GREYSCALE 
Finished conversion of gusuwang_com from RGB to GREYSCALE 

Converting screenshot of site rakuten_com from RGB to GREYSCALE 
Finished conversion of rakuten_com from RGB to GREYSCALE 

Converting screenshot of site nicsorts-accarade_com from RGB to GREYSCALE 
Finished conversion of nicsorts-accarade_com from RGB to GREYSCALE 

Converting screenshot of site web_de from RGB to GREYSCALE 
Finished conversion of web_de from RGB to GREYSCALE 

Converting screenshot of site kickstarter_com from RGB to GREYSCALE 
Finished conversion of kickstarter_com from RGB to GREYSCALE 

Converting screenshot of site caixa_gov_br from RGB to GREYSCALE 
Finished conversion of caixa_gov_br from RGB to GREYSCALE 

Converting screenshot of site uptodown_com from RGB to GREYSCALE 
Finished conversion of uptodown_com from RGB to GREYSCALE 

Converting screenshot of site kooora_com from RGB to GREYSCALE 
Finished conversion of kooora_com from RGB to GREYSCALE 

Converting screenshot of site bankmellat_ir from RGB to GREYSCALE 
Finished conversion of bankmellat_ir from RGB to GREYSCALE 

Converting screenshot of site leagueoflegends_com from RGB to GREYSCALE 
Finished conversion of leagueoflegends_com from RGB to GREYSCALE 

Converting screenshot of site yeniakit_com_tr from RGB to GREYSCALE 
Finished conversion of yeniakit_com_tr from RGB to GREYSCALE 

Converting screenshot of site sauwoaptain_com from RGB to GREYSCALE 
Finished conversion of sauwoaptain_com from RGB to GREYSCALE 

Converting screenshot of site rokna_net from RGB to GREYSCALE 
Finished conversion of rokna_net from RGB to GREYSCALE 

Converting screenshot of site npr_org from RGB to GREYSCALE 
Finished conversion of npr_org from RGB to GREYSCALE 

Converting screenshot of site livescore_com from RGB to GREYSCALE 
Finished conversion of livescore_com from RGB to GREYSCALE 

Converting screenshot of site britannica_com from RGB to GREYSCALE 
Finished conversion of britannica_com from RGB to GREYSCALE 

Converting screenshot of site americanas_com_br from RGB to GREYSCALE 
Finished conversion of americanas_com_br from RGB to GREYSCALE 

Converting screenshot of site macys_com from RGB to GREYSCALE 
Finished conversion of macys_com from RGB to GREYSCALE 

Converting screenshot of site ceconline_com from RGB to GREYSCALE 
Finished conversion of ceconline_com from RGB to GREYSCALE 

Converting screenshot of site aksam_com_tr from RGB to GREYSCALE 
Finished conversion of aksam_com_tr from RGB to GREYSCALE 

Converting screenshot of site enimerotiko_gr from RGB to GREYSCALE 
Finished conversion of enimerotiko_gr from RGB to GREYSCALE 

Converting screenshot of site liansuo_com from RGB to GREYSCALE 
Finished conversion of liansuo_com from RGB to GREYSCALE 

Converting screenshot of site bolasport_com from RGB to GREYSCALE 
Finished conversion of bolasport_com from RGB to GREYSCALE 

Converting screenshot of site zomato_com from RGB to GREYSCALE 
Finished conversion of zomato_com from RGB to GREYSCALE 

Converting screenshot of site myway_com from RGB to GREYSCALE 
Finished conversion of myway_com from RGB to GREYSCALE 

Converting screenshot of site playstation_com from RGB to GREYSCALE 
Finished conversion of playstation_com from RGB to GREYSCALE 

Converting screenshot of site 360doc_com from RGB to GREYSCALE 
Finished conversion of 360doc_com from RGB to GREYSCALE 

Converting screenshot of site urdupoint_com from RGB to GREYSCALE 
Finished conversion of urdupoint_com from RGB to GREYSCALE 

Converting screenshot of site toutiao_com from RGB to GREYSCALE 
Finished conversion of toutiao_com from RGB to GREYSCALE 

Converting screenshot of site ih5_cn from RGB to GREYSCALE 
Finished conversion of ih5_cn from RGB to GREYSCALE 

Converting screenshot of site asus_com from RGB to GREYSCALE 
Finished conversion of asus_com from RGB to GREYSCALE 

Converting screenshot of site flickr_com from RGB to GREYSCALE 
Finished conversion of flickr_com from RGB to GREYSCALE 

Converting screenshot of site lenta_ru from RGB to GREYSCALE 
Finished conversion of lenta_ru from RGB to GREYSCALE 

Converting screenshot of site hotels_com from RGB to GREYSCALE 
Finished conversion of hotels_com from RGB to GREYSCALE 

Converting screenshot of site mheducation_com from RGB to GREYSCALE 
Finished conversion of mheducation_com from RGB to GREYSCALE 

Converting screenshot of site gamersky_com from RGB to GREYSCALE 
Finished conversion of gamersky_com from RGB to GREYSCALE 

Converting screenshot of site chron_com from RGB to GREYSCALE 
Finished conversion of chron_com from RGB to GREYSCALE 

Converting screenshot of site list-manage_com from RGB to GREYSCALE 
Finished conversion of list-manage_com from RGB to GREYSCALE 

Converting screenshot of site repubblica_it from RGB to GREYSCALE 
Finished conversion of repubblica_it from RGB to GREYSCALE 

Converting screenshot of site marriott_com from RGB to GREYSCALE 
Finished conversion of marriott_com from RGB to GREYSCALE 

Converting screenshot of site ifeng_com from RGB to GREYSCALE 
Finished conversion of ifeng_com from RGB to GREYSCALE 

Converting screenshot of site uzone_id from RGB to GREYSCALE 
Finished conversion of uzone_id from RGB to GREYSCALE 

Converting screenshot of site zing_vn from RGB to GREYSCALE 
Finished conversion of zing_vn from RGB to GREYSCALE 

Converting screenshot of site news18_com from RGB to GREYSCALE 
Finished conversion of news18_com from RGB to GREYSCALE 

Converting screenshot of site att_com from RGB to GREYSCALE 
Finished conversion of att_com from RGB to GREYSCALE 

Converting screenshot of site goo_ne_jp from RGB to GREYSCALE 
Finished conversion of goo_ne_jp from RGB to GREYSCALE 

Converting screenshot of site europa_eu from RGB to GREYSCALE 
Finished conversion of europa_eu from RGB to GREYSCALE 

Converting screenshot of site amazon_com_br from RGB to GREYSCALE 
Finished conversion of amazon_com_br from RGB to GREYSCALE 

Converting screenshot of site lachapelle_tmall_com from RGB to GREYSCALE 
Finished conversion of lachapelle_tmall_com from RGB to GREYSCALE 

Converting screenshot of site pexels_com from RGB to GREYSCALE 
Finished conversion of pexels_com from RGB to GREYSCALE 

Converting screenshot of site google_ch from RGB to GREYSCALE 
Finished conversion of google_ch from RGB to GREYSCALE 

Converting screenshot of site creditkarma_com from RGB to GREYSCALE 
Finished conversion of creditkarma_com from RGB to GREYSCALE 

Converting screenshot of site herokuapp_com from RGB to GREYSCALE 
Finished conversion of herokuapp_com from RGB to GREYSCALE 

Converting screenshot of site ign_com from RGB to GREYSCALE 
Finished conversion of ign_com from RGB to GREYSCALE 

Converting screenshot of site westernjournal_com from RGB to GREYSCALE 
Finished conversion of westernjournal_com from RGB to GREYSCALE 

Converting screenshot of site free_fr from RGB to GREYSCALE 
Finished conversion of free_fr from RGB to GREYSCALE 

Converting screenshot of site ultimate-guitar_com from RGB to GREYSCALE 
Finished conversion of ultimate-guitar_com from RGB to GREYSCALE 

Converting screenshot of site pandora_com from RGB to GREYSCALE 
Finished conversion of pandora_com from RGB to GREYSCALE 

Converting screenshot of site tsetmc_com from RGB to GREYSCALE 
Finished conversion of tsetmc_com from RGB to GREYSCALE 

Converting screenshot of site ptt_cc from RGB to GREYSCALE 
Finished conversion of ptt_cc from RGB to GREYSCALE 

Converting screenshot of site dictionary_com from RGB to GREYSCALE 
Finished conversion of dictionary_com from RGB to GREYSCALE 

Converting screenshot of site gainreel_tmall_com from RGB to GREYSCALE 
Finished conversion of gainreel_tmall_com from RGB to GREYSCALE 

Converting screenshot of site lining_tmall_com from RGB to GREYSCALE 
Finished conversion of lining_tmall_com from RGB to GREYSCALE 

Converting screenshot of site hh_ru from RGB to GREYSCALE 
Finished conversion of hh_ru from RGB to GREYSCALE 

Converting screenshot of site fadsips_com from RGB to GREYSCALE 
Finished conversion of fadsips_com from RGB to GREYSCALE 

Converting screenshot of site gamespot_com from RGB to GREYSCALE 
Finished conversion of gamespot_com from RGB to GREYSCALE 

Converting screenshot of site dalfak_com from RGB to GREYSCALE 
Finished conversion of dalfak_com from RGB to GREYSCALE 

Converting screenshot of site baike_com from RGB to GREYSCALE 
Finished conversion of baike_com from RGB to GREYSCALE 

Converting screenshot of site jia_tmall_com from RGB to GREYSCALE 
Finished conversion of jia_tmall_com from RGB to GREYSCALE 

Converting screenshot of site dmm_com from RGB to GREYSCALE 
Finished conversion of dmm_com from RGB to GREYSCALE 

Converting screenshot of site segmentfault_com from RGB to GREYSCALE 
Finished conversion of segmentfault_com from RGB to GREYSCALE 

Converting screenshot of site wondershare_com from RGB to GREYSCALE 
Finished conversion of wondershare_com from RGB to GREYSCALE 

Converting screenshot of site narcity_com from RGB to GREYSCALE 
Finished conversion of narcity_com from RGB to GREYSCALE 

Converting screenshot of site myntra_com from RGB to GREYSCALE 
Finished conversion of myntra_com from RGB to GREYSCALE 

Converting screenshot of site ozon_ru from RGB to GREYSCALE 
Finished conversion of ozon_ru from RGB to GREYSCALE 

Converting screenshot of site huffpost_com from RGB to GREYSCALE 
Finished conversion of huffpost_com from RGB to GREYSCALE 

Converting screenshot of site dyson_tmall_com from RGB to GREYSCALE 
Finished conversion of dyson_tmall_com from RGB to GREYSCALE 

Converting screenshot of site nba_com from RGB to GREYSCALE 
Finished conversion of nba_com from RGB to GREYSCALE 

Converting screenshot of site animeflv_net from RGB to GREYSCALE 
Finished conversion of animeflv_net from RGB to GREYSCALE 

Converting screenshot of site yjc_ir from RGB to GREYSCALE 
Finished conversion of yjc_ir from RGB to GREYSCALE 

Converting screenshot of site anta_tmall_com from RGB to GREYSCALE 
Finished conversion of anta_tmall_com from RGB to GREYSCALE 

Converting screenshot of site wordpress_org from RGB to GREYSCALE 
Finished conversion of wordpress_org from RGB to GREYSCALE 

Converting screenshot of site bershka_tmall_com from RGB to GREYSCALE 
Finished conversion of bershka_tmall_com from RGB to GREYSCALE 

Converting screenshot of site mi_com from RGB to GREYSCALE 
Finished conversion of mi_com from RGB to GREYSCALE 

Converting screenshot of site watch_tmall_com from RGB to GREYSCALE 
Finished conversion of watch_tmall_com from RGB to GREYSCALE 

Converting screenshot of site qualtrics_com from RGB to GREYSCALE 
Finished conversion of qualtrics_com from RGB to GREYSCALE 

Converting screenshot of site indiatoday_in from RGB to GREYSCALE 
Finished conversion of indiatoday_in from RGB to GREYSCALE 

Converting screenshot of site baby_tmall_com from RGB to GREYSCALE 
Finished conversion of baby_tmall_com from RGB to GREYSCALE 

Converting screenshot of site nur_kz from RGB to GREYSCALE 
Finished conversion of nur_kz from RGB to GREYSCALE 

Converting screenshot of site royalbank_com from RGB to GREYSCALE 
Finished conversion of royalbank_com from RGB to GREYSCALE 

Converting screenshot of site ticketmaster_com from RGB to GREYSCALE 
Finished conversion of ticketmaster_com from RGB to GREYSCALE 

Converting screenshot of site wiktionary_org from RGB to GREYSCALE 
Finished conversion of wiktionary_org from RGB to GREYSCALE 

Converting screenshot of site nanxie_tmall_com from RGB to GREYSCALE 
Finished conversion of nanxie_tmall_com from RGB to GREYSCALE 

Converting screenshot of site dafont_com from RGB to GREYSCALE 
Finished conversion of dafont_com from RGB to GREYSCALE 

Converting screenshot of site cnki_net from RGB to GREYSCALE 
Finished conversion of cnki_net from RGB to GREYSCALE 

Converting screenshot of site drom_ru from RGB to GREYSCALE 
Finished conversion of drom_ru from RGB to GREYSCALE 

Converting screenshot of site maniform_tmall_com from RGB to GREYSCALE 
Finished conversion of maniform_tmall_com from RGB to GREYSCALE 

Converting screenshot of site hollisterco_tmall_com from RGB to GREYSCALE 
Finished conversion of hollisterco_tmall_com from RGB to GREYSCALE 

Converting screenshot of site nvxie_tmall_com from RGB to GREYSCALE 
Finished conversion of nvxie_tmall_com from RGB to GREYSCALE 

Converting screenshot of site basichouse_tmall_com from RGB to GREYSCALE 
Finished conversion of basichouse_tmall_com from RGB to GREYSCALE 

Converting screenshot of site nike_tmall_com from RGB to GREYSCALE 
Finished conversion of nike_tmall_com from RGB to GREYSCALE 

Converting screenshot of site dcinside_com from RGB to GREYSCALE 
Finished conversion of dcinside_com from RGB to GREYSCALE 

Converting screenshot of site newbalance_tmall_com from RGB to GREYSCALE 
Finished conversion of newbalance_tmall_com from RGB to GREYSCALE 

Converting screenshot of site honeys_tmall_com from RGB to GREYSCALE 
Finished conversion of honeys_tmall_com from RGB to GREYSCALE 

Converting screenshot of site topshop_tmall_com from RGB to GREYSCALE 
Finished conversion of topshop_tmall_com from RGB to GREYSCALE 

Converting screenshot of site livedoor_com from RGB to GREYSCALE 
Finished conversion of livedoor_com from RGB to GREYSCALE 

Converting screenshot of site banggood_com from RGB to GREYSCALE 
Finished conversion of banggood_com from RGB to GREYSCALE 

Converting screenshot of site runoob_com from RGB to GREYSCALE 
Finished conversion of runoob_com from RGB to GREYSCALE 

Converting screenshot of site triumph_tmall_com from RGB to GREYSCALE 
Finished conversion of triumph_tmall_com from RGB to GREYSCALE 

Converting screenshot of site gucn_tmall_com from RGB to GREYSCALE 
Finished conversion of gucn_tmall_com from RGB to GREYSCALE 

Converting screenshot of site study_com from RGB to GREYSCALE 
Finished conversion of study_com from RGB to GREYSCALE 

Converting screenshot of site it_tmall_com from RGB to GREYSCALE 
Finished conversion of it_tmall_com from RGB to GREYSCALE 

Converting screenshot of site timeanddate_com from RGB to GREYSCALE 
Finished conversion of timeanddate_com from RGB to GREYSCALE 

Converting screenshot of site septwolves_tmall_com from RGB to GREYSCALE 
Finished conversion of septwolves_tmall_com from RGB to GREYSCALE 

Converting screenshot of site sports_tmall_com from RGB to GREYSCALE 
Finished conversion of sports_tmall_com from RGB to GREYSCALE 

Converting screenshot of site dagospia_com from RGB to GREYSCALE 
Finished conversion of dagospia_com from RGB to GREYSCALE 

Converting screenshot of site xe_com from RGB to GREYSCALE 
Finished conversion of xe_com from RGB to GREYSCALE 

Converting screenshot of site subscene_com from RGB to GREYSCALE 
Finished conversion of subscene_com from RGB to GREYSCALE 

Converting screenshot of site hamariweb_com from RGB to GREYSCALE 
Finished conversion of hamariweb_com from RGB to GREYSCALE 

Converting screenshot of site eland_tmall_com from RGB to GREYSCALE 
Finished conversion of eland_tmall_com from RGB to GREYSCALE 

Converting screenshot of site esprit_tmall_com from RGB to GREYSCALE 
Finished conversion of esprit_tmall_com from RGB to GREYSCALE 

Converting screenshot of site langsha_tmall_com from RGB to GREYSCALE 
Finished conversion of langsha_tmall_com from RGB to GREYSCALE 

Converting screenshot of site argaam_com from RGB to GREYSCALE 
Finished conversion of argaam_com from RGB to GREYSCALE 

Converting screenshot of site lenovo_com from RGB to GREYSCALE 
Finished conversion of lenovo_com from RGB to GREYSCALE 

Converting screenshot of site zol_com_cn from RGB to GREYSCALE 
Finished conversion of zol_com_cn from RGB to GREYSCALE 

Converting screenshot of site bag_tmall_com from RGB to GREYSCALE 
Finished conversion of bag_tmall_com from RGB to GREYSCALE 

Converting screenshot of site qiannaimei_tmall_com from RGB to GREYSCALE 
Finished conversion of qiannaimei_tmall_com from RGB to GREYSCALE 

Converting screenshot of site peacebird_tmall_com from RGB to GREYSCALE 
Finished conversion of peacebird_tmall_com from RGB to GREYSCALE 

Converting screenshot of site tonlion_tmall_com from RGB to GREYSCALE 
Finished conversion of tonlion_tmall_com from RGB to GREYSCALE 

Converting screenshot of site wt_tmall_com from RGB to GREYSCALE 
Finished conversion of wt_tmall_com from RGB to GREYSCALE 

Converting screenshot of site vseigru_net from RGB to GREYSCALE 
Finished conversion of vseigru_net from RGB to GREYSCALE 

Converting screenshot of site gatustox_net from RGB to GREYSCALE 
Finished conversion of gatustox_net from RGB to GREYSCALE 

Converting screenshot of site t-online_de from RGB to GREYSCALE 
Finished conversion of t-online_de from RGB to GREYSCALE 

Converting screenshot of site rbc_ru from RGB to GREYSCALE 
Finished conversion of rbc_ru from RGB to GREYSCALE 

Converting screenshot of site scofield_tmall_com from RGB to GREYSCALE 
Finished conversion of scofield_tmall_com from RGB to GREYSCALE 

Converting screenshot of site nanzhuang_tmall_com from RGB to GREYSCALE 
Finished conversion of nanzhuang_tmall_com from RGB to GREYSCALE 

Converting screenshot of site forever21_tmall_com from RGB to GREYSCALE 
Finished conversion of forever21_tmall_com from RGB to GREYSCALE 

Converting screenshot of site ibm_com from RGB to GREYSCALE 
Finished conversion of ibm_com from RGB to GREYSCALE 

Converting screenshot of site lafuma_tmall_com from RGB to GREYSCALE 
Finished conversion of lafuma_tmall_com from RGB to GREYSCALE 

Converting screenshot of site dai_tmall_com from RGB to GREYSCALE 
Finished conversion of dai_tmall_com from RGB to GREYSCALE 

Converting screenshot of site la1dwne9cn5c_com from RGB to GREYSCALE 
Finished conversion of la1dwne9cn5c_com from RGB to GREYSCALE 

Converting screenshot of site gmarket_co_kr from RGB to GREYSCALE 
Finished conversion of gmarket_co_kr from RGB to GREYSCALE 

Converting screenshot of site cnbeta_com from RGB to GREYSCALE 
Finished conversion of cnbeta_com from RGB to GREYSCALE 

Converting screenshot of site marksandspencer_tmall_com from RGB to GREYSCALE 
Finished conversion of marksandspencer_tmall_com from RGB to GREYSCALE 

Converting screenshot of site cabbeen_tmall_com from RGB to GREYSCALE 
Finished conversion of cabbeen_tmall_com from RGB to GREYSCALE 

Converting screenshot of site dickies_tmall_com from RGB to GREYSCALE 
Finished conversion of dickies_tmall_com from RGB to GREYSCALE 

Converting screenshot of site mercadolibre_com_ve from RGB to GREYSCALE 
Finished conversion of mercadolibre_com_ve from RGB to GREYSCALE 

Converting screenshot of site ku_tmall_com from RGB to GREYSCALE 
Finished conversion of ku_tmall_com from RGB to GREYSCALE 

Converting screenshot of site earthmusic_tmall_com from RGB to GREYSCALE 
Finished conversion of earthmusic_tmall_com from RGB to GREYSCALE 

Converting screenshot of site semir_tmall_com from RGB to GREYSCALE 
Finished conversion of semir_tmall_com from RGB to GREYSCALE 

Converting screenshot of site hubspot_com from RGB to GREYSCALE 
Finished conversion of hubspot_com from RGB to GREYSCALE 

Converting screenshot of site jackjones_tmall_com from RGB to GREYSCALE 
Finished conversion of jackjones_tmall_com from RGB to GREYSCALE 

Converting screenshot of site discoveryexpedition_tmall_com from RGB to GREYSCALE 
Finished conversion of discoveryexpedition_tmall_com from RGB to GREYSCALE 

Converting screenshot of site rottentomatoes_com from RGB to GREYSCALE 
Finished conversion of rottentomatoes_com from RGB to GREYSCALE 

Converting screenshot of site new3c_tmall_com from RGB to GREYSCALE 
Finished conversion of new3c_tmall_com from RGB to GREYSCALE 

Converting screenshot of site billdesk_com from RGB to GREYSCALE 
Finished conversion of billdesk_com from RGB to GREYSCALE 

Converting screenshot of site harvard_edu from RGB to GREYSCALE 
Finished conversion of harvard_edu from RGB to GREYSCALE 

Converting screenshot of site sputniknews_com from RGB to GREYSCALE 
Finished conversion of sputniknews_com from RGB to GREYSCALE 

Converting screenshot of site jeanswest_tmall_com from RGB to GREYSCALE 
Finished conversion of jeanswest_tmall_com from RGB to GREYSCALE 

Converting screenshot of site epfindia_gov_in from RGB to GREYSCALE 
Finished conversion of epfindia_gov_in from RGB to GREYSCALE 

Converting screenshot of site ekaie_com from RGB to GREYSCALE 
Finished conversion of ekaie_com from RGB to GREYSCALE 

Converting screenshot of site discover_com from RGB to GREYSCALE 
Finished conversion of discover_com from RGB to GREYSCALE 

Converting screenshot of site theverge_com from RGB to GREYSCALE 
Finished conversion of theverge_com from RGB to GREYSCALE 

Converting screenshot of site kayak_com from RGB to GREYSCALE 
Finished conversion of kayak_com from RGB to GREYSCALE 

Converting screenshot of site uidai_gov_in from RGB to GREYSCALE 
Finished conversion of uidai_gov_in from RGB to GREYSCALE 

Converting screenshot of site 123rf_com from RGB to GREYSCALE 
Finished conversion of 123rf_com from RGB to GREYSCALE 

Converting screenshot of site meetup_com from RGB to GREYSCALE 
Finished conversion of meetup_com from RGB to GREYSCALE 

Converting screenshot of site hawaaworld_com from RGB to GREYSCALE 
Finished conversion of hawaaworld_com from RGB to GREYSCALE 

Converting screenshot of site friv_com from RGB to GREYSCALE 
Finished conversion of friv_com from RGB to GREYSCALE 

Converting screenshot of site xero_com from RGB to GREYSCALE 
Finished conversion of xero_com from RGB to GREYSCALE 

Converting screenshot of site kolonsport_tmall_com from RGB to GREYSCALE 
Finished conversion of kolonsport_tmall_com from RGB to GREYSCALE 

Converting screenshot of site uchi_ru from RGB to GREYSCALE 
Finished conversion of uchi_ru from RGB to GREYSCALE 

Converting screenshot of site it168_com from RGB to GREYSCALE 
Finished conversion of it168_com from RGB to GREYSCALE 

Converting screenshot of site impress_co_jp from RGB to GREYSCALE 
Finished conversion of impress_co_jp from RGB to GREYSCALE 

Converting screenshot of site turkiye_gov_tr from RGB to GREYSCALE 
Finished conversion of turkiye_gov_tr from RGB to GREYSCALE 

Converting screenshot of site discogs_com from RGB to GREYSCALE 
Finished conversion of discogs_com from RGB to GREYSCALE 

Converting screenshot of site 58_com from RGB to GREYSCALE 
Finished conversion of 58_com from RGB to GREYSCALE 

Converting screenshot of site fairwhale_tmall_com from RGB to GREYSCALE 
Finished conversion of fairwhale_tmall_com from RGB to GREYSCALE 

Converting screenshot of site imis_tmall_com from RGB to GREYSCALE 
Finished conversion of imis_tmall_com from RGB to GREYSCALE 

Converting screenshot of site google_com_my from RGB to GREYSCALE 
Finished conversion of google_com_my from RGB to GREYSCALE 

Converting screenshot of site gaana_com from RGB to GREYSCALE 
Finished conversion of gaana_com from RGB to GREYSCALE 

Converting screenshot of site bhphotovideo_com from RGB to GREYSCALE 
Finished conversion of bhphotovideo_com from RGB to GREYSCALE 

Converting screenshot of site urfs_tmall_com from RGB to GREYSCALE 
Finished conversion of urfs_tmall_com from RGB to GREYSCALE 

Converting screenshot of site reclameaqui_com_br from RGB to GREYSCALE 
Finished conversion of reclameaqui_com_br from RGB to GREYSCALE 

Converting screenshot of site kknews_cc from RGB to GREYSCALE 
Finished conversion of kknews_cc from RGB to GREYSCALE 

Converting screenshot of site exoclick_com from RGB to GREYSCALE 
Finished conversion of exoclick_com from RGB to GREYSCALE 

Converting screenshot of site jw_org from RGB to GREYSCALE 
Finished conversion of jw_org from RGB to GREYSCALE 

Converting screenshot of site costco_com from RGB to GREYSCALE 
Finished conversion of costco_com from RGB to GREYSCALE 

Converting screenshot of site car_tmall_com from RGB to GREYSCALE 
Finished conversion of car_tmall_com from RGB to GREYSCALE 

Converting screenshot of site google_be from RGB to GREYSCALE 
Finished conversion of google_be from RGB to GREYSCALE 

Converting screenshot of site shopee_vn from RGB to GREYSCALE 
Finished conversion of shopee_vn from RGB to GREYSCALE 

Converting screenshot of site hespress_com from RGB to GREYSCALE 
Finished conversion of hespress_com from RGB to GREYSCALE 

Converting screenshot of site storm_mg from RGB to GREYSCALE 
Finished conversion of storm_mg from RGB to GREYSCALE 

Converting screenshot of site spanishdict_com from RGB to GREYSCALE 
Finished conversion of spanishdict_com from RGB to GREYSCALE 

Converting screenshot of site calvinklein_tmall_com from RGB to GREYSCALE 
Finished conversion of calvinklein_tmall_com from RGB to GREYSCALE 

Converting screenshot of site threegun_tmall_com from RGB to GREYSCALE 
Finished conversion of threegun_tmall_com from RGB to GREYSCALE 

Converting screenshot of site shopify_com from RGB to GREYSCALE 
Finished conversion of shopify_com from RGB to GREYSCALE 

Converting screenshot of site hotmart_com from RGB to GREYSCALE 
Finished conversion of hotmart_com from RGB to GREYSCALE 

Converting screenshot of site asriran_com from RGB to GREYSCALE 
Finished conversion of asriran_com from RGB to GREYSCALE 

Converting screenshot of site book_tmall_com from RGB to GREYSCALE 
Finished conversion of book_tmall_com from RGB to GREYSCALE 

Converting screenshot of site addthis_com from RGB to GREYSCALE 
Finished conversion of addthis_com from RGB to GREYSCALE 

Converting screenshot of site biblegateway_com from RGB to GREYSCALE 
Finished conversion of biblegateway_com from RGB to GREYSCALE 

Converting screenshot of site spiegel_de from RGB to GREYSCALE 
Finished conversion of spiegel_de from RGB to GREYSCALE 

Converting screenshot of site gjirafa_com from RGB to GREYSCALE 
Finished conversion of gjirafa_com from RGB to GREYSCALE 

Converting screenshot of site shouji_tmall_com from RGB to GREYSCALE 
Finished conversion of shouji_tmall_com from RGB to GREYSCALE 

Converting screenshot of site superuser_com from RGB to GREYSCALE 
Finished conversion of superuser_com from RGB to GREYSCALE 

Converting screenshot of site verizonwireless_com from RGB to GREYSCALE 
Finished conversion of verizonwireless_com from RGB to GREYSCALE 

Converting screenshot of site wp_com from RGB to GREYSCALE 
Finished conversion of wp_com from RGB to GREYSCALE 

Converting screenshot of site khabarfarsi_com from RGB to GREYSCALE 
Finished conversion of khabarfarsi_com from RGB to GREYSCALE 

Converting screenshot of site online-convert_com from RGB to GREYSCALE 
Finished conversion of online-convert_com from RGB to GREYSCALE 

Converting screenshot of site banma_com from RGB to GREYSCALE 
Finished conversion of banma_com from RGB to GREYSCALE 

Converting screenshot of site dnevnik_ru from RGB to GREYSCALE 
Finished conversion of dnevnik_ru from RGB to GREYSCALE 

Converting screenshot of site freelancer_com from RGB to GREYSCALE 
Finished conversion of freelancer_com from RGB to GREYSCALE 

Converting screenshot of site freejobalert_com from RGB to GREYSCALE 
Finished conversion of freejobalert_com from RGB to GREYSCALE 

Converting screenshot of site mynet_com from RGB to GREYSCALE 
Finished conversion of mynet_com from RGB to GREYSCALE 

Converting screenshot of site seasonvar_ru from RGB to GREYSCALE 
Finished conversion of seasonvar_ru from RGB to GREYSCALE 

Converting screenshot of site etoro_com from RGB to GREYSCALE 
Finished conversion of etoro_com from RGB to GREYSCALE 

Converting screenshot of site schwab_com from RGB to GREYSCALE 
Finished conversion of schwab_com from RGB to GREYSCALE 

Converting screenshot of site howtogeek_com from RGB to GREYSCALE 
Finished conversion of howtogeek_com from RGB to GREYSCALE 

Converting screenshot of site sabq_org from RGB to GREYSCALE 
Finished conversion of sabq_org from RGB to GREYSCALE 

Converting screenshot of site uber_com from RGB to GREYSCALE 
Finished conversion of uber_com from RGB to GREYSCALE 

Converting screenshot of site crictracker_com from RGB to GREYSCALE 
Finished conversion of crictracker_com from RGB to GREYSCALE 

Converting screenshot of site bild_de from RGB to GREYSCALE 
Finished conversion of bild_de from RGB to GREYSCALE 

Converting screenshot of site 312168_com from RGB to GREYSCALE 
Finished conversion of 312168_com from RGB to GREYSCALE 

Converting screenshot of site bzw315_com from RGB to GREYSCALE 
Finished conversion of bzw315_com from RGB to GREYSCALE 

Converting screenshot of site 52pojie_cn from RGB to GREYSCALE 
Finished conversion of 52pojie_cn from RGB to GREYSCALE 

Converting screenshot of site padlet_com from RGB to GREYSCALE 
Finished conversion of padlet_com from RGB to GREYSCALE 

Converting screenshot of site state_gov from RGB to GREYSCALE 
Finished conversion of state_gov from RGB to GREYSCALE 

Converting screenshot of site epochtimes_com from RGB to GREYSCALE 
Finished conversion of epochtimes_com from RGB to GREYSCALE 

Converting screenshot of site nyaa_si from RGB to GREYSCALE 
Finished conversion of nyaa_si from RGB to GREYSCALE 

Converting screenshot of site pngtree_com from RGB to GREYSCALE 
Finished conversion of pngtree_com from RGB to GREYSCALE 

Converting screenshot of site drudgereport_com from RGB to GREYSCALE 
Finished conversion of drudgereport_com from RGB to GREYSCALE 

Converting screenshot of site bookmyshow_com from RGB to GREYSCALE 
Finished conversion of bookmyshow_com from RGB to GREYSCALE 

Converting screenshot of site donga_com from RGB to GREYSCALE 
Finished conversion of donga_com from RGB to GREYSCALE 

Converting screenshot of site nvidia_com from RGB to GREYSCALE 
Finished conversion of nvidia_com from RGB to GREYSCALE 

Converting screenshot of site myanmarload_com from RGB to GREYSCALE 
Finished conversion of myanmarload_com from RGB to GREYSCALE 

Converting screenshot of site 11st_co_kr from RGB to GREYSCALE 
Finished conversion of 11st_co_kr from RGB to GREYSCALE 

Converting screenshot of site epwk_com from RGB to GREYSCALE 
Finished conversion of epwk_com from RGB to GREYSCALE 

Converting screenshot of site kinogo_by from RGB to GREYSCALE 
Finished conversion of kinogo_by from RGB to GREYSCALE 

Converting screenshot of site nairaland_com from RGB to GREYSCALE 
Finished conversion of nairaland_com from RGB to GREYSCALE 

Converting screenshot of site manyvids_com from RGB to GREYSCALE 
Finished conversion of manyvids_com from RGB to GREYSCALE 

Converting screenshot of site bitly_com from RGB to GREYSCALE 
Finished conversion of bitly_com from RGB to GREYSCALE 

Converting screenshot of site creditonebank_com from RGB to GREYSCALE 
Finished conversion of creditonebank_com from RGB to GREYSCALE 

Converting screenshot of site eastmoney_com from RGB to GREYSCALE 
Finished conversion of eastmoney_com from RGB to GREYSCALE 

Converting screenshot of site google_at from RGB to GREYSCALE 
Finished conversion of google_at from RGB to GREYSCALE 

Converting screenshot of site agah_com from RGB to GREYSCALE 
Finished conversion of agah_com from RGB to GREYSCALE 

Converting screenshot of site ea_com from RGB to GREYSCALE 
Finished conversion of ea_com from RGB to GREYSCALE 

Converting screenshot of site zhibo8_cc from RGB to GREYSCALE 
Finished conversion of zhibo8_cc from RGB to GREYSCALE 

Converting screenshot of site hatenablog_com from RGB to GREYSCALE 
Finished conversion of hatenablog_com from RGB to GREYSCALE 

Converting screenshot of site jooble_org from RGB to GREYSCALE 
Finished conversion of jooble_org from RGB to GREYSCALE 

Converting screenshot of site dw_com from RGB to GREYSCALE 
Finished conversion of dw_com from RGB to GREYSCALE 

Converting screenshot of site google_pt from RGB to GREYSCALE 
Finished conversion of google_pt from RGB to GREYSCALE 

Converting screenshot of site themeforest_net from RGB to GREYSCALE 
Finished conversion of themeforest_net from RGB to GREYSCALE 

Converting screenshot of site kundelik_kz from RGB to GREYSCALE 
Finished conversion of kundelik_kz from RGB to GREYSCALE 

Converting screenshot of site iherb_com from RGB to GREYSCALE 
Finished conversion of iherb_com from RGB to GREYSCALE 

Converting screenshot of site teamviewer_com from RGB to GREYSCALE 
Finished conversion of teamviewer_com from RGB to GREYSCALE 

Converting screenshot of site delta_com from RGB to GREYSCALE 
Finished conversion of delta_com from RGB to GREYSCALE 

Converting screenshot of site depositphotos_com from RGB to GREYSCALE 
Finished conversion of depositphotos_com from RGB to GREYSCALE 

Converting screenshot of site mayoclinic_org from RGB to GREYSCALE 
Finished conversion of mayoclinic_org from RGB to GREYSCALE 

Converting screenshot of site indosport_com from RGB to GREYSCALE 
Finished conversion of indosport_com from RGB to GREYSCALE 

Converting screenshot of site interia_pl from RGB to GREYSCALE 
Finished conversion of interia_pl from RGB to GREYSCALE 

Converting screenshot of site jb51_net from RGB to GREYSCALE 
Finished conversion of jb51_net from RGB to GREYSCALE 

Converting screenshot of site zougla_gr from RGB to GREYSCALE 
Finished conversion of zougla_gr from RGB to GREYSCALE 

Converting screenshot of site gearbest_com from RGB to GREYSCALE 
Finished conversion of gearbest_com from RGB to GREYSCALE 

Converting screenshot of site wease_im from RGB to GREYSCALE 
Finished conversion of wease_im from RGB to GREYSCALE 

Converting screenshot of site kijiji_ca from RGB to GREYSCALE 
Finished conversion of kijiji_ca from RGB to GREYSCALE 

Converting screenshot of site yenisafak_com from RGB to GREYSCALE 
Finished conversion of yenisafak_com from RGB to GREYSCALE 

Converting screenshot of site icloud_com from RGB to GREYSCALE 
Finished conversion of icloud_com from RGB to GREYSCALE 

Converting screenshot of site powerapp_download from RGB to GREYSCALE 
Finished conversion of powerapp_download from RGB to GREYSCALE 

Converting screenshot of site myworkday_com from RGB to GREYSCALE 
Finished conversion of myworkday_com from RGB to GREYSCALE 

Converting screenshot of site azure_com from RGB to GREYSCALE 
Finished conversion of azure_com from RGB to GREYSCALE 

Converting screenshot of site borna_news from RGB to GREYSCALE 
Finished conversion of borna_news from RGB to GREYSCALE 

Converting screenshot of site oschina_net from RGB to GREYSCALE 
Finished conversion of oschina_net from RGB to GREYSCALE 

Converting screenshot of site payu_in from RGB to GREYSCALE 
Finished conversion of payu_in from RGB to GREYSCALE 

Converting screenshot of site hqq_tv from RGB to GREYSCALE 
Finished conversion of hqq_tv from RGB to GREYSCALE 

Converting screenshot of site skroutz_gr from RGB to GREYSCALE 
Finished conversion of skroutz_gr from RGB to GREYSCALE 

Converting screenshot of site southwest_com from RGB to GREYSCALE 
Finished conversion of southwest_com from RGB to GREYSCALE 

Converting screenshot of site house365_com from RGB to GREYSCALE 
Finished conversion of house365_com from RGB to GREYSCALE 

Converting screenshot of site gyazo_com from RGB to GREYSCALE 
Finished conversion of gyazo_com from RGB to GREYSCALE 

Converting screenshot of site chip_de from RGB to GREYSCALE 
Finished conversion of chip_de from RGB to GREYSCALE 

Converting screenshot of site usnews_com from RGB to GREYSCALE 
Finished conversion of usnews_com from RGB to GREYSCALE 

Converting screenshot of site myanimelist_net from RGB to GREYSCALE 
Finished conversion of myanimelist_net from RGB to GREYSCALE 

Converting screenshot of site google_ae from RGB to GREYSCALE 
Finished conversion of google_ae from RGB to GREYSCALE 

Converting screenshot of site v2ex_com from RGB to GREYSCALE 
Finished conversion of v2ex_com from RGB to GREYSCALE 

Converting screenshot of site zhcw_com from RGB to GREYSCALE 
Finished conversion of zhcw_com from RGB to GREYSCALE 

Converting screenshot of site thefreedictionary_com from RGB to GREYSCALE 
Finished conversion of thefreedictionary_com from RGB to GREYSCALE 

Converting screenshot of site minuto30_com from RGB to GREYSCALE 
Finished conversion of minuto30_com from RGB to GREYSCALE 

Converting screenshot of site visualstudio_com from RGB to GREYSCALE 
Finished conversion of visualstudio_com from RGB to GREYSCALE 

Converting screenshot of site fadsabs_com from RGB to GREYSCALE 
Finished conversion of fadsabs_com from RGB to GREYSCALE 

Converting screenshot of site flashscore_com from RGB to GREYSCALE 
Finished conversion of flashscore_com from RGB to GREYSCALE 

Converting screenshot of site fivethirtyeight_com from RGB to GREYSCALE 
Finished conversion of fivethirtyeight_com from RGB to GREYSCALE 

Converting screenshot of site fazenda_gov_br from RGB to GREYSCALE 
Finished conversion of fazenda_gov_br from RGB to GREYSCALE 

Converting screenshot of site ameritrade_com from RGB to GREYSCALE 
Finished conversion of ameritrade_com from RGB to GREYSCALE 

Converting screenshot of site fadsecs_com from RGB to GREYSCALE 
Finished conversion of fadsecs_com from RGB to GREYSCALE 

Converting screenshot of site viva_co_id from RGB to GREYSCALE 
Finished conversion of viva_co_id from RGB to GREYSCALE 

Converting screenshot of site ukr_net from RGB to GREYSCALE 
Finished conversion of ukr_net from RGB to GREYSCALE 

Converting screenshot of site cisco_com from RGB to GREYSCALE 
Finished conversion of cisco_com from RGB to GREYSCALE 

Converting screenshot of site elbotola_com from RGB to GREYSCALE 
Finished conversion of elbotola_com from RGB to GREYSCALE 

Converting screenshot of site consultant_ru from RGB to GREYSCALE 
Finished conversion of consultant_ru from RGB to GREYSCALE 

Converting screenshot of site google_nl from RGB to GREYSCALE 
Finished conversion of google_nl from RGB to GREYSCALE 

Converting screenshot of site sporx_com from RGB to GREYSCALE 
Finished conversion of sporx_com from RGB to GREYSCALE 

Converting screenshot of site bmi_ir from RGB to GREYSCALE 
Finished conversion of bmi_ir from RGB to GREYSCALE 

Converting screenshot of site dreamstime_com from RGB to GREYSCALE 
Finished conversion of dreamstime_com from RGB to GREYSCALE 

Converting screenshot of site farfetch_com from RGB to GREYSCALE 
Finished conversion of farfetch_com from RGB to GREYSCALE 

Converting screenshot of site flaticon_com from RGB to GREYSCALE 
Finished conversion of flaticon_com from RGB to GREYSCALE 

Converting screenshot of site service-now_com from RGB to GREYSCALE 
Finished conversion of service-now_com from RGB to GREYSCALE 

Converting screenshot of site editor_wix_com from RGB to GREYSCALE 
Finished conversion of editor_wix_com from RGB to GREYSCALE 

Converting screenshot of site 3movierulz_sx from RGB to GREYSCALE 
Finished conversion of 3movierulz_sx from RGB to GREYSCALE 

Converting screenshot of site beeg_com from RGB to GREYSCALE 
Finished conversion of beeg_com from RGB to GREYSCALE 

Converting screenshot of site ojooo_com from RGB to GREYSCALE 
Finished conversion of ojooo_com from RGB to GREYSCALE 

Converting screenshot of site cnzz_com from RGB to GREYSCALE 
Finished conversion of cnzz_com from RGB to GREYSCALE 

Converting screenshot of site hi_ru from RGB to GREYSCALE 
Finished conversion of hi_ru from RGB to GREYSCALE 

Converting screenshot of site contehos_com from RGB to GREYSCALE 
Finished conversion of contehos_com from RGB to GREYSCALE 

Converting screenshot of site haberturk_com from RGB to GREYSCALE 
Finished conversion of haberturk_com from RGB to GREYSCALE 

Converting screenshot of site informer_com from RGB to GREYSCALE 
Finished conversion of informer_com from RGB to GREYSCALE 

Converting screenshot of site newegg_com from RGB to GREYSCALE 
Finished conversion of newegg_com from RGB to GREYSCALE 

Converting screenshot of site elcomercio_com from RGB to GREYSCALE 
Finished conversion of elcomercio_com from RGB to GREYSCALE 

Converting screenshot of site www_gov_uk from RGB to GREYSCALE 
Finished conversion of www_gov_uk from RGB to GREYSCALE 

Converting screenshot of site lowes_com from RGB to GREYSCALE 
Finished conversion of lowes_com from RGB to GREYSCALE 

Converting screenshot of site winshang_com from RGB to GREYSCALE 
Finished conversion of winshang_com from RGB to GREYSCALE 

Converting screenshot of site fadslims_com from RGB to GREYSCALE 
Finished conversion of fadslims_com from RGB to GREYSCALE 

Converting screenshot of site trontv_com from RGB to GREYSCALE 
Finished conversion of trontv_com from RGB to GREYSCALE 

Converting screenshot of site neobux_com from RGB to GREYSCALE 
Finished conversion of neobux_com from RGB to GREYSCALE 

Converting screenshot of site bola_net from RGB to GREYSCALE 
Finished conversion of bola_net from RGB to GREYSCALE 

Converting screenshot of site chinanetrank_com from RGB to GREYSCALE 
Finished conversion of chinanetrank_com from RGB to GREYSCALE 

Converting screenshot of site umeng_com from RGB to GREYSCALE 
Finished conversion of umeng_com from RGB to GREYSCALE 

Converting screenshot of site chinachugui_com from RGB to GREYSCALE 
Finished conversion of chinachugui_com from RGB to GREYSCALE 

Converting screenshot of site ntdtv_com from RGB to GREYSCALE 
Finished conversion of ntdtv_com from RGB to GREYSCALE 

Converting screenshot of site joins_com from RGB to GREYSCALE 
Finished conversion of joins_com from RGB to GREYSCALE 

Converting screenshot of site soft98_ir from RGB to GREYSCALE 
Finished conversion of soft98_ir from RGB to GREYSCALE 

Converting screenshot of site farsnews_ir from RGB to GREYSCALE 
Finished conversion of farsnews_ir from RGB to GREYSCALE 

Converting screenshot of site ebay_it from RGB to GREYSCALE 
Finished conversion of ebay_it from RGB to GREYSCALE 

Converting screenshot of site chinayigui_com from RGB to GREYSCALE 
Finished conversion of chinayigui_com from RGB to GREYSCALE 

Converting screenshot of site goal_com from RGB to GREYSCALE 
Finished conversion of goal_com from RGB to GREYSCALE 

Converting screenshot of site teacherspayteachers_com from RGB to GREYSCALE 
Finished conversion of teacherspayteachers_com from RGB to GREYSCALE 

Converting screenshot of site dytt8_net from RGB to GREYSCALE 
Finished conversion of dytt8_net from RGB to GREYSCALE 

Converting screenshot of site sonyliv_com from RGB to GREYSCALE 
Finished conversion of sonyliv_com from RGB to GREYSCALE 

Converting screenshot of site yallakora_com from RGB to GREYSCALE 
Finished conversion of yallakora_com from RGB to GREYSCALE 

Converting screenshot of site sdamgia_ru from RGB to GREYSCALE 
Finished conversion of sdamgia_ru from RGB to GREYSCALE 

Converting screenshot of site sci-hub_tw from RGB to GREYSCALE 
Finished conversion of sci-hub_tw from RGB to GREYSCALE 

Converting screenshot of site mseav_com from RGB to GREYSCALE 
Finished conversion of mseav_com from RGB to GREYSCALE 

Converting screenshot of site chinafloor_cn from RGB to GREYSCALE 
Finished conversion of chinafloor_cn from RGB to GREYSCALE 

Converting screenshot of site duba_com from RGB to GREYSCALE 
Finished conversion of duba_com from RGB to GREYSCALE 

Converting screenshot of site axisbank_com from RGB to GREYSCALE 
Finished conversion of axisbank_com from RGB to GREYSCALE 

Converting screenshot of site uptobox_com from RGB to GREYSCALE 
Finished conversion of uptobox_com from RGB to GREYSCALE 

Converting screenshot of site dream_co_id from RGB to GREYSCALE 
Finished conversion of dream_co_id from RGB to GREYSCALE 

Converting screenshot of site nation_co_ke from RGB to GREYSCALE 
Finished conversion of nation_co_ke from RGB to GREYSCALE 

Converting screenshot of site mos_ru from RGB to GREYSCALE 
Finished conversion of mos_ru from RGB to GREYSCALE 

Converting screenshot of site chinamenwang_com from RGB to GREYSCALE 
Finished conversion of chinamenwang_com from RGB to GREYSCALE 

Converting screenshot of site bleacherreport_com from RGB to GREYSCALE 
Finished conversion of bleacherreport_com from RGB to GREYSCALE 

Converting screenshot of site huim_com from RGB to GREYSCALE 
Finished conversion of huim_com from RGB to GREYSCALE 

Converting screenshot of site world_tmall_com from RGB to GREYSCALE 
Finished conversion of world_tmall_com from RGB to GREYSCALE 

Converting screenshot of site pcbaby_com_cn from RGB to GREYSCALE 
Finished conversion of pcbaby_com_cn from RGB to GREYSCALE 

Converting screenshot of site wunderground_com from RGB to GREYSCALE 
Finished conversion of wunderground_com from RGB to GREYSCALE 

Converting screenshot of site fadsims_com from RGB to GREYSCALE 
Finished conversion of fadsims_com from RGB to GREYSCALE 

Converting screenshot of site gongchang_com from RGB to GREYSCALE 
Finished conversion of gongchang_com from RGB to GREYSCALE 

Converting screenshot of site 360_com from RGB to GREYSCALE 
Finished conversion of 360_com from RGB to GREYSCALE 

Converting screenshot of site kizlarsoruyor_com from RGB to GREYSCALE 
Finished conversion of kizlarsoruyor_com from RGB to GREYSCALE 

Converting screenshot of site mobile_de from RGB to GREYSCALE 
Finished conversion of mobile_de from RGB to GREYSCALE 

Converting screenshot of site pelisplus_me from RGB to GREYSCALE 
Finished conversion of pelisplus_me from RGB to GREYSCALE 

Converting screenshot of site baskino_me from RGB to GREYSCALE 
Finished conversion of baskino_me from RGB to GREYSCALE 

Converting screenshot of site hk01_com from RGB to GREYSCALE 
Finished conversion of hk01_com from RGB to GREYSCALE 

Converting screenshot of site mfisp_com from RGB to GREYSCALE 
Finished conversion of mfisp_com from RGB to GREYSCALE 

Converting screenshot of site ali213_net from RGB to GREYSCALE 
Finished conversion of ali213_net from RGB to GREYSCALE 

Converting screenshot of site getpocket_com from RGB to GREYSCALE 
Finished conversion of getpocket_com from RGB to GREYSCALE 

Converting screenshot of site fararu_com from RGB to GREYSCALE 
Finished conversion of fararu_com from RGB to GREYSCALE 

Converting screenshot of site afip_gob_ar from RGB to GREYSCALE 
Finished conversion of afip_gob_ar from RGB to GREYSCALE 

Converting screenshot of site jia400_com from RGB to GREYSCALE 
Finished conversion of jia400_com from RGB to GREYSCALE 

Converting screenshot of site manganelo_com from RGB to GREYSCALE 
Finished conversion of manganelo_com from RGB to GREYSCALE 

Converting screenshot of site dawn_com from RGB to GREYSCALE 
Finished conversion of dawn_com from RGB to GREYSCALE 

Converting screenshot of site 258_com from RGB to GREYSCALE 
Finished conversion of 258_com from RGB to GREYSCALE 

Converting screenshot of site chaduo_com from RGB to GREYSCALE 
Finished conversion of chaduo_com from RGB to GREYSCALE 

Converting screenshot of site to8to_com from RGB to GREYSCALE 
Finished conversion of to8to_com from RGB to GREYSCALE 

Converting screenshot of site intel_com from RGB to GREYSCALE 
Finished conversion of intel_com from RGB to GREYSCALE 

Converting screenshot of site abril_com_br from RGB to GREYSCALE 
Finished conversion of abril_com_br from RGB to GREYSCALE 

Converting screenshot of site urbandictionary_com from RGB to GREYSCALE 
Finished conversion of urbandictionary_com from RGB to GREYSCALE 

Converting screenshot of site pikabu_ru from RGB to GREYSCALE 
Finished conversion of pikabu_ru from RGB to GREYSCALE 

Converting screenshot of site emofid_com from RGB to GREYSCALE 
Finished conversion of emofid_com from RGB to GREYSCALE 

Converting screenshot of site 4chan_org from RGB to GREYSCALE 
Finished conversion of 4chan_org from RGB to GREYSCALE 

Converting screenshot of site pantip_com from RGB to GREYSCALE 
Finished conversion of pantip_com from RGB to GREYSCALE 

Converting screenshot of site folha_uol_com_br from RGB to GREYSCALE 
Finished conversion of folha_uol_com_br from RGB to GREYSCALE 

Converting screenshot of site zara_com from RGB to GREYSCALE 
Finished conversion of zara_com from RGB to GREYSCALE 

Converting screenshot of site over-blog_com from RGB to GREYSCALE 
Finished conversion of over-blog_com from RGB to GREYSCALE 

Converting screenshot of site google_com from RGB to GREYSCALE 
Finished conversion of google_com from RGB to GREYSCALE 

Converting screenshot of site youtube_com from RGB to GREYSCALE 
Finished conversion of youtube_com from RGB to GREYSCALE 

Converting screenshot of site ndtv_com from RGB to GREYSCALE 
Finished conversion of ndtv_com from RGB to GREYSCALE 

Converting screenshot of site lun_com from RGB to GREYSCALE 
Finished conversion of lun_com from RGB to GREYSCALE 

Converting screenshot of site canada_ca from RGB to GREYSCALE 
Finished conversion of canada_ca from RGB to GREYSCALE 

Converting screenshot of site elyamnelaraby_com from RGB to GREYSCALE 
Finished conversion of elyamnelaraby_com from RGB to GREYSCALE 

Converting screenshot of site yandex_com from RGB to GREYSCALE 
Finished conversion of yandex_com from RGB to GREYSCALE 

Converting screenshot of site paytm_com from RGB to GREYSCALE 
Finished conversion of paytm_com from RGB to GREYSCALE 

Converting screenshot of site autodesk_com from RGB to GREYSCALE 
Finished conversion of autodesk_com from RGB to GREYSCALE 

Converting screenshot of site hm_com from RGB to GREYSCALE 
Finished conversion of hm_com from RGB to GREYSCALE 

Converting screenshot of site huaban_com from RGB to GREYSCALE 
Finished conversion of huaban_com from RGB to GREYSCALE 

