2020-03-08 13:53:50.876582

Converting screenshot of site tmall_com from RGB to GREYSCALEFinished conversion of tmall_com from RGB to GREYSCALE 

Converting screenshot of site qq_com from RGB to GREYSCALEFinished conversion of qq_com from RGB to GREYSCALE 

Converting screenshot of site baidu_com from RGB to GREYSCALEFinished conversion of baidu_com from RGB to GREYSCALE 

Converting screenshot of site facebook_com from RGB to GREYSCALEFinished conversion of facebook_com from RGB to GREYSCALE 

Converting screenshot of site sohu_com from RGB to GREYSCALEFinished conversion of sohu_com from RGB to GREYSCALE 

Converting screenshot of site login_tmall_com from RGB to GREYSCALEFinished conversion of login_tmall_com from RGB to GREYSCALE 

Converting screenshot of site taobao_com from RGB to GREYSCALEFinished conversion of taobao_com from RGB to GREYSCALE 

Converting screenshot of site 360_cn from RGB to GREYSCALEFinished conversion of 360_cn from RGB to GREYSCALE 

Converting screenshot of site jd_com from RGB to GREYSCALEFinished conversion of jd_com from RGB to GREYSCALE 

Converting screenshot of site yahoo_com from RGB to GREYSCALEFinished conversion of yahoo_com from RGB to GREYSCALE 

Converting screenshot of site wikipedia_org from RGB to GREYSCALEFinished conversion of wikipedia_org from RGB to GREYSCALE 

Converting screenshot of site amazon_com from RGB to GREYSCALEFinished conversion of amazon_com from RGB to GREYSCALE 

Converting screenshot of site sina_com_cn from RGB to GREYSCALEFinished conversion of sina_com_cn from RGB to GREYSCALE 

Converting screenshot of site weibo_com from RGB to GREYSCALEFinished conversion of weibo_com from RGB to GREYSCALE 

Converting screenshot of site pages_tmall_com from RGB to GREYSCALEFinished conversion of pages_tmall_com from RGB to GREYSCALE 

Converting screenshot of site reddit_com from RGB to GREYSCALEFinished conversion of reddit_com from RGB to GREYSCALE 

Converting screenshot of site live_com from RGB to GREYSCALEFinished conversion of live_com from RGB to GREYSCALE 

Converting screenshot of site vk_com from RGB to GREYSCALEFinished conversion of vk_com from RGB to GREYSCALE 

Converting screenshot of site xinhuanet_com from RGB to GREYSCALEFinished conversion of xinhuanet_com from RGB to GREYSCALE 

Converting screenshot of site okezone_com from RGB to GREYSCALEFinished conversion of okezone_com from RGB to GREYSCALE 

Converting screenshot of site netflix_com from RGB to GREYSCALEFinished conversion of netflix_com from RGB to GREYSCALE 

Converting screenshot of site blogspot_com from RGB to GREYSCALEFinished conversion of blogspot_com from RGB to GREYSCALE 

Converting screenshot of site csdn_net from RGB to GREYSCALEFinished conversion of csdn_net from RGB to GREYSCALE 

Converting screenshot of site alipay_com from RGB to GREYSCALEFinished conversion of alipay_com from RGB to GREYSCALE 

Converting screenshot of site office_com from RGB to GREYSCALEFinished conversion of office_com from RGB to GREYSCALE 

Converting screenshot of site yahoo_co_jp from RGB to GREYSCALEFinished conversion of yahoo_co_jp from RGB to GREYSCALE 

Converting screenshot of site instagram_com from RGB to GREYSCALEFinished conversion of instagram_com from RGB to GREYSCALE 

Converting screenshot of site bongacams_com from RGB to GREYSCALEFinished conversion of bongacams_com from RGB to GREYSCALE 

Converting screenshot of site bing_com from RGB to GREYSCALEFinished conversion of bing_com from RGB to GREYSCALE 

Converting screenshot of site twitch_tv from RGB to GREYSCALEFinished conversion of twitch_tv from RGB to GREYSCALE 

Converting screenshot of site microsoft_com from RGB to GREYSCALEFinished conversion of microsoft_com from RGB to GREYSCALE 

Converting screenshot of site google_com_hk from RGB to GREYSCALEFinished conversion of google_com_hk from RGB to GREYSCALE 

Converting screenshot of site panda_tv from RGB to GREYSCALEFinished conversion of panda_tv from RGB to GREYSCALE 

Converting screenshot of site naver_com from RGB to GREYSCALEFinished conversion of naver_com from RGB to GREYSCALE 

Converting screenshot of site zhanqi_tv from RGB to GREYSCALEFinished conversion of zhanqi_tv from RGB to GREYSCALE 

Converting screenshot of site livejasmin_com from RGB to GREYSCALEFinished conversion of livejasmin_com from RGB to GREYSCALE 

Converting screenshot of site stackoverflow_com from RGB to GREYSCALEFinished conversion of stackoverflow_com from RGB to GREYSCALE 

Converting screenshot of site google_co_in from RGB to GREYSCALEFinished conversion of google_co_in from RGB to GREYSCALE 

Converting screenshot of site tribunnews_com from RGB to GREYSCALEFinished conversion of tribunnews_com from RGB to GREYSCALE 

Converting screenshot of site china_com_cn from RGB to GREYSCALEFinished conversion of china_com_cn from RGB to GREYSCALE 

Converting screenshot of site aliexpress_com from RGB to GREYSCALEFinished conversion of aliexpress_com from RGB to GREYSCALE 

Converting screenshot of site tianya_cn from RGB to GREYSCALEFinished conversion of tianya_cn from RGB to GREYSCALE 

Converting screenshot of site ebay_com from RGB to GREYSCALEFinished conversion of ebay_com from RGB to GREYSCALE 

Converting screenshot of site amazon_co_jp from RGB to GREYSCALEFinished conversion of amazon_co_jp from RGB to GREYSCALE 

Converting screenshot of site mama_cn from RGB to GREYSCALEFinished conversion of mama_cn from RGB to GREYSCALE 

Converting screenshot of site twitter_com from RGB to GREYSCALEFinished conversion of twitter_com from RGB to GREYSCALE 

Converting screenshot of site myshopify_com from RGB to GREYSCALEFinished conversion of myshopify_com from RGB to GREYSCALE 

Converting screenshot of site amazon_in from RGB to GREYSCALEFinished conversion of amazon_in from RGB to GREYSCALE 

Converting screenshot of site ok_ru from RGB to GREYSCALEFinished conversion of ok_ru from RGB to GREYSCALE 

Converting screenshot of site msn_com from RGB to GREYSCALEFinished conversion of msn_com from RGB to GREYSCALE 

Converting screenshot of site pornhub_com from RGB to GREYSCALEFinished conversion of pornhub_com from RGB to GREYSCALE 

Converting screenshot of site yandex_ru from RGB to GREYSCALEFinished conversion of yandex_ru from RGB to GREYSCALE 

Converting screenshot of site linkedin_com from RGB to GREYSCALEFinished conversion of linkedin_com from RGB to GREYSCALE 

Converting screenshot of site apple_com from RGB to GREYSCALEFinished conversion of apple_com from RGB to GREYSCALE 

Converting screenshot of site adobe_com from RGB to GREYSCALEFinished conversion of adobe_com from RGB to GREYSCALE 

Converting screenshot of site wordpress_com from RGB to GREYSCALEFinished conversion of wordpress_com from RGB to GREYSCALE 

Converting screenshot of site mail_ru from RGB to GREYSCALEFinished conversion of mail_ru from RGB to GREYSCALE 

Converting screenshot of site github_com from RGB to GREYSCALEFinished conversion of github_com from RGB to GREYSCALE 

Converting screenshot of site dropbox_com from RGB to GREYSCALEFinished conversion of dropbox_com from RGB to GREYSCALE 

Converting screenshot of site huanqiu_com from RGB to GREYSCALEFinished conversion of huanqiu_com from RGB to GREYSCALE 

Converting screenshot of site imdb_com from RGB to GREYSCALEFinished conversion of imdb_com from RGB to GREYSCALE 

Converting screenshot of site google_com_br from RGB to GREYSCALEFinished conversion of google_com_br from RGB to GREYSCALE 

Converting screenshot of site yy_com from RGB to GREYSCALEFinished conversion of yy_com from RGB to GREYSCALE 

Converting screenshot of site google_co_jp from RGB to GREYSCALEFinished conversion of google_co_jp from RGB to GREYSCALE 

Converting screenshot of site bilibili_com from RGB to GREYSCALEFinished conversion of bilibili_com from RGB to GREYSCALE 

Converting screenshot of site sogou_com from RGB to GREYSCALEFinished conversion of sogou_com from RGB to GREYSCALE 

Converting screenshot of site aparat_com from RGB to GREYSCALEFinished conversion of aparat_com from RGB to GREYSCALE 

Converting screenshot of site detail_tmall_com from RGB to GREYSCALEFinished conversion of detail_tmall_com from RGB to GREYSCALE 

Converting screenshot of site 17ok_com from RGB to GREYSCALEFinished conversion of 17ok_com from RGB to GREYSCALE 

Converting screenshot of site booking_com from RGB to GREYSCALEFinished conversion of booking_com from RGB to GREYSCALE 

Converting screenshot of site bbc_com from RGB to GREYSCALEFinished conversion of bbc_com from RGB to GREYSCALE 

Converting screenshot of site xvideos_com from RGB to GREYSCALEFinished conversion of xvideos_com from RGB to GREYSCALE 

Converting screenshot of site detik_com from RGB to GREYSCALEFinished conversion of detik_com from RGB to GREYSCALE 

Converting screenshot of site chaturbate_com from RGB to GREYSCALEFinished conversion of chaturbate_com from RGB to GREYSCALE 

Converting screenshot of site spotify_com from RGB to GREYSCALEFinished conversion of spotify_com from RGB to GREYSCALE 

Converting screenshot of site cnn_com from RGB to GREYSCALEFinished conversion of cnn_com from RGB to GREYSCALE 

Converting screenshot of site amazonaws_com from RGB to GREYSCALEFinished conversion of amazonaws_com from RGB to GREYSCALE 

Converting screenshot of site whatsapp_com from RGB to GREYSCALEFinished conversion of whatsapp_com from RGB to GREYSCALE 

Converting screenshot of site nytimes_com from RGB to GREYSCALEFinished conversion of nytimes_com from RGB to GREYSCALE 

Converting screenshot of site amazon_de from RGB to GREYSCALEFinished conversion of amazon_de from RGB to GREYSCALE 

Converting screenshot of site babytree_com from RGB to GREYSCALEFinished conversion of babytree_com from RGB to GREYSCALE 

Converting screenshot of site ettoday_net from RGB to GREYSCALEFinished conversion of ettoday_net from RGB to GREYSCALE 

Converting screenshot of site google_de from RGB to GREYSCALEFinished conversion of google_de from RGB to GREYSCALE 

Converting screenshot of site instructure_com from RGB to GREYSCALEFinished conversion of instructure_com from RGB to GREYSCALE 

Converting screenshot of site grid_id from RGB to GREYSCALEFinished conversion of grid_id from RGB to GREYSCALE 

Converting screenshot of site hao123_com from RGB to GREYSCALEFinished conversion of hao123_com from RGB to GREYSCALE 

Converting screenshot of site jrj_com_cn from RGB to GREYSCALEFinished conversion of jrj_com_cn from RGB to GREYSCALE 

Converting screenshot of site rakuten_co_jp from RGB to GREYSCALEFinished conversion of rakuten_co_jp from RGB to GREYSCALE 

Converting screenshot of site amazon_co_uk from RGB to GREYSCALEFinished conversion of amazon_co_uk from RGB to GREYSCALE 

Converting screenshot of site pixnet_net from RGB to GREYSCALEFinished conversion of pixnet_net from RGB to GREYSCALE 

Converting screenshot of site tumblr_com from RGB to GREYSCALEFinished conversion of tumblr_com from RGB to GREYSCALE 

Converting screenshot of site indeed_com from RGB to GREYSCALEFinished conversion of indeed_com from RGB to GREYSCALE 

Converting screenshot of site soundcloud_com from RGB to GREYSCALEFinished conversion of soundcloud_com from RGB to GREYSCALE 

Converting screenshot of site imgur_com from RGB to GREYSCALEFinished conversion of imgur_com from RGB to GREYSCALE 

Converting screenshot of site kompas_com from RGB to GREYSCALEFinished conversion of kompas_com from RGB to GREYSCALE 

Converting screenshot of site google_ru from RGB to GREYSCALEFinished conversion of google_ru from RGB to GREYSCALE 

Converting screenshot of site onlinesbi_com from RGB to GREYSCALEFinished conversion of onlinesbi_com from RGB to GREYSCALE 

Converting screenshot of site google_fr from RGB to GREYSCALEFinished conversion of google_fr from RGB to GREYSCALE 

Converting screenshot of site medium_com from RGB to GREYSCALEFinished conversion of medium_com from RGB to GREYSCALE 

Converting screenshot of site google_it from RGB to GREYSCALEFinished conversion of google_it from RGB to GREYSCALE 

Converting screenshot of site xhamster_com from RGB to GREYSCALEFinished conversion of xhamster_com from RGB to GREYSCALE 

Converting screenshot of site stackexchange_com from RGB to GREYSCALEFinished conversion of stackexchange_com from RGB to GREYSCALE 

Converting screenshot of site fandom_com from RGB to GREYSCALEFinished conversion of fandom_com from RGB to GREYSCALE 

Converting screenshot of site canva_com from RGB to GREYSCALEFinished conversion of canva_com from RGB to GREYSCALE 

Converting screenshot of site paypal_com from RGB to GREYSCALEFinished conversion of paypal_com from RGB to GREYSCALE 

Converting screenshot of site google_es from RGB to GREYSCALEFinished conversion of google_es from RGB to GREYSCALE 

Converting screenshot of site google_cn from RGB to GREYSCALEFinished conversion of google_cn from RGB to GREYSCALE 

Converting screenshot of site roblox_com from RGB to GREYSCALEFinished conversion of roblox_com from RGB to GREYSCALE 

Converting screenshot of site thestartmagazine_com from RGB to GREYSCALEFinished conversion of thestartmagazine_com from RGB to GREYSCALE 

Converting screenshot of site bbc_co_uk from RGB to GREYSCALEFinished conversion of bbc_co_uk from RGB to GREYSCALE 

Converting screenshot of site flipkart_com from RGB to GREYSCALEFinished conversion of flipkart_com from RGB to GREYSCALE 

Converting screenshot of site force_com from RGB to GREYSCALEFinished conversion of force_com from RGB to GREYSCALE 

Converting screenshot of site globo_com from RGB to GREYSCALEFinished conversion of globo_com from RGB to GREYSCALE 

Converting screenshot of site 1688_com from RGB to GREYSCALEFinished conversion of 1688_com from RGB to GREYSCALE 

Converting screenshot of site liputan6_com from RGB to GREYSCALEFinished conversion of liputan6_com from RGB to GREYSCALE 

Converting screenshot of site espn_com from RGB to GREYSCALEFinished conversion of espn_com from RGB to GREYSCALE 

Converting screenshot of site soso_com from RGB to GREYSCALEFinished conversion of soso_com from RGB to GREYSCALE 

Converting screenshot of site freepik_com from RGB to GREYSCALEFinished conversion of freepik_com from RGB to GREYSCALE 

Converting screenshot of site nih_gov from RGB to GREYSCALEFinished conversion of nih_gov from RGB to GREYSCALE 

Converting screenshot of site indiatimes_com from RGB to GREYSCALEFinished conversion of indiatimes_com from RGB to GREYSCALE 

Converting screenshot of site yao_tmall_com from RGB to GREYSCALEFinished conversion of yao_tmall_com from RGB to GREYSCALE 

Converting screenshot of site theguardian_com from RGB to GREYSCALEFinished conversion of theguardian_com from RGB to GREYSCALE 

Converting screenshot of site digikala_com from RGB to GREYSCALEFinished conversion of digikala_com from RGB to GREYSCALE 

Converting screenshot of site discordapp_com from RGB to GREYSCALEFinished conversion of discordapp_com from RGB to GREYSCALE 

Converting screenshot of site udemy_com from RGB to GREYSCALEFinished conversion of udemy_com from RGB to GREYSCALE 

Converting screenshot of site sindonews_com from RGB to GREYSCALEFinished conversion of sindonews_com from RGB to GREYSCALE 

Converting screenshot of site trello_com from RGB to GREYSCALEFinished conversion of trello_com from RGB to GREYSCALE 

Converting screenshot of site shutterstock_com from RGB to GREYSCALEFinished conversion of shutterstock_com from RGB to GREYSCALE 

Converting screenshot of site slideshare_net from RGB to GREYSCALEFinished conversion of slideshare_net from RGB to GREYSCALE 

Converting screenshot of site intuit_com from RGB to GREYSCALEFinished conversion of intuit_com from RGB to GREYSCALE 

Converting screenshot of site cnblogs_com from RGB to GREYSCALEFinished conversion of cnblogs_com from RGB to GREYSCALE 

Converting screenshot of site google_com_mx from RGB to GREYSCALEFinished conversion of google_com_mx from RGB to GREYSCALE 

Converting screenshot of site google_com_tw from RGB to GREYSCALEFinished conversion of google_com_tw from RGB to GREYSCALE 

Converting screenshot of site chase_com from RGB to GREYSCALEFinished conversion of chase_com from RGB to GREYSCALE 

Converting screenshot of site so_com from RGB to GREYSCALEFinished conversion of so_com from RGB to GREYSCALE 

Converting screenshot of site etsy_com from RGB to GREYSCALEFinished conversion of etsy_com from RGB to GREYSCALE 

Converting screenshot of site office365_com from RGB to GREYSCALEFinished conversion of office365_com from RGB to GREYSCALE 

Converting screenshot of site wetransfer_com from RGB to GREYSCALEFinished conversion of wetransfer_com from RGB to GREYSCALE 

Converting screenshot of site zhihu_com from RGB to GREYSCALEFinished conversion of zhihu_com from RGB to GREYSCALE 

Converting screenshot of site 6_cn from RGB to GREYSCALEFinished conversion of 6_cn from RGB to GREYSCALE 

Converting screenshot of site uol_com_br from RGB to GREYSCALEFinished conversion of uol_com_br from RGB to GREYSCALE 

Converting screenshot of site gome_com_cn from RGB to GREYSCALEFinished conversion of gome_com_cn from RGB to GREYSCALE 

Converting screenshot of site savefrom_net from RGB to GREYSCALEFinished conversion of savefrom_net from RGB to GREYSCALE 

Converting screenshot of site iqoption_com from RGB to GREYSCALEFinished conversion of iqoption_com from RGB to GREYSCALE 

Converting screenshot of site gmw_cn from RGB to GREYSCALEFinished conversion of gmw_cn from RGB to GREYSCALE 

Converting screenshot of site researchgate_net from RGB to GREYSCALEFinished conversion of researchgate_net from RGB to GREYSCALE 

Converting screenshot of site youm7_com from RGB to GREYSCALEFinished conversion of youm7_com from RGB to GREYSCALE 

Converting screenshot of site google_co_uk from RGB to GREYSCALEFinished conversion of google_co_uk from RGB to GREYSCALE 

Converting screenshot of site google_com_tr from RGB to GREYSCALEFinished conversion of google_com_tr from RGB to GREYSCALE 

Converting screenshot of site ltn_com_tw from RGB to GREYSCALEFinished conversion of ltn_com_tw from RGB to GREYSCALE 

Converting screenshot of site google_com_sg from RGB to GREYSCALEFinished conversion of google_com_sg from RGB to GREYSCALE 

Converting screenshot of site pinterest_com from RGB to GREYSCALEFinished conversion of pinterest_com from RGB to GREYSCALE 

Converting screenshot of site daum_net from RGB to GREYSCALEFinished conversion of daum_net from RGB to GREYSCALE 

Converting screenshot of site alibaba_com from RGB to GREYSCALEFinished conversion of alibaba_com from RGB to GREYSCALE 

Converting screenshot of site mercadolivre_com_br from RGB to GREYSCALEFinished conversion of mercadolivre_com_br from RGB to GREYSCALE 

Converting screenshot of site iqiyi_com from RGB to GREYSCALEFinished conversion of iqiyi_com from RGB to GREYSCALE 

Converting screenshot of site salesforce_com from RGB to GREYSCALEFinished conversion of salesforce_com from RGB to GREYSCALE 

Converting screenshot of site avito_ru from RGB to GREYSCALEFinished conversion of avito_ru from RGB to GREYSCALE 

Converting screenshot of site varzesh3_com from RGB to GREYSCALEFinished conversion of varzesh3_com from RGB to GREYSCALE 

Converting screenshot of site primevideo_com from RGB to GREYSCALEFinished conversion of primevideo_com from RGB to GREYSCALE 

Converting screenshot of site walmart_com from RGB to GREYSCALEFinished conversion of walmart_com from RGB to GREYSCALE 

Converting screenshot of site craigslist_org from RGB to GREYSCALEFinished conversion of craigslist_org from RGB to GREYSCALE 

Converting screenshot of site cnet_com from RGB to GREYSCALEFinished conversion of cnet_com from RGB to GREYSCALE 

Converting screenshot of site bukalapak_com from RGB to GREYSCALEFinished conversion of bukalapak_com from RGB to GREYSCALE 

Converting screenshot of site archive_org from RGB to GREYSCALEFinished conversion of archive_org from RGB to GREYSCALE 

Converting screenshot of site wikihow_com from RGB to GREYSCALEFinished conversion of wikihow_com from RGB to GREYSCALE 

Converting screenshot of site aliyun_com from RGB to GREYSCALEFinished conversion of aliyun_com from RGB to GREYSCALE 

Converting screenshot of site grammarly_com from RGB to GREYSCALEFinished conversion of grammarly_com from RGB to GREYSCALE 

Converting screenshot of site duckduckgo_com from RGB to GREYSCALEFinished conversion of duckduckgo_com from RGB to GREYSCALE 

Converting screenshot of site bet9ja_com from RGB to GREYSCALEFinished conversion of bet9ja_com from RGB to GREYSCALE 

Converting screenshot of site w3schools_com from RGB to GREYSCALEFinished conversion of w3schools_com from RGB to GREYSCALE 

Converting screenshot of site okta_com from RGB to GREYSCALEFinished conversion of okta_com from RGB to GREYSCALE 

Converting screenshot of site speedtest_net from RGB to GREYSCALEFinished conversion of speedtest_net from RGB to GREYSCALE 

Converting screenshot of site mediafire_com from RGB to GREYSCALEFinished conversion of mediafire_com from RGB to GREYSCALE 

Converting screenshot of site t_co from RGB to GREYSCALEFinished conversion of t_co from RGB to GREYSCALE 

Converting screenshot of site zillow_com from RGB to GREYSCALEFinished conversion of zillow_com from RGB to GREYSCALE 

Converting screenshot of site rednet_cn from RGB to GREYSCALEFinished conversion of rednet_cn from RGB to GREYSCALE 

Converting screenshot of site 3c_tmall_com from RGB to GREYSCALEFinished conversion of 3c_tmall_com from RGB to GREYSCALE 

Converting screenshot of site washingtonpost_com from RGB to GREYSCALEFinished conversion of washingtonpost_com from RGB to GREYSCALE 

Converting screenshot of site telegram_org from RGB to GREYSCALEFinished conversion of telegram_org from RGB to GREYSCALE 

Converting screenshot of site y2mate_com from RGB to GREYSCALEFinished conversion of y2mate_com from RGB to GREYSCALE 

Converting screenshot of site godaddy_com from RGB to GREYSCALEFinished conversion of godaddy_com from RGB to GREYSCALE 

Converting screenshot of site google_com_eg from RGB to GREYSCALEFinished conversion of google_com_eg from RGB to GREYSCALE 

Converting screenshot of site google_com_sa from RGB to GREYSCALEFinished conversion of google_com_sa from RGB to GREYSCALE 

Converting screenshot of site vimeo_com from RGB to GREYSCALEFinished conversion of vimeo_com from RGB to GREYSCALE 

Converting screenshot of site ebay_de from RGB to GREYSCALEFinished conversion of ebay_de from RGB to GREYSCALE 

Converting screenshot of site xnxx_com from RGB to GREYSCALEFinished conversion of xnxx_com from RGB to GREYSCALE 

Converting screenshot of site quizlet_com from RGB to GREYSCALEFinished conversion of quizlet_com from RGB to GREYSCALE 

Converting screenshot of site chouftv_ma from RGB to GREYSCALEFinished conversion of chouftv_ma from RGB to GREYSCALE 

Converting screenshot of site setn_com from RGB to GREYSCALEFinished conversion of setn_com from RGB to GREYSCALE 

Converting screenshot of site wellsfargo_com from RGB to GREYSCALEFinished conversion of wellsfargo_com from RGB to GREYSCALE 

Converting screenshot of site gfycat_com from RGB to GREYSCALEFinished conversion of gfycat_com from RGB to GREYSCALE 

Converting screenshot of site hdfcbank_com from RGB to GREYSCALEFinished conversion of hdfcbank_com from RGB to GREYSCALE 

Converting screenshot of site redd_it from RGB to GREYSCALEFinished conversion of redd_it from RGB to GREYSCALE 

Converting screenshot of site google_ca from RGB to GREYSCALEFinished conversion of google_ca from RGB to GREYSCALE 

Converting screenshot of site eastday_com from RGB to GREYSCALEFinished conversion of eastday_com from RGB to GREYSCALE 

Converting screenshot of site wix_com from RGB to GREYSCALEFinished conversion of wix_com from RGB to GREYSCALE 

Converting screenshot of site thepiratebay_org from RGB to GREYSCALEFinished conversion of thepiratebay_org from RGB to GREYSCALE 

Converting screenshot of site scol_com_cn from RGB to GREYSCALEFinished conversion of scol_com_cn from RGB to GREYSCALE 

Converting screenshot of site bet365_com from RGB to GREYSCALEFinished conversion of bet365_com from RGB to GREYSCALE 

Converting screenshot of site steamcommunity_com from RGB to GREYSCALEFinished conversion of steamcommunity_com from RGB to GREYSCALE 

Converting screenshot of site metropoles_com from RGB to GREYSCALEFinished conversion of metropoles_com from RGB to GREYSCALE 

Converting screenshot of site momoshop_com_tw from RGB to GREYSCALEFinished conversion of momoshop_com_tw from RGB to GREYSCALE 

Converting screenshot of site tokopedia_com from RGB to GREYSCALEFinished conversion of tokopedia_com from RGB to GREYSCALE 

Converting screenshot of site postlnk_com from RGB to GREYSCALEFinished conversion of postlnk_com from RGB to GREYSCALE 

Converting screenshot of site healthline_com from RGB to GREYSCALEFinished conversion of healthline_com from RGB to GREYSCALE 

Converting screenshot of site line_me from RGB to GREYSCALEFinished conversion of line_me from RGB to GREYSCALE 

Converting screenshot of site jianshu_com from RGB to GREYSCALEFinished conversion of jianshu_com from RGB to GREYSCALE 

Converting screenshot of site scribd_com from RGB to GREYSCALEFinished conversion of scribd_com from RGB to GREYSCALE 

Converting screenshot of site google_com_ar from RGB to GREYSCALEFinished conversion of google_com_ar from RGB to GREYSCALE 

Converting screenshot of site ilovepdf_com from RGB to GREYSCALEFinished conversion of ilovepdf_com from RGB to GREYSCALE 

Converting screenshot of site ladbible_com from RGB to GREYSCALEFinished conversion of ladbible_com from RGB to GREYSCALE 

Converting screenshot of site tradingview_com from RGB to GREYSCALEFinished conversion of tradingview_com from RGB to GREYSCALE 

Converting screenshot of site taboola_com from RGB to GREYSCALEFinished conversion of taboola_com from RGB to GREYSCALE 

Converting screenshot of site ask_com from RGB to GREYSCALEFinished conversion of ask_com from RGB to GREYSCALE 

Converting screenshot of site merdeka_com from RGB to GREYSCALEFinished conversion of merdeka_com from RGB to GREYSCALE 

Converting screenshot of site dailymotion_com from RGB to GREYSCALEFinished conversion of dailymotion_com from RGB to GREYSCALE 

Converting screenshot of site academia_edu from RGB to GREYSCALEFinished conversion of academia_edu from RGB to GREYSCALE 

Converting screenshot of site youth_cn from RGB to GREYSCALEFinished conversion of youth_cn from RGB to GREYSCALE 

Converting screenshot of site messenger_com from RGB to GREYSCALEFinished conversion of messenger_com from RGB to GREYSCALE 

Converting screenshot of site google_co_th from RGB to GREYSCALEFinished conversion of google_co_th from RGB to GREYSCALE 

Converting screenshot of site hulu_com from RGB to GREYSCALEFinished conversion of hulu_com from RGB to GREYSCALE 

Converting screenshot of site amazon_ca from RGB to GREYSCALEFinished conversion of amazon_ca from RGB to GREYSCALE 

Converting screenshot of site uniqlo_tmall_com from RGB to GREYSCALEFinished conversion of uniqlo_tmall_com from RGB to GREYSCALE 

Converting screenshot of site nianhuo_tmall_com from RGB to GREYSCALEFinished conversion of nianhuo_tmall_com from RGB to GREYSCALE 

Converting screenshot of site manoramaonline_com from RGB to GREYSCALEFinished conversion of manoramaonline_com from RGB to GREYSCALE 

Converting screenshot of site food_tmall_com from RGB to GREYSCALEFinished conversion of food_tmall_com from RGB to GREYSCALE 

Converting screenshot of site namnak_com from RGB to GREYSCALEFinished conversion of namnak_com from RGB to GREYSCALE 

Converting screenshot of site hotstar_com from RGB to GREYSCALEFinished conversion of hotstar_com from RGB to GREYSCALE 

Converting screenshot of site google_co_id from RGB to GREYSCALEFinished conversion of google_co_id from RGB to GREYSCALE 

Converting screenshot of site zoom_us from RGB to GREYSCALEFinished conversion of zoom_us from RGB to GREYSCALE 

Converting screenshot of site nvzhuang_tmall_com from RGB to GREYSCALEFinished conversion of nvzhuang_tmall_com from RGB to GREYSCALE 

Converting screenshot of site subject_tmall_com from RGB to GREYSCALEFinished conversion of subject_tmall_com from RGB to GREYSCALE 

Converting screenshot of site bestbuy_com from RGB to GREYSCALEFinished conversion of bestbuy_com from RGB to GREYSCALE 

Converting screenshot of site quora_com from RGB to GREYSCALEFinished conversion of quora_com from RGB to GREYSCALE 

Converting screenshot of site amazon_it from RGB to GREYSCALEFinished conversion of amazon_it from RGB to GREYSCALE 

Converting screenshot of site foxnews_com from RGB to GREYSCALEFinished conversion of foxnews_com from RGB to GREYSCALE 

Converting screenshot of site zendesk_com from RGB to GREYSCALEFinished conversion of zendesk_com from RGB to GREYSCALE 

Converting screenshot of site thesaurus_com from RGB to GREYSCALEFinished conversion of thesaurus_com from RGB to GREYSCALE 

Converting screenshot of site abs-cbn_com from RGB to GREYSCALEFinished conversion of abs-cbn_com from RGB to GREYSCALE 

Converting screenshot of site icicibank_com from RGB to GREYSCALEFinished conversion of icicibank_com from RGB to GREYSCALE 

Converting screenshot of site aliexpress_ru from RGB to GREYSCALEFinished conversion of aliexpress_ru from RGB to GREYSCALE 

Converting screenshot of site kumparan_com from RGB to GREYSCALEFinished conversion of kumparan_com from RGB to GREYSCALE 

Converting screenshot of site forbes_com from RGB to GREYSCALEFinished conversion of forbes_com from RGB to GREYSCALE 

Converting screenshot of site gamepedia_com from RGB to GREYSCALEFinished conversion of gamepedia_com from RGB to GREYSCALE 

Converting screenshot of site albawabhnews_com from RGB to GREYSCALEFinished conversion of albawabhnews_com from RGB to GREYSCALE 

Converting screenshot of site suara_com from RGB to GREYSCALEFinished conversion of suara_com from RGB to GREYSCALE 

Converting screenshot of site airbnb_com from RGB to GREYSCALEFinished conversion of airbnb_com from RGB to GREYSCALE 

Converting screenshot of site amazon_fr from RGB to GREYSCALEFinished conversion of amazon_fr from RGB to GREYSCALE 

Converting screenshot of site telewebion_com from RGB to GREYSCALEFinished conversion of telewebion_com from RGB to GREYSCALE 

Converting screenshot of site investing_com from RGB to GREYSCALEFinished conversion of investing_com from RGB to GREYSCALE 

Converting screenshot of site douban_com from RGB to GREYSCALEFinished conversion of douban_com from RGB to GREYSCALE 

Converting screenshot of site businessinsider_com from RGB to GREYSCALEFinished conversion of businessinsider_com from RGB to GREYSCALE 

Converting screenshot of site tistory_com from RGB to GREYSCALEFinished conversion of tistory_com from RGB to GREYSCALE 

Converting screenshot of site mozilla_org from RGB to GREYSCALEFinished conversion of mozilla_org from RGB to GREYSCALE 

Converting screenshot of site slack_com from RGB to GREYSCALEFinished conversion of slack_com from RGB to GREYSCALE 

Converting screenshot of site op_gg from RGB to GREYSCALEFinished conversion of op_gg from RGB to GREYSCALE 

Converting screenshot of site nicovideo_jp from RGB to GREYSCALEFinished conversion of nicovideo_jp from RGB to GREYSCALE 

Converting screenshot of site smallpdf_com from RGB to GREYSCALEFinished conversion of smallpdf_com from RGB to GREYSCALE 

Converting screenshot of site breitbart_com from RGB to GREYSCALEFinished conversion of breitbart_com from RGB to GREYSCALE 

Converting screenshot of site googlevideo_com from RGB to GREYSCALEFinished conversion of googlevideo_com from RGB to GREYSCALE 

Converting screenshot of site yts_mx from RGB to GREYSCALEFinished conversion of yts_mx from RGB to GREYSCALE 

Converting screenshot of site ikea_com from RGB to GREYSCALEFinished conversion of ikea_com from RGB to GREYSCALE 

Converting screenshot of site sciencedirect_com from RGB to GREYSCALEFinished conversion of sciencedirect_com from RGB to GREYSCALE 

Converting screenshot of site patria_org_ve from RGB to GREYSCALEFinished conversion of patria_org_ve from RGB to GREYSCALE 

Converting screenshot of site shaparak_ir from RGB to GREYSCALEFinished conversion of shaparak_ir from RGB to GREYSCALE 

Converting screenshot of site blogger_com from RGB to GREYSCALEFinished conversion of blogger_com from RGB to GREYSCALE 

Converting screenshot of site list_tmall_com from RGB to GREYSCALEFinished conversion of list_tmall_com from RGB to GREYSCALE 

Converting screenshot of site behance_net from RGB to GREYSCALEFinished conversion of behance_net from RGB to GREYSCALE 

Converting screenshot of site 51sole_com from RGB to GREYSCALEFinished conversion of 51sole_com from RGB to GREYSCALE 

Converting screenshot of site capitalone_com from RGB to GREYSCALEFinished conversion of capitalone_com from RGB to GREYSCALE 

Converting screenshot of site idntimes_com from RGB to GREYSCALEFinished conversion of idntimes_com from RGB to GREYSCALE 

Converting screenshot of site skype_com from RGB to GREYSCALEFinished conversion of skype_com from RGB to GREYSCALE 

Converting screenshot of site ebay_co_uk from RGB to GREYSCALEFinished conversion of ebay_co_uk from RGB to GREYSCALE 

Converting screenshot of site dailymail_co_uk from RGB to GREYSCALEFinished conversion of dailymail_co_uk from RGB to GREYSCALE 

Converting screenshot of site amazon_cn from RGB to GREYSCALEFinished conversion of amazon_cn from RGB to GREYSCALE 

Converting screenshot of site amazon_es from RGB to GREYSCALEFinished conversion of amazon_es from RGB to GREYSCALE 

Converting screenshot of site tripadvisor_com from RGB to GREYSCALEFinished conversion of tripadvisor_com from RGB to GREYSCALE 

Converting screenshot of site elbalad_news from RGB to GREYSCALEFinished conversion of elbalad_news from RGB to GREYSCALE 

Converting screenshot of site fc2_com from RGB to GREYSCALEFinished conversion of fc2_com from RGB to GREYSCALE 

Converting screenshot of site google_pl from RGB to GREYSCALEFinished conversion of google_pl from RGB to GREYSCALE 

Converting screenshot of site weather_com from RGB to GREYSCALEFinished conversion of weather_com from RGB to GREYSCALE 

Converting screenshot of site samsung_com from RGB to GREYSCALEFinished conversion of samsung_com from RGB to GREYSCALE 

Converting screenshot of site lazada_sg from RGB to GREYSCALEFinished conversion of lazada_sg from RGB to GREYSCALE 

Converting screenshot of site arcgis_com from RGB to GREYSCALEFinished conversion of arcgis_com from RGB to GREYSCALE 

Converting screenshot of site cricbuzz_com from RGB to GREYSCALEFinished conversion of cricbuzz_com from RGB to GREYSCALE 

Converting screenshot of site kapanlagi_com from RGB to GREYSCALEFinished conversion of kapanlagi_com from RGB to GREYSCALE 

Converting screenshot of site ebay-kleinanzeigen_de from RGB to GREYSCALEFinished conversion of ebay-kleinanzeigen_de from RGB to GREYSCALE 

Converting screenshot of site sberbank_ru from RGB to GREYSCALEFinished conversion of sberbank_ru from RGB to GREYSCALE 

Converting screenshot of site softonic_com from RGB to GREYSCALEFinished conversion of softonic_com from RGB to GREYSCALE 

Converting screenshot of site ensonhaber_com from RGB to GREYSCALEFinished conversion of ensonhaber_com from RGB to GREYSCALE 

Converting screenshot of site box_com from RGB to GREYSCALEFinished conversion of box_com from RGB to GREYSCALE 

Converting screenshot of site pixabay_com from RGB to GREYSCALEFinished conversion of pixabay_com from RGB to GREYSCALE 

Converting screenshot of site asos_com from RGB to GREYSCALEFinished conversion of asos_com from RGB to GREYSCALE 

Converting screenshot of site reverso_net from RGB to GREYSCALEFinished conversion of reverso_net from RGB to GREYSCALE 

Converting screenshot of site wikimedia_org from RGB to GREYSCALEFinished conversion of wikimedia_org from RGB to GREYSCALE 

Converting screenshot of site sahibinden_com from RGB to GREYSCALEFinished conversion of sahibinden_com from RGB to GREYSCALE 

Converting screenshot of site dostor_org from RGB to GREYSCALEFinished conversion of dostor_org from RGB to GREYSCALE 

Converting screenshot of site weebly_com from RGB to GREYSCALEFinished conversion of weebly_com from RGB to GREYSCALE 

Converting screenshot of site zoho_com from RGB to GREYSCALEFinished conversion of zoho_com from RGB to GREYSCALE 

Converting screenshot of site geeksforgeeks_org from RGB to GREYSCALEFinished conversion of geeksforgeeks_org from RGB to GREYSCALE 

Converting screenshot of site google_co_kr from RGB to GREYSCALEFinished conversion of google_co_kr from RGB to GREYSCALE 

Converting screenshot of site 51_la from RGB to GREYSCALEFinished conversion of 51_la from RGB to GREYSCALE 

Converting screenshot of site ebc_net_tw from RGB to GREYSCALEFinished conversion of ebc_net_tw from RGB to GREYSCALE 

Converting screenshot of site cnbc_com from RGB to GREYSCALEFinished conversion of cnbc_com from RGB to GREYSCALE 

Converting screenshot of site gosuslugi_ru from RGB to GREYSCALEFinished conversion of gosuslugi_ru from RGB to GREYSCALE 

Converting screenshot of site rambler_ru from RGB to GREYSCALEFinished conversion of rambler_ru from RGB to GREYSCALE 

Converting screenshot of site mercadolibre_com_ar from RGB to GREYSCALEFinished conversion of mercadolibre_com_ar from RGB to GREYSCALE 

Converting screenshot of site patch_com from RGB to GREYSCALEFinished conversion of patch_com from RGB to GREYSCALE 

Converting screenshot of site allegro_pl from RGB to GREYSCALEFinished conversion of allegro_pl from RGB to GREYSCALE 

Converting screenshot of site goodreads_com from RGB to GREYSCALEFinished conversion of goodreads_com from RGB to GREYSCALE 

Converting screenshot of site unsplash_com from RGB to GREYSCALEFinished conversion of unsplash_com from RGB to GREYSCALE 

Converting screenshot of site pinimg_com from RGB to GREYSCALEFinished conversion of pinimg_com from RGB to GREYSCALE 

Converting screenshot of site doubleclick_net from RGB to GREYSCALEFinished conversion of doubleclick_net from RGB to GREYSCALE 

Converting screenshot of site rt_com from RGB to GREYSCALEFinished conversion of rt_com from RGB to GREYSCALE 

Converting screenshot of site fiverr_com from RGB to GREYSCALEFinished conversion of fiverr_com from RGB to GREYSCALE 

Converting screenshot of site hootsuite_com from RGB to GREYSCALEFinished conversion of hootsuite_com from RGB to GREYSCALE 

Converting screenshot of site kinopoisk_ru from RGB to GREYSCALEFinished conversion of kinopoisk_ru from RGB to GREYSCALE 

Converting screenshot of site fadskis_com from RGB to GREYSCALEFinished conversion of fadskis_com from RGB to GREYSCALE 

Converting screenshot of site khanacademy_org from RGB to GREYSCALEFinished conversion of khanacademy_org from RGB to GREYSCALE 

Converting screenshot of site ups_com from RGB to GREYSCALEFinished conversion of ups_com from RGB to GREYSCALE 

Converting screenshot of site google_gr from RGB to GREYSCALEFinished conversion of google_gr from RGB to GREYSCALE 

Converting screenshot of site youporn_com from RGB to GREYSCALE