2020-03-09 18:51:06.559109

Domain 123rf.com
Copied greyscale screenshot to ./storage/cluster_data/123rf_com.png
Domain 1337x.to
Copied greyscale screenshot to ./storage/cluster_data/1337x_to.png
Domain 14nuzznszbdp.com
Copied greyscale screenshot to ./storage/cluster_data/14nuzznszbdp_com.png
Domain 1688.com
Copied greyscale screenshot to ./storage/cluster_data/1688_com.png
Domain 17ok.com
Copied greyscale screenshot to ./storage/cluster_data/17ok_com.png
Domain 258.com
Copied greyscale screenshot to ./storage/cluster_data/258_com.png
Domain 312168.com
Copied greyscale screenshot to ./storage/cluster_data/312168_com.png
Domain 360.cn
Copied greyscale screenshot to ./storage/cluster_data/360_cn.png
Domain 360doc.com
Copied greyscale screenshot to ./storage/cluster_data/360doc_com.png
Domain 3dmgame.com
Copied greyscale screenshot to ./storage/cluster_data/3dmgame_com.png
Domain 3movierulz.sx
Copied greyscale screenshot to ./storage/cluster_data/3movierulz_sx.png
Domain 4chan.org
Copied greyscale screenshot to ./storage/cluster_data/4chan_org.png
Domain 51.la
Copied greyscale screenshot to ./storage/cluster_data/51_la.png
Domain 51sole.com
Copied greyscale screenshot to ./storage/cluster_data/51sole_com.png
Domain 52pojie.cn
Copied greyscale screenshot to ./storage/cluster_data/52pojie_cn.png
Domain 58.com
Copied greyscale screenshot to ./storage/cluster_data/58_com.png
Domain 6.cn
Copied greyscale screenshot to ./storage/cluster_data/6_cn.png
Domain 81.cn
Copied greyscale screenshot to ./storage/cluster_data/81_cn.png
Domain 9gag.com
Copied greyscale screenshot to ./storage/cluster_data/9gag_com.png
Domain abs-cbn.com
Copied greyscale screenshot to ./storage/cluster_data/abs-cbn_com.png
Domain academia.edu
Copied greyscale screenshot to ./storage/cluster_data/academia_edu.png
Domain accuweather.com
Copied greyscale screenshot to ./storage/cluster_data/accuweather_com.png
Domain addthis.com
Copied greyscale screenshot to ./storage/cluster_data/addthis_com.png
Domain adobe.com
Copied greyscale screenshot to ./storage/cluster_data/adobe_com.png
Domain adp.com
Copied greyscale screenshot to ./storage/cluster_data/adp_com.png
Domain agah.com
Copied greyscale screenshot to ./storage/cluster_data/agah_com.png
Domain agoda.com
Copied greyscale screenshot to ./storage/cluster_data/agoda_com.png
Domain airbnb.com
Copied greyscale screenshot to ./storage/cluster_data/airbnb_com.png
Domain albawabhnews.com
Copied greyscale screenshot to ./storage/cluster_data/albawabhnews_com.png
Domain ali213.net
Copied greyscale screenshot to ./storage/cluster_data/ali213_net.png
Domain alibaba.com
Copied greyscale screenshot to ./storage/cluster_data/alibaba_com.png
Domain aliexpress.com
Copied greyscale screenshot to ./storage/cluster_data/aliexpress_com.png
Domain aliexpress.ru
Copied greyscale screenshot to ./storage/cluster_data/aliexpress_ru.png
Domain alipay.com
Copied greyscale screenshot to ./storage/cluster_data/alipay_com.png
Domain aliyun.com
Copied greyscale screenshot to ./storage/cluster_data/aliyun_com.png
Domain allegro.pl
Copied greyscale screenshot to ./storage/cluster_data/allegro_pl.png
Domain alnaharegypt.com
Copied greyscale screenshot to ./storage/cluster_data/alnaharegypt_com.png
Domain alodokter.com
Copied greyscale screenshot to ./storage/cluster_data/alodokter_com.png
Domain alwafd.news
Copied greyscale screenshot to ./storage/cluster_data/alwafd_news.png
Domain amazon.com
Copied greyscale screenshot to ./storage/cluster_data/amazon_com.png
Domain amazon.co.jp
Copied greyscale screenshot to ./storage/cluster_data/amazon_co_jp.png
Domain amazon.in
Copied greyscale screenshot to ./storage/cluster_data/amazon_in.png
Domain amazon.de
Copied greyscale screenshot to ./storage/cluster_data/amazon_de.png
Domain amazon.co.uk
Copied greyscale screenshot to ./storage/cluster_data/amazon_co_uk.png
Domain amazon.ca
Copied greyscale screenshot to ./storage/cluster_data/amazon_ca.png
Domain amazon.it
Copied greyscale screenshot to ./storage/cluster_data/amazon_it.png
Domain amazon.fr
Copied greyscale screenshot to ./storage/cluster_data/amazon_fr.png
Domain amazon.cn
Copied greyscale screenshot to ./storage/cluster_data/amazon_cn.png
Domain amazon.es
Copied greyscale screenshot to ./storage/cluster_data/amazon_es.png
Domain amazon.com.mx
Copied greyscale screenshot to ./storage/cluster_data/amazon_com_mx.png
Domain amazon.com.br
Copied greyscale screenshot to ./storage/cluster_data/amazon_com_br.png
Domain amazonaws.com
Copied greyscale screenshot to ./storage/cluster_data/amazonaws_com.png
Domain ameblo.jp
Copied greyscale screenshot to ./storage/cluster_data/ameblo_jp.png
Domain americanexpress.com
Copied greyscale screenshot to ./storage/cluster_data/americanexpress_com.png
Domain ameritrade.com
Copied greyscale screenshot to ./storage/cluster_data/ameritrade_com.png
Domain aminoapps.com
Copied greyscale screenshot to ./storage/cluster_data/aminoapps_com.png
Domain animeflv.net
Copied greyscale screenshot to ./storage/cluster_data/animeflv_net.png
Domain aol.com
Copied greyscale screenshot to ./storage/cluster_data/aol_com.png
Domain aparat.com
Copied greyscale screenshot to ./storage/cluster_data/aparat_com.png
Domain apple.com
Copied greyscale screenshot to ./storage/cluster_data/apple_com.png
Domain arcgis.com
Copied greyscale screenshot to ./storage/cluster_data/arcgis_com.png
Domain archive.org
Copied greyscale screenshot to ./storage/cluster_data/archive_org.png
Domain argaam.com
Copied greyscale screenshot to ./storage/cluster_data/argaam_com.png
Domain as.com
Copied greyscale screenshot to ./storage/cluster_data/as_com.png
Domain ask.com
Copied greyscale screenshot to ./storage/cluster_data/ask_com.png
Domain asos.com
Copied greyscale screenshot to ./storage/cluster_data/asos_com.png
Domain asriran.com
Copied greyscale screenshot to ./storage/cluster_data/asriran_com.png
Domain asus.com
Copied greyscale screenshot to ./storage/cluster_data/asus_com.png
Domain atlassian.net
Copied greyscale screenshot to ./storage/cluster_data/atlassian_net.png
Domain att.com
Copied greyscale screenshot to ./storage/cluster_data/att_com.png
Domain autodesk.com
Copied greyscale screenshot to ./storage/cluster_data/autodesk_com.png
Domain avito.ru
Copied greyscale screenshot to ./storage/cluster_data/avito_ru.png
Domain axisbank.com
Copied greyscale screenshot to ./storage/cluster_data/axisbank_com.png
Domain azure.com
Copied greyscale screenshot to ./storage/cluster_data/azure_com.png
Domain babytree.com
Copied greyscale screenshot to ./storage/cluster_data/babytree_com.png
Domain baidu.com
Copied greyscale screenshot to ./storage/cluster_data/baidu_com.png
Domain baike.com
Copied greyscale screenshot to ./storage/cluster_data/baike_com.png
Domain bancodevenezuela.com
Copied greyscale screenshot to ./storage/cluster_data/bancodevenezuela_com.png
Domain banggood.com
Copied greyscale screenshot to ./storage/cluster_data/banggood_com.png
Domain bankmellat.ir
Copied greyscale screenshot to ./storage/cluster_data/bankmellat_ir.png
Domain bankofamerica.com
Copied greyscale screenshot to ./storage/cluster_data/bankofamerica_com.png
Domain banma.com
Copied greyscale screenshot to ./storage/cluster_data/banma_com.png
Domain baskino.me
Copied greyscale screenshot to ./storage/cluster_data/baskino_me.png
Domain bbc.com
Copied greyscale screenshot to ./storage/cluster_data/bbc_com.png
Domain beeg.com
Copied greyscale screenshot to ./storage/cluster_data/beeg_com.png
Domain behance.net
Copied greyscale screenshot to ./storage/cluster_data/behance_net.png
Domain bestbuy.com
Copied greyscale screenshot to ./storage/cluster_data/bestbuy_com.png
Domain bet365.com
Copied greyscale screenshot to ./storage/cluster_data/bet365_com.png
Domain bet9ja.com
Copied greyscale screenshot to ./storage/cluster_data/bet9ja_com.png
Domain beytoote.com
Copied greyscale screenshot to ./storage/cluster_data/beytoote_com.png
Domain bhphotovideo.com
Copied greyscale screenshot to ./storage/cluster_data/bhphotovideo_com.png
Domain biblegateway.com
Copied greyscale screenshot to ./storage/cluster_data/biblegateway_com.png
Domain bild.de
Copied greyscale screenshot to ./storage/cluster_data/bild_de.png
Domain bilibili.com
Copied greyscale screenshot to ./storage/cluster_data/bilibili_com.png
Domain billdesk.com
Copied greyscale screenshot to ./storage/cluster_data/billdesk_com.png
Domain bing.com
Copied greyscale screenshot to ./storage/cluster_data/bing_com.png
Domain bitly.com
Copied greyscale screenshot to ./storage/cluster_data/bitly_com.png
Domain blackboard.com
Copied greyscale screenshot to ./storage/cluster_data/blackboard_com.png
Domain bleacherreport.com
Copied greyscale screenshot to ./storage/cluster_data/bleacherreport_com.png
Domain blogger.com
Copied greyscale screenshot to ./storage/cluster_data/blogger_com.png
Domain blogspot.com
Copied greyscale screenshot to ./storage/cluster_data/blogspot_com.png
Domain bloomberg.com
Copied greyscale screenshot to ./storage/cluster_data/bloomberg_com.png
Domain bmi.ir
Copied greyscale screenshot to ./storage/cluster_data/bmi_ir.png
Domain bola.net
Copied greyscale screenshot to ./storage/cluster_data/bola_net.png
Domain bolasport.com
Copied greyscale screenshot to ./storage/cluster_data/bolasport_com.png
Domain bongacams.com
Copied greyscale screenshot to ./storage/cluster_data/bongacams_com.png
Domain booking.com
Copied greyscale screenshot to ./storage/cluster_data/booking_com.png
Domain bookmyshow.com
Copied greyscale screenshot to ./storage/cluster_data/bookmyshow_com.png
Domain borna.news
Copied greyscale screenshot to ./storage/cluster_data/borna_news.png
Domain box.com
Copied greyscale screenshot to ./storage/cluster_data/box_com.png
Domain breitbart.com
Copied greyscale screenshot to ./storage/cluster_data/breitbart_com.png
Domain brilio.net
Copied greyscale screenshot to ./storage/cluster_data/brilio_net.png
Domain britannica.com
Copied greyscale screenshot to ./storage/cluster_data/britannica_com.png
Domain bukalapak.com
Copied greyscale screenshot to ./storage/cluster_data/bukalapak_com.png
Domain businessinsider.com
Copied greyscale screenshot to ./storage/cluster_data/businessinsider_com.png
Domain buzzfeed.com
Copied greyscale screenshot to ./storage/cluster_data/buzzfeed_com.png
Domain bzw315.com
Copied greyscale screenshot to ./storage/cluster_data/bzw315_com.png
Domain ca.gov
Copied greyscale screenshot to ./storage/cluster_data/ca_gov.png
Domain cambridge.org
Copied greyscale screenshot to ./storage/cluster_data/cambridge_org.png
Domain canada.ca
Copied greyscale screenshot to ./storage/cluster_data/canada_ca.png
Domain canva.com
Copied greyscale screenshot to ./storage/cluster_data/canva_com.png
Domain capitalone.com
Copied greyscale screenshot to ./storage/cluster_data/capitalone_com.png
Domain cdc.gov
Copied greyscale screenshot to ./storage/cluster_data/cdc_gov.png
Domain ceconline.com
Copied greyscale screenshot to ./storage/cluster_data/ceconline_com.png
Domain chaduo.com
Copied greyscale screenshot to ./storage/cluster_data/chaduo_com.png
Domain chase.com
Copied greyscale screenshot to ./storage/cluster_data/chase_com.png
Domain chaturbate.com
Copied greyscale screenshot to ./storage/cluster_data/chaturbate_com.png
Domain chegg.com
Copied greyscale screenshot to ./storage/cluster_data/chegg_com.png
Domain chess.com
Copied greyscale screenshot to ./storage/cluster_data/chess_com.png
Domain chinachugui.com
Copied greyscale screenshot to ./storage/cluster_data/chinachugui_com.png
Domain chinafloor.cn
Copied greyscale screenshot to ./storage/cluster_data/chinafloor_cn.png
Domain chinamenwang.com
Copied greyscale screenshot to ./storage/cluster_data/chinamenwang_com.png
Domain chinanetrank.com
Copied greyscale screenshot to ./storage/cluster_data/chinanetrank_com.png
Domain chinayigui.com
Copied greyscale screenshot to ./storage/cluster_data/chinayigui_com.png
Domain chinaz.com
Copied greyscale screenshot to ./storage/cluster_data/chinaz_com.png
Domain chip.de
Copied greyscale screenshot to ./storage/cluster_data/chip_de.png
Domain chouftv.ma
Copied greyscale screenshot to ./storage/cluster_data/chouftv_ma.png
Domain chron.com
Copied greyscale screenshot to ./storage/cluster_data/chron_com.png
Domain cisco.com
Copied greyscale screenshot to ./storage/cluster_data/cisco_com.png
Domain citi.com
Copied greyscale screenshot to ./storage/cluster_data/citi_com.png
Domain cnbc.com
Copied greyscale screenshot to ./storage/cluster_data/cnbc_com.png
Domain cnbcindonesia.com
Copied greyscale screenshot to ./storage/cluster_data/cnbcindonesia_com.png
Domain cnbeta.com
Copied greyscale screenshot to ./storage/cluster_data/cnbeta_com.png
Domain cnblogs.com
Copied greyscale screenshot to ./storage/cluster_data/cnblogs_com.png
Domain cnet.com
Copied greyscale screenshot to ./storage/cluster_data/cnet_com.png
Domain cnki.net
Copied greyscale screenshot to ./storage/cluster_data/cnki_net.png
Domain cnn.com
Copied greyscale screenshot to ./storage/cluster_data/cnn_com.png
Domain cnnic.cn
Copied greyscale screenshot to ./storage/cluster_data/cnnic_cn.png
Domain cnnindonesia.com
Copied greyscale screenshot to ./storage/cluster_data/cnnindonesia_com.png
Domain cnzz.com
Copied greyscale screenshot to ./storage/cluster_data/cnzz_com.png
Domain coinmarketcap.com
Copied greyscale screenshot to ./storage/cluster_data/coinmarketcap_com.png
Domain consultant.ru
Copied greyscale screenshot to ./storage/cluster_data/consultant_ru.png
Domain contehos.com
Copied greyscale screenshot to ./storage/cluster_data/contehos_com.png
Domain costco.com
Copied greyscale screenshot to ./storage/cluster_data/costco_com.png
Domain coupang.com
Copied greyscale screenshot to ./storage/cluster_data/coupang_com.png
Domain coursehero.com
Copied greyscale screenshot to ./storage/cluster_data/coursehero_com.png
Domain coursera.org
Copied greyscale screenshot to ./storage/cluster_data/coursera_org.png
Domain craigslist.org
Copied greyscale screenshot to ./storage/cluster_data/craigslist_org.png
Domain creditkarma.com
Copied greyscale screenshot to ./storage/cluster_data/creditkarma_com.png
Domain creditonebank.com
Copied greyscale screenshot to ./storage/cluster_data/creditonebank_com.png
Domain cricbuzz.com
Copied greyscale screenshot to ./storage/cluster_data/cricbuzz_com.png
Domain crictracker.com
Copied greyscale screenshot to ./storage/cluster_data/crictracker_com.png
Domain crptgate.com
Copied greyscale screenshot to ./storage/cluster_data/crptgate_com.png
Domain crunchyroll.com
Copied greyscale screenshot to ./storage/cluster_data/crunchyroll_com.png
Domain csdn.net
Copied greyscale screenshot to ./storage/cluster_data/csdn_net.png
Domain dafont.com
Copied greyscale screenshot to ./storage/cluster_data/dafont_com.png
Domain dagospia.com
Copied greyscale screenshot to ./storage/cluster_data/dagospia_com.png
Domain dailymotion.com
Copied greyscale screenshot to ./storage/cluster_data/dailymotion_com.png
Domain dalfak.com
Copied greyscale screenshot to ./storage/cluster_data/dalfak_com.png
Domain daum.net
Copied greyscale screenshot to ./storage/cluster_data/daum_net.png
Domain dawn.com
Copied greyscale screenshot to ./storage/cluster_data/dawn_com.png
Domain dcard.tw
Copied greyscale screenshot to ./storage/cluster_data/dcard_tw.png
Domain dcinside.com
Copied greyscale screenshot to ./storage/cluster_data/dcinside_com.png
Domain deepl.com
Copied greyscale screenshot to ./storage/cluster_data/deepl_com.png
Domain dell.com
Copied greyscale screenshot to ./storage/cluster_data/dell_com.png
Domain delta.com
Copied greyscale screenshot to ./storage/cluster_data/delta_com.png
Domain depositphotos.com
Copied greyscale screenshot to ./storage/cluster_data/depositphotos_com.png
Domain detik.com
Copied greyscale screenshot to ./storage/cluster_data/detik_com.png
Domain deviantart.com
Copied greyscale screenshot to ./storage/cluster_data/deviantart_com.png
Domain dictionary.com
Copied greyscale screenshot to ./storage/cluster_data/dictionary_com.png
Domain digikala.com
Copied greyscale screenshot to ./storage/cluster_data/digikala_com.png
Domain discogs.com
Copied greyscale screenshot to ./storage/cluster_data/discogs_com.png
Domain discordapp.com
Copied greyscale screenshot to ./storage/cluster_data/discordapp_com.png
Domain discover.com
Copied greyscale screenshot to ./storage/cluster_data/discover_com.png
Domain disneyplus.com
Copied greyscale screenshot to ./storage/cluster_data/disneyplus_com.png
Domain divar.ir
Copied greyscale screenshot to ./storage/cluster_data/divar_ir.png
Domain dmm.co.jp
Copied greyscale screenshot to ./storage/cluster_data/dmm_co_jp.png
Domain dmm.com
Copied greyscale screenshot to ./storage/cluster_data/dmm_com.png
Domain dnevnik.ru
Copied greyscale screenshot to ./storage/cluster_data/dnevnik_ru.png
Domain donga.com
Copied greyscale screenshot to ./storage/cluster_data/donga_com.png
Domain dostor.org
Copied greyscale screenshot to ./storage/cluster_data/dostor_org.png
Domain douban.com
Copied greyscale screenshot to ./storage/cluster_data/douban_com.png
Domain doubleclick.net
Copied greyscale screenshot to ./storage/cluster_data/doubleclick_net.png
Domain douyu.com
Copied greyscale screenshot to ./storage/cluster_data/douyu_com.png
Domain dreamstime.com
Copied greyscale screenshot to ./storage/cluster_data/dreamstime_com.png
Domain drom.ru
Copied greyscale screenshot to ./storage/cluster_data/drom_ru.png
Domain dropbox.com
Copied greyscale screenshot to ./storage/cluster_data/dropbox_com.png
Domain drudgereport.com
Copied greyscale screenshot to ./storage/cluster_data/drudgereport_com.png
Domain duba.com
Copied greyscale screenshot to ./storage/cluster_data/duba_com.png
Domain duckduckgo.com
Copied greyscale screenshot to ./storage/cluster_data/duckduckgo_com.png
Domain duolingo.com
Copied greyscale screenshot to ./storage/cluster_data/duolingo_com.png
Domain dw.com
Copied greyscale screenshot to ./storage/cluster_data/dw_com.png
Domain dytt8.net
Copied greyscale screenshot to ./storage/cluster_data/dytt8_net.png
Domain ea.com
Copied greyscale screenshot to ./storage/cluster_data/ea_com.png
Domain eastday.com
Copied greyscale screenshot to ./storage/cluster_data/eastday_com.png
Domain eastmoney.com
Copied greyscale screenshot to ./storage/cluster_data/eastmoney_com.png
Domain ebay-kleinanzeigen.de
Copied greyscale screenshot to ./storage/cluster_data/ebay-kleinanzeigen_de.png
Domain ebay.com
Copied greyscale screenshot to ./storage/cluster_data/ebay_com.png
Domain ebay.de
Copied greyscale screenshot to ./storage/cluster_data/ebay_de.png
Domain ebay.co.uk
Copied greyscale screenshot to ./storage/cluster_data/ebay_co_uk.png
Domain ebay.com.au
Copied greyscale screenshot to ./storage/cluster_data/ebay_com_au.png
Domain ebay.it
Copied greyscale screenshot to ./storage/cluster_data/ebay_it.png
Domain ecosia.org
Copied greyscale screenshot to ./storage/cluster_data/ecosia_org.png
Domain ekaie.com
Copied greyscale screenshot to ./storage/cluster_data/ekaie_com.png
Domain eksisozluk.com
Copied greyscale screenshot to ./storage/cluster_data/eksisozluk_com.png
Domain elbalad.news
Copied greyscale screenshot to ./storage/cluster_data/elbalad_news.png
Domain elbotola.com
Copied greyscale screenshot to ./storage/cluster_data/elbotola_com.png
Domain elcomercio.com
Copied greyscale screenshot to ./storage/cluster_data/elcomercio_com.png
Domain elpais.com
Copied greyscale screenshot to ./storage/cluster_data/elpais_com.png
Domain elsevier.com
Copied greyscale screenshot to ./storage/cluster_data/elsevier_com.png
Domain elwatannews.com
Copied greyscale screenshot to ./storage/cluster_data/elwatannews_com.png
Domain elyamnelaraby.com
Copied greyscale screenshot to ./storage/cluster_data/elyamnelaraby_com.png
Domain emofid.com
Copied greyscale screenshot to ./storage/cluster_data/emofid_com.png
Domain emol.com
Copied greyscale screenshot to ./storage/cluster_data/emol_com.png
Domain enimerotiko.gr
Copied greyscale screenshot to ./storage/cluster_data/enimerotiko_gr.png
Domain ensonhaber.com
Copied greyscale screenshot to ./storage/cluster_data/ensonhaber_com.png
Domain envato.com
Copied greyscale screenshot to ./storage/cluster_data/envato_com.png
Domain epicgames.com
Copied greyscale screenshot to ./storage/cluster_data/epicgames_com.png
Domain epochtimes.com
Copied greyscale screenshot to ./storage/cluster_data/epochtimes_com.png
Domain epwk.com
Copied greyscale screenshot to ./storage/cluster_data/epwk_com.png
Domain espn.com
Copied greyscale screenshot to ./storage/cluster_data/espn_com.png
Domain espncricinfo.com
Copied greyscale screenshot to ./storage/cluster_data/espncricinfo_com.png
Domain etoro.com
Copied greyscale screenshot to ./storage/cluster_data/etoro_com.png
Domain etsy.com
Copied greyscale screenshot to ./storage/cluster_data/etsy_com.png
Domain ettoday.net
Copied greyscale screenshot to ./storage/cluster_data/ettoday_net.png
Domain europa.eu
Copied greyscale screenshot to ./storage/cluster_data/europa_eu.png
Domain eventbrite.com
Copied greyscale screenshot to ./storage/cluster_data/eventbrite_com.png
Domain evernote.com
Copied greyscale screenshot to ./storage/cluster_data/evernote_com.png
Domain exoclick.com
Copied greyscale screenshot to ./storage/cluster_data/exoclick_com.png
Domain expedia.com
Copied greyscale screenshot to ./storage/cluster_data/expedia_com.png
Domain expressvpn.com
Copied greyscale screenshot to ./storage/cluster_data/expressvpn_com.png
Domain facebook.com
Copied greyscale screenshot to ./storage/cluster_data/facebook_com.png
Domain fadsabs.com
Copied greyscale screenshot to ./storage/cluster_data/fadsabs_com.png
Domain fadsecs.com
Copied greyscale screenshot to ./storage/cluster_data/fadsecs_com.png
Domain fadsims.com
Copied greyscale screenshot to ./storage/cluster_data/fadsims_com.png
Domain fadsips.com
Copied greyscale screenshot to ./storage/cluster_data/fadsips_com.png
Domain fadskis.com
Copied greyscale screenshot to ./storage/cluster_data/fadskis_com.png
Domain fadslims.com
Copied greyscale screenshot to ./storage/cluster_data/fadslims_com.png
Domain fadspms.com
Copied greyscale screenshot to ./storage/cluster_data/fadspms_com.png
Domain fandom.com
Copied greyscale screenshot to ./storage/cluster_data/fandom_com.png
Domain fararu.com
Copied greyscale screenshot to ./storage/cluster_data/fararu_com.png
Domain farfetch.com
Copied greyscale screenshot to ./storage/cluster_data/farfetch_com.png
Domain farsnews.ir
Copied greyscale screenshot to ./storage/cluster_data/farsnews_ir.png
Domain fast.com
Copied greyscale screenshot to ./storage/cluster_data/fast_com.png
Domain fc2.com
Copied greyscale screenshot to ./storage/cluster_data/fc2_com.png
Domain fedex.com
Copied greyscale screenshot to ./storage/cluster_data/fedex_com.png
Domain feedly.com
Copied greyscale screenshot to ./storage/cluster_data/feedly_com.png
Domain fidelity.com
Copied greyscale screenshot to ./storage/cluster_data/fidelity_com.png
Domain filimo.com
Copied greyscale screenshot to ./storage/cluster_data/filimo_com.png
Domain fiverr.com
Copied greyscale screenshot to ./storage/cluster_data/fiverr_com.png
Domain fivethirtyeight.com
Copied greyscale screenshot to ./storage/cluster_data/fivethirtyeight_com.png
Domain flashscore.com
Copied greyscale screenshot to ./storage/cluster_data/flashscore_com.png
Domain flaticon.com
Copied greyscale screenshot to ./storage/cluster_data/flaticon_com.png
Domain flickr.com
Copied greyscale screenshot to ./storage/cluster_data/flickr_com.png
Domain flipkart.com
Copied greyscale screenshot to ./storage/cluster_data/flipkart_com.png
Domain focus.cn
Copied greyscale screenshot to ./storage/cluster_data/focus_cn.png
Domain forbes.com
Copied greyscale screenshot to ./storage/cluster_data/forbes_com.png
Domain force.com
Copied greyscale screenshot to ./storage/cluster_data/force_com.png
Domain foxnews.com
Copied greyscale screenshot to ./storage/cluster_data/foxnews_com.png
Domain free.fr
Copied greyscale screenshot to ./storage/cluster_data/free_fr.png
Domain freejobalert.com
Copied greyscale screenshot to ./storage/cluster_data/freejobalert_com.png
Domain freelancer.com
Copied greyscale screenshot to ./storage/cluster_data/freelancer_com.png
Domain freepik.com
Copied greyscale screenshot to ./storage/cluster_data/freepik_com.png
Domain friv.com
Copied greyscale screenshot to ./storage/cluster_data/friv_com.png
Domain gaana.com
Copied greyscale screenshot to ./storage/cluster_data/gaana_com.png
Domain gamepedia.com
Copied greyscale screenshot to ./storage/cluster_data/gamepedia_com.png
Domain gamersky.com
Copied greyscale screenshot to ./storage/cluster_data/gamersky_com.png
Domain gamespot.com
Copied greyscale screenshot to ./storage/cluster_data/gamespot_com.png
Domain gatustox.net
Copied greyscale screenshot to ./storage/cluster_data/gatustox_net.png
Domain gearbest.com
Copied greyscale screenshot to ./storage/cluster_data/gearbest_com.png
Domain geeksforgeeks.org
Copied greyscale screenshot to ./storage/cluster_data/geeksforgeeks_org.png
Domain genius.com
Copied greyscale screenshot to ./storage/cluster_data/genius_com.png
Domain getpocket.com
Copied greyscale screenshot to ./storage/cluster_data/getpocket_com.png
Domain gfycat.com
Copied greyscale screenshot to ./storage/cluster_data/gfycat_com.png
Domain giphy.com
Copied greyscale screenshot to ./storage/cluster_data/giphy_com.png
Domain gismeteo.ru
Copied greyscale screenshot to ./storage/cluster_data/gismeteo_ru.png
Domain github.com
Copied greyscale screenshot to ./storage/cluster_data/github_com.png
Domain gjirafa.com
Copied greyscale screenshot to ./storage/cluster_data/gjirafa_com.png
Domain glassdoor.com
Copied greyscale screenshot to ./storage/cluster_data/glassdoor_com.png
Domain globo.com
Copied greyscale screenshot to ./storage/cluster_data/globo_com.png
Domain gmanetwork.com
Copied greyscale screenshot to ./storage/cluster_data/gmanetwork_com.png
Domain gmw.cn
Copied greyscale screenshot to ./storage/cluster_data/gmw_cn.png
Domain gmx.net
Copied greyscale screenshot to ./storage/cluster_data/gmx_net.png
Domain go.com
Copied greyscale screenshot to ./storage/cluster_data/go_com.png
Domain goal.com
Copied greyscale screenshot to ./storage/cluster_data/goal_com.png
Domain godaddy.com
Copied greyscale screenshot to ./storage/cluster_data/godaddy_com.png
Domain gongchang.com
Copied greyscale screenshot to ./storage/cluster_data/gongchang_com.png
Domain goodreads.com
Copied greyscale screenshot to ./storage/cluster_data/goodreads_com.png
Domain google.com
Copied greyscale screenshot to ./storage/cluster_data/google_com.png
Domain google.cn
Copied greyscale screenshot to ./storage/cluster_data/google_cn.png
Domain googlevideo.com
Copied greyscale screenshot to ./storage/cluster_data/googlevideo_com.png
Domain gosuslugi.ru
Copied greyscale screenshot to ./storage/cluster_data/gosuslugi_ru.png
Domain grammarly.com
Copied greyscale screenshot to ./storage/cluster_data/grammarly_com.png
Domain grid.id
Copied greyscale screenshot to ./storage/cluster_data/grid_id.png
Domain gsmarena.com
Copied greyscale screenshot to ./storage/cluster_data/gsmarena_com.png
Domain gstatic.com
Copied greyscale screenshot to ./storage/cluster_data/gstatic_com.png
Domain gusuwang.com
Copied greyscale screenshot to ./storage/cluster_data/gusuwang_com.png
Domain gyazo.com
Copied greyscale screenshot to ./storage/cluster_data/gyazo_com.png
Domain haberturk.com
Copied greyscale screenshot to ./storage/cluster_data/haberturk_com.png
Domain hamariweb.com
Copied greyscale screenshot to ./storage/cluster_data/hamariweb_com.png
Domain hao123.com
Copied greyscale screenshot to ./storage/cluster_data/hao123_com.png
Domain haofang.net
Copied greyscale screenshot to ./storage/cluster_data/haofang_net.png
Domain harvard.edu
Copied greyscale screenshot to ./storage/cluster_data/harvard_edu.png
Domain hatenablog.com
Copied greyscale screenshot to ./storage/cluster_data/hatenablog_com.png
Domain hawaaworld.com
Copied greyscale screenshot to ./storage/cluster_data/hawaaworld_com.png
Domain hdfcbank.com
Copied greyscale screenshot to ./storage/cluster_data/hdfcbank_com.png
Domain healthline.com
Copied greyscale screenshot to ./storage/cluster_data/healthline_com.png
Domain heavy.com
Copied greyscale screenshot to ./storage/cluster_data/heavy_com.png
Domain hepsiburada.com
Copied greyscale screenshot to ./storage/cluster_data/hepsiburada_com.png
Domain herokuapp.com
Copied greyscale screenshot to ./storage/cluster_data/herokuapp_com.png
Domain hespress.com
Copied greyscale screenshot to ./storage/cluster_data/hespress_com.png
Domain hh.ru
Copied greyscale screenshot to ./storage/cluster_data/hh_ru.png
Domain hi.ru
Copied greyscale screenshot to ./storage/cluster_data/hi_ru.png
Domain hk01.com
Copied greyscale screenshot to ./storage/cluster_data/hk01_com.png
Domain hm.com
Copied greyscale screenshot to ./storage/cluster_data/hm_com.png
Domain homedepot.com
Copied greyscale screenshot to ./storage/cluster_data/homedepot_com.png
Domain hootsuite.com
Copied greyscale screenshot to ./storage/cluster_data/hootsuite_com.png
Domain hotels.com
Copied greyscale screenshot to ./storage/cluster_data/hotels_com.png
Domain hotmart.com
Copied greyscale screenshot to ./storage/cluster_data/hotmart_com.png
Domain hotstar.com
Copied greyscale screenshot to ./storage/cluster_data/hotstar_com.png
Domain house365.com
Copied greyscale screenshot to ./storage/cluster_data/house365_com.png
Domain howtogeek.com
Copied greyscale screenshot to ./storage/cluster_data/howtogeek_com.png
Domain hp.com
Copied greyscale screenshot to ./storage/cluster_data/hp_com.png
Domain hqq.tv
Copied greyscale screenshot to ./storage/cluster_data/hqq_tv.png
Domain huaban.com
Copied greyscale screenshot to ./storage/cluster_data/huaban_com.png
Domain huanqiu.com
Copied greyscale screenshot to ./storage/cluster_data/huanqiu_com.png
Domain hubspot.com
Copied greyscale screenshot to ./storage/cluster_data/hubspot_com.png
Domain huffpost.com
Copied greyscale screenshot to ./storage/cluster_data/huffpost_com.png
Domain huim.com
Copied greyscale screenshot to ./storage/cluster_data/huim_com.png
Domain hulu.com
Copied greyscale screenshot to ./storage/cluster_data/hulu_com.png
Domain ibm.com
Copied greyscale screenshot to ./storage/cluster_data/ibm_com.png
Domain icicibank.com
Copied greyscale screenshot to ./storage/cluster_data/icicibank_com.png
Domain icloud.com
Copied greyscale screenshot to ./storage/cluster_data/icloud_com.png
Domain idntimes.com
Copied greyscale screenshot to ./storage/cluster_data/idntimes_com.png
Domain ifeng.com
Copied greyscale screenshot to ./storage/cluster_data/ifeng_com.png
Domain ign.com
Copied greyscale screenshot to ./storage/cluster_data/ign_com.png
Domain ih5.cn
Copied greyscale screenshot to ./storage/cluster_data/ih5_cn.png
Domain iherb.com
Copied greyscale screenshot to ./storage/cluster_data/iherb_com.png
Domain ikea.com
Copied greyscale screenshot to ./storage/cluster_data/ikea_com.png
Domain ilovepdf.com
Copied greyscale screenshot to ./storage/cluster_data/ilovepdf_com.png
Domain imdb.com
Copied greyscale screenshot to ./storage/cluster_data/imdb_com.png
Domain imgur.com
Copied greyscale screenshot to ./storage/cluster_data/imgur_com.png
Domain in.gr
Copied greyscale screenshot to ./storage/cluster_data/in_gr.png
Domain indeed.com
Copied greyscale screenshot to ./storage/cluster_data/indeed_com.png
Domain indiamart.com
Copied greyscale screenshot to ./storage/cluster_data/indiamart_com.png
Domain indiatimes.com
Copied greyscale screenshot to ./storage/cluster_data/indiatimes_com.png
Domain indiatoday.in
Copied greyscale screenshot to ./storage/cluster_data/indiatoday_in.png
Domain indosport.com
Copied greyscale screenshot to ./storage/cluster_data/indosport_com.png
Domain infobae.com
Copied greyscale screenshot to ./storage/cluster_data/infobae_com.png
Domain informer.com
Copied greyscale screenshot to ./storage/cluster_data/informer_com.png
Domain inquirer.net
Copied greyscale screenshot to ./storage/cluster_data/inquirer_net.png
Domain instagram.com
Copied greyscale screenshot to ./storage/cluster_data/instagram_com.png
Domain instructure.com
Copied greyscale screenshot to ./storage/cluster_data/instructure_com.png
Domain intel.com
Copied greyscale screenshot to ./storage/cluster_data/intel_com.png
Domain interia.pl
Copied greyscale screenshot to ./storage/cluster_data/interia_pl.png
Domain intoday.in
Copied greyscale screenshot to ./storage/cluster_data/intoday_in.png
Domain intuit.com
Copied greyscale screenshot to ./storage/cluster_data/intuit_com.png
Domain investing.com
Copied greyscale screenshot to ./storage/cluster_data/investing_com.png
Domain investopedia.com
Copied greyscale screenshot to ./storage/cluster_data/investopedia_com.png
Domain iqiyi.com
Copied greyscale screenshot to ./storage/cluster_data/iqiyi_com.png
Domain iqoption.com
Copied greyscale screenshot to ./storage/cluster_data/iqoption_com.png
Domain irs.gov
Copied greyscale screenshot to ./storage/cluster_data/irs_gov.png
Domain issuu.com
Copied greyscale screenshot to ./storage/cluster_data/issuu_com.png
Domain istockphoto.com
Copied greyscale screenshot to ./storage/cluster_data/istockphoto_com.png
Domain it168.com
Copied greyscale screenshot to ./storage/cluster_data/it168_com.png
Domain ivi.ru
Copied greyscale screenshot to ./storage/cluster_data/ivi_ru.png
Domain iyiou.com
Copied greyscale screenshot to ./storage/cluster_data/iyiou_com.png
Domain jamnews.com
Copied greyscale screenshot to ./storage/cluster_data/jamnews_com.png
Domain jb51.net
Copied greyscale screenshot to ./storage/cluster_data/jb51_net.png
Domain jd.com
Copied greyscale screenshot to ./storage/cluster_data/jd_com.png
Domain jia400.com
Copied greyscale screenshot to ./storage/cluster_data/jia400_com.png
Domain jianshu.com
Copied greyscale screenshot to ./storage/cluster_data/jianshu_com.png
Domain joins.com
Copied greyscale screenshot to ./storage/cluster_data/joins_com.png
Domain jooble.org
Copied greyscale screenshot to ./storage/cluster_data/jooble_org.png
Domain justdial.com
Copied greyscale screenshot to ./storage/cluster_data/justdial_com.png
Domain jw.org
Copied greyscale screenshot to ./storage/cluster_data/jw_org.png
Domain kakaku.com
Copied greyscale screenshot to ./storage/cluster_data/kakaku_com.png
Domain kakao.com
Copied greyscale screenshot to ./storage/cluster_data/kakao_com.png
Domain kapanlagi.com
Copied greyscale screenshot to ./storage/cluster_data/kapanlagi_com.png
Domain kayak.com
Copied greyscale screenshot to ./storage/cluster_data/kayak_com.png
Domain khabarfarsi.com
Copied greyscale screenshot to ./storage/cluster_data/khabarfarsi_com.png
Domain khanacademy.org
Copied greyscale screenshot to ./storage/cluster_data/khanacademy_org.png
Domain kickstarter.com
Copied greyscale screenshot to ./storage/cluster_data/kickstarter_com.png
Domain kijiji.ca
Copied greyscale screenshot to ./storage/cluster_data/kijiji_ca.png
Domain kinogo.by
Copied greyscale screenshot to ./storage/cluster_data/kinogo_by.png
Domain kinopoisk.ru
Copied greyscale screenshot to ./storage/cluster_data/kinopoisk_ru.png
Domain kissanime.ru
Copied greyscale screenshot to ./storage/cluster_data/kissanime_ru.png
Domain kizlarsoruyor.com
Copied greyscale screenshot to ./storage/cluster_data/kizlarsoruyor_com.png
Domain kknews.cc
Copied greyscale screenshot to ./storage/cluster_data/kknews_cc.png
Domain klix.ba
Copied greyscale screenshot to ./storage/cluster_data/klix_ba.png
Domain kompas.com
Copied greyscale screenshot to ./storage/cluster_data/kompas_com.png
Domain kompasiana.com
Copied greyscale screenshot to ./storage/cluster_data/kompasiana_com.png
Domain kooora.com
Copied greyscale screenshot to ./storage/cluster_data/kooora_com.png
Domain kumparan.com
Copied greyscale screenshot to ./storage/cluster_data/kumparan_com.png
Domain kundelik.kz
Copied greyscale screenshot to ./storage/cluster_data/kundelik_kz.png
Domain la1dwne9cn5c.com
Copied greyscale screenshot to ./storage/cluster_data/la1dwne9cn5c_com.png
Domain ladbible.com
Copied greyscale screenshot to ./storage/cluster_data/ladbible_com.png
Domain lazada.sg
Copied greyscale screenshot to ./storage/cluster_data/lazada_sg.png
Domain leagueoflegends.com
Copied greyscale screenshot to ./storage/cluster_data/leagueoflegends_com.png
Domain leboncoin.fr
Copied greyscale screenshot to ./storage/cluster_data/leboncoin_fr.png
Domain lenovo.com
Copied greyscale screenshot to ./storage/cluster_data/lenovo_com.png
Domain lenta.ru
Copied greyscale screenshot to ./storage/cluster_data/lenta_ru.png
Domain liansuo.com
Copied greyscale screenshot to ./storage/cluster_data/liansuo_com.png
Domain libero.it
Copied greyscale screenshot to ./storage/cluster_data/libero_it.png
Domain lifo.gr
Copied greyscale screenshot to ./storage/cluster_data/lifo_gr.png
Domain line.me
Copied greyscale screenshot to ./storage/cluster_data/line_me.png
Domain linkedin.com
Copied greyscale screenshot to ./storage/cluster_data/linkedin_com.png
Domain liputan6.com
Copied greyscale screenshot to ./storage/cluster_data/liputan6_com.png
Domain list-manage.com
Copied greyscale screenshot to ./storage/cluster_data/list-manage_com.png
Domain live.com
Copied greyscale screenshot to ./storage/cluster_data/live_com.png
Domain livedoor.jp
Copied greyscale screenshot to ./storage/cluster_data/livedoor_jp.png
Domain livejasmin.com
Copied greyscale screenshot to ./storage/cluster_data/livejasmin_com.png
Domain livejournal.com
Copied greyscale screenshot to ./storage/cluster_data/livejournal_com.png
Domain livescore.com
Copied greyscale screenshot to ./storage/cluster_data/livescore_com.png
Domain lowes.com
Copied greyscale screenshot to ./storage/cluster_data/lowes_com.png
Domain lun.com
Copied greyscale screenshot to ./storage/cluster_data/lun_com.png
Domain macys.com
Copied greyscale screenshot to ./storage/cluster_data/macys_com.png
Domain mail.ru
Copied greyscale screenshot to ./storage/cluster_data/mail_ru.png
Domain mailchimp.com
Copied greyscale screenshot to ./storage/cluster_data/mailchimp_com.png
Domain makemytrip.com
Copied greyscale screenshot to ./storage/cluster_data/makemytrip_com.png
Domain mama.cn
Copied greyscale screenshot to ./storage/cluster_data/mama_cn.png
Domain manganelo.com
Copied greyscale screenshot to ./storage/cluster_data/manganelo_com.png
Domain manoramaonline.com
Copied greyscale screenshot to ./storage/cluster_data/manoramaonline_com.png
Domain manyvids.com
Copied greyscale screenshot to ./storage/cluster_data/manyvids_com.png
Domain marca.com
Copied greyscale screenshot to ./storage/cluster_data/marca_com.png
Domain marketwatch.com
Copied greyscale screenshot to ./storage/cluster_data/marketwatch_com.png
Domain marriott.com
Copied greyscale screenshot to ./storage/cluster_data/marriott_com.png
Domain mathrubhumi.com
Copied greyscale screenshot to ./storage/cluster_data/mathrubhumi_com.png
Domain mawdoo3.com
Copied greyscale screenshot to ./storage/cluster_data/mawdoo3_com.png
Domain mayoclinic.org
Copied greyscale screenshot to ./storage/cluster_data/mayoclinic_org.png
Domain mediafire.com
Copied greyscale screenshot to ./storage/cluster_data/mediafire_com.png
Domain medicalnewstoday.com
Copied greyscale screenshot to ./storage/cluster_data/medicalnewstoday_com.png
Domain medium.com
Copied greyscale screenshot to ./storage/cluster_data/medium_com.png
Domain meetup.com
Copied greyscale screenshot to ./storage/cluster_data/meetup_com.png
Domain mega.nz
Copied greyscale screenshot to ./storage/cluster_data/mega_nz.png
Domain memurlar.net
Copied greyscale screenshot to ./storage/cluster_data/memurlar_net.png
Domain mercari.com
Copied greyscale screenshot to ./storage/cluster_data/mercari_com.png
Domain merdeka.com
Copied greyscale screenshot to ./storage/cluster_data/merdeka_com.png
Domain merriam-webster.com
Copied greyscale screenshot to ./storage/cluster_data/merriam-webster_com.png
Domain messenger.com
Copied greyscale screenshot to ./storage/cluster_data/messenger_com.png
Domain metropoles.com
Copied greyscale screenshot to ./storage/cluster_data/metropoles_com.png
Domain mfisp.com
Copied greyscale screenshot to ./storage/cluster_data/mfisp_com.png
Domain mgid.com
Copied greyscale screenshot to ./storage/cluster_data/mgid_com.png
Domain mheducation.com
Copied greyscale screenshot to ./storage/cluster_data/mheducation_com.png
Domain mi.com
Copied greyscale screenshot to ./storage/cluster_data/mi_com.png
Domain microsoft.com
Copied greyscale screenshot to ./storage/cluster_data/microsoft_com.png
Domain mileroticos.com
Copied greyscale screenshot to ./storage/cluster_data/mileroticos_com.png
Domain minuto30.com
Copied greyscale screenshot to ./storage/cluster_data/minuto30_com.png
Domain mit.edu
Copied greyscale screenshot to ./storage/cluster_data/mit_edu.png
Domain mobile.de
Copied greyscale screenshot to ./storage/cluster_data/mobile_de.png
Domain moneycontrol.com
Copied greyscale screenshot to ./storage/cluster_data/moneycontrol_com.png
Domain mos.ru
Copied greyscale screenshot to ./storage/cluster_data/mos_ru.png
Domain motor1.com
Copied greyscale screenshot to ./storage/cluster_data/motor1_com.png
Domain motorsport.com
Copied greyscale screenshot to ./storage/cluster_data/motorsport_com.png
Domain mozilla.org
Copied greyscale screenshot to ./storage/cluster_data/mozilla_org.png
Domain mseav.com
Copied greyscale screenshot to ./storage/cluster_data/mseav_com.png
Domain msn.com
Copied greyscale screenshot to ./storage/cluster_data/msn_com.png
Domain myanimelist.net
Copied greyscale screenshot to ./storage/cluster_data/myanimelist_net.png
Domain myanmarload.com
Copied greyscale screenshot to ./storage/cluster_data/myanmarload_com.png
Domain mynet.com
Copied greyscale screenshot to ./storage/cluster_data/mynet_com.png
Domain myntra.com
Copied greyscale screenshot to ./storage/cluster_data/myntra_com.png
Domain myshopify.com
Copied greyscale screenshot to ./storage/cluster_data/myshopify_com.png
Domain myway.com
Copied greyscale screenshot to ./storage/cluster_data/myway_com.png
Domain myworkday.com
Copied greyscale screenshot to ./storage/cluster_data/myworkday_com.png
Domain n11.com
Copied greyscale screenshot to ./storage/cluster_data/n11_com.png
Domain nairaland.com
Copied greyscale screenshot to ./storage/cluster_data/nairaland_com.png
Domain namasha.com
Copied greyscale screenshot to ./storage/cluster_data/namasha_com.png
Domain namnak.com
Copied greyscale screenshot to ./storage/cluster_data/namnak_com.png
Domain namu.wiki
Copied greyscale screenshot to ./storage/cluster_data/namu_wiki.png
Domain narcity.com
Copied greyscale screenshot to ./storage/cluster_data/narcity_com.png
Domain naukri.com
Copied greyscale screenshot to ./storage/cluster_data/naukri_com.png
Domain naver.com
Copied greyscale screenshot to ./storage/cluster_data/naver_com.png
Domain nba.com
Copied greyscale screenshot to ./storage/cluster_data/nba_com.png
Domain nbcnews.com
Copied greyscale screenshot to ./storage/cluster_data/nbcnews_com.png
Domain ndtv.com
Copied greyscale screenshot to ./storage/cluster_data/ndtv_com.png
Domain neobux.com
Copied greyscale screenshot to ./storage/cluster_data/neobux_com.png
Domain netflix.com
Copied greyscale screenshot to ./storage/cluster_data/netflix_com.png
Domain newegg.com
Copied greyscale screenshot to ./storage/cluster_data/newegg_com.png
Domain news18.com
Copied greyscale screenshot to ./storage/cluster_data/news18_com.png
Domain newstrend.news
Copied greyscale screenshot to ./storage/cluster_data/newstrend_news.png
Domain nicovideo.jp
Copied greyscale screenshot to ./storage/cluster_data/nicovideo_jp.png
Domain nicsorts-accarade.com
Copied greyscale screenshot to ./storage/cluster_data/nicsorts-accarade_com.png
Domain nih.gov
Copied greyscale screenshot to ./storage/cluster_data/nih_gov.png
Domain nike.com
Copied greyscale screenshot to ./storage/cluster_data/nike_com.png
Domain nikkei.com
Copied greyscale screenshot to ./storage/cluster_data/nikkei_com.png
Domain ninisite.com
Copied greyscale screenshot to ./storage/cluster_data/ninisite_com.png
Domain norton.com
Copied greyscale screenshot to ./storage/cluster_data/norton_com.png
Domain nownews.com
Copied greyscale screenshot to ./storage/cluster_data/nownews_com.png
Domain npr.org
Copied greyscale screenshot to ./storage/cluster_data/npr_org.png
Domain ntdtv.com
Copied greyscale screenshot to ./storage/cluster_data/ntdtv_com.png
Domain nur.kz
Copied greyscale screenshot to ./storage/cluster_data/nur_kz.png
Domain nvidia.com
Copied greyscale screenshot to ./storage/cluster_data/nvidia_com.png
Domain nyaa.si
Copied greyscale screenshot to ./storage/cluster_data/nyaa_si.png
Domain nypost.com
Copied greyscale screenshot to ./storage/cluster_data/nypost_com.png
Domain nytimes.com
Copied greyscale screenshot to ./storage/cluster_data/nytimes_com.png
Domain office.com
Copied greyscale screenshot to ./storage/cluster_data/office_com.png
Domain office365.com
Copied greyscale screenshot to ./storage/cluster_data/office365_com.png
Domain ojooo.com
Copied greyscale screenshot to ./storage/cluster_data/ojooo_com.png
Domain ok.ru
Copied greyscale screenshot to ./storage/cluster_data/ok_ru.png
Domain okezone.com
Copied greyscale screenshot to ./storage/cluster_data/okezone_com.png
Domain okta.com
Copied greyscale screenshot to ./storage/cluster_data/okta_com.png
Domain olx.ua
Copied greyscale screenshot to ./storage/cluster_data/olx_ua.png
Domain olx.com.br
Copied greyscale screenshot to ./storage/cluster_data/olx_com_br.png
Domain olx.pl
Copied greyscale screenshot to ./storage/cluster_data/olx_pl.png
Domain onemboaran.com
Copied greyscale screenshot to ./storage/cluster_data/onemboaran_com.png
Domain onet.pl
Copied greyscale screenshot to ./storage/cluster_data/onet_pl.png
Domain online-convert.com
Copied greyscale screenshot to ./storage/cluster_data/online-convert_com.png
Domain onlinesbi.com
Copied greyscale screenshot to ./storage/cluster_data/onlinesbi_com.png
Domain op.gg
Copied greyscale screenshot to ./storage/cluster_data/op_gg.png
Domain oracle.com
Copied greyscale screenshot to ./storage/cluster_data/oracle_com.png
Domain orange.fr
Copied greyscale screenshot to ./storage/cluster_data/orange_fr.png
Domain oschina.net
Copied greyscale screenshot to ./storage/cluster_data/oschina_net.png
Domain osskanger.com
Copied greyscale screenshot to ./storage/cluster_data/osskanger_com.png
Domain ouedkniss.com
Copied greyscale screenshot to ./storage/cluster_data/ouedkniss_com.png
Domain ouo.io
Copied greyscale screenshot to ./storage/cluster_data/ouo_io.png
Domain outbrain.com
Copied greyscale screenshot to ./storage/cluster_data/outbrain_com.png
Domain over-blog.com
Copied greyscale screenshot to ./storage/cluster_data/over-blog_com.png
Domain ozon.ru
Copied greyscale screenshot to ./storage/cluster_data/ozon_ru.png
Domain padlet.com
Copied greyscale screenshot to ./storage/cluster_data/padlet_com.png
Domain panda.tv
Copied greyscale screenshot to ./storage/cluster_data/panda_tv.png
Domain pandora.com
Copied greyscale screenshot to ./storage/cluster_data/pandora_com.png
Domain pantip.com
Copied greyscale screenshot to ./storage/cluster_data/pantip_com.png
Domain patch.com
Copied greyscale screenshot to ./storage/cluster_data/patch_com.png
Domain patreon.com
Copied greyscale screenshot to ./storage/cluster_data/patreon_com.png
Domain paypal.com
Copied greyscale screenshot to ./storage/cluster_data/paypal_com.png
Domain paytm.com
Copied greyscale screenshot to ./storage/cluster_data/paytm_com.png
Domain payu.in
Copied greyscale screenshot to ./storage/cluster_data/payu_in.png
Domain pelisplus.me
Copied greyscale screenshot to ./storage/cluster_data/pelisplus_me.png
Domain pexels.com
Copied greyscale screenshot to ./storage/cluster_data/pexels_com.png
Domain pikabu.ru
Copied greyscale screenshot to ./storage/cluster_data/pikabu_ru.png
Domain pinimg.com
Copied greyscale screenshot to ./storage/cluster_data/pinimg_com.png
Domain pinterest.com
Copied greyscale screenshot to ./storage/cluster_data/pinterest_com.png
Domain pixabay.com
Copied greyscale screenshot to ./storage/cluster_data/pixabay_com.png
Domain pixiv.net
Copied greyscale screenshot to ./storage/cluster_data/pixiv_net.png
Domain pixnet.net
Copied greyscale screenshot to ./storage/cluster_data/pixnet_net.png
Domain playstation.com
Copied greyscale screenshot to ./storage/cluster_data/playstation_com.png
Domain pngtree.com
Copied greyscale screenshot to ./storage/cluster_data/pngtree_com.png
Domain popads.net
Copied greyscale screenshot to ./storage/cluster_data/popads_net.png
Domain pornhub.com
Copied greyscale screenshot to ./storage/cluster_data/pornhub_com.png
Domain postlnk.com
Copied greyscale screenshot to ./storage/cluster_data/postlnk_com.png
Domain powerapp.download
Copied greyscale screenshot to ./storage/cluster_data/powerapp_download.png
Domain prezi.com
Copied greyscale screenshot to ./storage/cluster_data/prezi_com.png
Domain primevideo.com
Copied greyscale screenshot to ./storage/cluster_data/primevideo_com.png
Domain prothomalo.com
Copied greyscale screenshot to ./storage/cluster_data/prothomalo_com.png
Domain ptt.cc
Copied greyscale screenshot to ./storage/cluster_data/ptt_cc.png
Domain pulzo.com
Copied greyscale screenshot to ./storage/cluster_data/pulzo_com.png
Domain qoo10.sg
Copied greyscale screenshot to ./storage/cluster_data/qoo10_sg.png
Domain qq.com
Copied greyscale screenshot to ./storage/cluster_data/qq_com.png
Domain qualtrics.com
Copied greyscale screenshot to ./storage/cluster_data/qualtrics_com.png
Domain quizlet.com
Copied greyscale screenshot to ./storage/cluster_data/quizlet_com.png
Domain quora.com
Copied greyscale screenshot to ./storage/cluster_data/quora_com.png
Domain rakuten.co.jp
Copied greyscale screenshot to ./storage/cluster_data/rakuten_co_jp.png
Domain rakuten.com
Copied greyscale screenshot to ./storage/cluster_data/rakuten_com.png
Domain rambler.ru
Copied greyscale screenshot to ./storage/cluster_data/rambler_ru.png
Domain rarbg.to
Copied greyscale screenshot to ./storage/cluster_data/rarbg_to.png
Domain rbc.ru
Copied greyscale screenshot to ./storage/cluster_data/rbc_ru.png
Domain realtor.com
Copied greyscale screenshot to ./storage/cluster_data/realtor_com.png
Domain redd.it
Copied greyscale screenshot to ./storage/cluster_data/redd_it.png
Domain reddit.com
Copied greyscale screenshot to ./storage/cluster_data/reddit_com.png
Domain rediff.com
Copied greyscale screenshot to ./storage/cluster_data/rediff_com.png
Domain rednet.cn
Copied greyscale screenshot to ./storage/cluster_data/rednet_cn.png
Domain redtube.com
Copied greyscale screenshot to ./storage/cluster_data/redtube_com.png
Domain repubblica.it
Copied greyscale screenshot to ./storage/cluster_data/repubblica_it.png
Domain researchgate.net
Copied greyscale screenshot to ./storage/cluster_data/researchgate_net.png
Domain reuters.com
Copied greyscale screenshot to ./storage/cluster_data/reuters_com.png
Domain reverso.net
Copied greyscale screenshot to ./storage/cluster_data/reverso_net.png
Domain rezka.ag
Copied greyscale screenshot to ./storage/cluster_data/rezka_ag.png
Domain ria.ru
Copied greyscale screenshot to ./storage/cluster_data/ria_ru.png
Domain roblox.com
Copied greyscale screenshot to ./storage/cluster_data/roblox_com.png
Domain rokna.net
Copied greyscale screenshot to ./storage/cluster_data/rokna_net.png
Domain rottentomatoes.com
Copied greyscale screenshot to ./storage/cluster_data/rottentomatoes_com.png
Domain royalbank.com
Copied greyscale screenshot to ./storage/cluster_data/royalbank_com.png
Domain rt.com
Copied greyscale screenshot to ./storage/cluster_data/rt_com.png
Domain runoob.com
Copied greyscale screenshot to ./storage/cluster_data/runoob_com.png
Domain rutracker.org
Copied greyscale screenshot to ./storage/cluster_data/rutracker_org.png
Domain sabq.org
Copied greyscale screenshot to ./storage/cluster_data/sabq_org.png
Domain sahibinden.com
Copied greyscale screenshot to ./storage/cluster_data/sahibinden_com.png
Domain salesforce.com
Copied greyscale screenshot to ./storage/cluster_data/salesforce_com.png
Domain samsung.com
Copied greyscale screenshot to ./storage/cluster_data/samsung_com.png
Domain sarkariresult.com
Copied greyscale screenshot to ./storage/cluster_data/sarkariresult_com.png
Domain sauwoaptain.com
Copied greyscale screenshot to ./storage/cluster_data/sauwoaptain_com.png
Domain savefrom.net
Copied greyscale screenshot to ./storage/cluster_data/savefrom_net.png
Domain sberbank.ru
Copied greyscale screenshot to ./storage/cluster_data/sberbank_ru.png
Domain schwab.com
Copied greyscale screenshot to ./storage/cluster_data/schwab_com.png
Domain sci-hub.tw
Copied greyscale screenshot to ./storage/cluster_data/sci-hub_tw.png
Domain sciencedirect.com
Copied greyscale screenshot to ./storage/cluster_data/sciencedirect_com.png
Domain scribd.com
Copied greyscale screenshot to ./storage/cluster_data/scribd_com.png
Domain scuseami.net
Copied greyscale screenshot to ./storage/cluster_data/scuseami_net.png
Domain sdamgia.ru
Copied greyscale screenshot to ./storage/cluster_data/sdamgia_ru.png
Domain sdpnoticias.com
Copied greyscale screenshot to ./storage/cluster_data/sdpnoticias_com.png
Domain seasonvar.ru
Copied greyscale screenshot to ./storage/cluster_data/seasonvar_ru.png
Domain segmentfault.com
Copied greyscale screenshot to ./storage/cluster_data/segmentfault_com.png
Domain service-now.com
Copied greyscale screenshot to ./storage/cluster_data/service-now_com.png
Domain setn.com
Copied greyscale screenshot to ./storage/cluster_data/setn_com.png
Domain seznam.cz
Copied greyscale screenshot to ./storage/cluster_data/seznam_cz.png
Domain shaparak.ir
Copied greyscale screenshot to ./storage/cluster_data/shaparak_ir.png
Domain shimo.im
Copied greyscale screenshot to ./storage/cluster_data/shimo_im.png
Domain shopee.tw
Copied greyscale screenshot to ./storage/cluster_data/shopee_tw.png
Domain shopee.co.id
Copied greyscale screenshot to ./storage/cluster_data/shopee_co_id.png
Domain shopee.vn
Copied greyscale screenshot to ./storage/cluster_data/shopee_vn.png
Domain shopify.com
Copied greyscale screenshot to ./storage/cluster_data/shopify_com.png
Domain shutterstock.com
Copied greyscale screenshot to ./storage/cluster_data/shutterstock_com.png
Domain sindonews.com
Copied greyscale screenshot to ./storage/cluster_data/sindonews_com.png
Domain skroutz.gr
Copied greyscale screenshot to ./storage/cluster_data/skroutz_gr.png
Domain skype.com
Copied greyscale screenshot to ./storage/cluster_data/skype_com.png
Domain slack.com
Copied greyscale screenshot to ./storage/cluster_data/slack_com.png
Domain slickdeals.net
Copied greyscale screenshot to ./storage/cluster_data/slickdeals_net.png
Domain slideshare.net
Copied greyscale screenshot to ./storage/cluster_data/slideshare_net.png
Domain smallpdf.com
Copied greyscale screenshot to ./storage/cluster_data/smallpdf_com.png
Domain so.com
Copied greyscale screenshot to ./storage/cluster_data/so_com.png
Domain soft98.ir
Copied greyscale screenshot to ./storage/cluster_data/soft98_ir.png
Domain softonic.com
Copied greyscale screenshot to ./storage/cluster_data/softonic_com.png
Domain sogou.com
Copied greyscale screenshot to ./storage/cluster_data/sogou_com.png
Domain sohu.com
Copied greyscale screenshot to ./storage/cluster_data/sohu_com.png
Domain sonhoo.com
Copied greyscale screenshot to ./storage/cluster_data/sonhoo_com.png
Domain sonyliv.com
Copied greyscale screenshot to ./storage/cluster_data/sonyliv_com.png
Domain soso.com
Copied greyscale screenshot to ./storage/cluster_data/soso_com.png
Domain soundcloud.com
Copied greyscale screenshot to ./storage/cluster_data/soundcloud_com.png
Domain souq.com
Copied greyscale screenshot to ./storage/cluster_data/souq_com.png
Domain sourceforge.net
Copied greyscale screenshot to ./storage/cluster_data/sourceforge_net.png
Domain southwest.com
Copied greyscale screenshot to ./storage/cluster_data/southwest_com.png
Domain spanishdict.com
Copied greyscale screenshot to ./storage/cluster_data/spanishdict_com.png
Domain spankbang.com
Copied greyscale screenshot to ./storage/cluster_data/spankbang_com.png
Domain speedtest.net
Copied greyscale screenshot to ./storage/cluster_data/speedtest_net.png
Domain spiegel.de
Copied greyscale screenshot to ./storage/cluster_data/spiegel_de.png
Domain sportbible.com
Copied greyscale screenshot to ./storage/cluster_data/sportbible_com.png
Domain sporx.com
Copied greyscale screenshot to ./storage/cluster_data/sporx_com.png
Domain spotify.com
Copied greyscale screenshot to ./storage/cluster_data/spotify_com.png
Domain springer.com
Copied greyscale screenshot to ./storage/cluster_data/springer_com.png
Domain sputniknews.com
Copied greyscale screenshot to ./storage/cluster_data/sputniknews_com.png
Domain squarespace.com
Copied greyscale screenshot to ./storage/cluster_data/squarespace_com.png
Domain stackexchange.com
Copied greyscale screenshot to ./storage/cluster_data/stackexchange_com.png
Domain stackoverflow.com
Copied greyscale screenshot to ./storage/cluster_data/stackoverflow_com.png
Domain state.gov
Copied greyscale screenshot to ./storage/cluster_data/state_gov.png
Domain steamcommunity.com
Copied greyscale screenshot to ./storage/cluster_data/steamcommunity_com.png
Domain steampowered.com
Copied greyscale screenshot to ./storage/cluster_data/steampowered_com.png
Domain storm.mg
Copied greyscale screenshot to ./storage/cluster_data/storm_mg.png
Domain stremanp.com
Copied greyscale screenshot to ./storage/cluster_data/stremanp_com.png
Domain study.com
Copied greyscale screenshot to ./storage/cluster_data/study_com.png
Domain suara.com
Copied greyscale screenshot to ./storage/cluster_data/suara_com.png
Domain subscene.com
Copied greyscale screenshot to ./storage/cluster_data/subscene_com.png
Domain superuser.com
Copied greyscale screenshot to ./storage/cluster_data/superuser_com.png
Domain surveymonkey.com
Copied greyscale screenshot to ./storage/cluster_data/surveymonkey_com.png
Domain t-online.de
Copied greyscale screenshot to ./storage/cluster_data/t-online_de.png
Domain t.co
Copied greyscale screenshot to ./storage/cluster_data/t_co.png
Domain t.me
Copied greyscale screenshot to ./storage/cluster_data/t_me.png
Domain taboola.com
Copied greyscale screenshot to ./storage/cluster_data/taboola_com.png
Domain taleo.net
Copied greyscale screenshot to ./storage/cluster_data/taleo_net.png
Domain tandfonline.com
Copied greyscale screenshot to ./storage/cluster_data/tandfonline_com.png
Domain taobao.com
Copied greyscale screenshot to ./storage/cluster_data/taobao_com.png
Domain target.com
Copied greyscale screenshot to ./storage/cluster_data/target_com.png
Domain td.com
Copied greyscale screenshot to ./storage/cluster_data/td_com.png
Domain teacherspayteachers.com
Copied greyscale screenshot to ./storage/cluster_data/teacherspayteachers_com.png
Domain teamviewer.com
Copied greyscale screenshot to ./storage/cluster_data/teamviewer_com.png
Domain techradar.com
Copied greyscale screenshot to ./storage/cluster_data/techradar_com.png
Domain telegram.org
Copied greyscale screenshot to ./storage/cluster_data/telegram_org.png
Domain telewebion.com
Copied greyscale screenshot to ./storage/cluster_data/telewebion_com.png
Domain tempo.co
Copied greyscale screenshot to ./storage/cluster_data/tempo_co.png
Domain tencent.com
Copied greyscale screenshot to ./storage/cluster_data/tencent_com.png
Domain theepochtimes.com
Copied greyscale screenshot to ./storage/cluster_data/theepochtimes_com.png
Domain thefreedictionary.com
Copied greyscale screenshot to ./storage/cluster_data/thefreedictionary_com.png
Domain theguardian.com
Copied greyscale screenshot to ./storage/cluster_data/theguardian_com.png
Domain themeforest.net
Copied greyscale screenshot to ./storage/cluster_data/themeforest_net.png
Domain thepiratebay.org
Copied greyscale screenshot to ./storage/cluster_data/thepiratebay_org.png
Domain thesaurus.com
Copied greyscale screenshot to ./storage/cluster_data/thesaurus_com.png
Domain thestartmagazine.com
Copied greyscale screenshot to ./storage/cluster_data/thestartmagazine_com.png
Domain theverge.com
Copied greyscale screenshot to ./storage/cluster_data/theverge_com.png
Domain tianya.cn
Copied greyscale screenshot to ./storage/cluster_data/tianya_cn.png
Domain ticketmaster.com
Copied greyscale screenshot to ./storage/cluster_data/ticketmaster_com.png
Domain tiktok.com
Copied greyscale screenshot to ./storage/cluster_data/tiktok_com.png
Domain timeanddate.com
Copied greyscale screenshot to ./storage/cluster_data/timeanddate_com.png
Domain tistory.com
Copied greyscale screenshot to ./storage/cluster_data/tistory_com.png
Domain tmall.com
Copied greyscale screenshot to ./storage/cluster_data/tmall_com.png
Domain to8to.com
Copied greyscale screenshot to ./storage/cluster_data/to8to_com.png
Domain tokopedia.com
Copied greyscale screenshot to ./storage/cluster_data/tokopedia_com.png
Domain toutiao.com
Copied greyscale screenshot to ./storage/cluster_data/toutiao_com.png
Domain tradingview.com
Copied greyscale screenshot to ./storage/cluster_data/tradingview_com.png
Domain trello.com
Copied greyscale screenshot to ./storage/cluster_data/trello_com.png
Domain trendingnow.video
Copied greyscale screenshot to ./storage/cluster_data/trendingnow_video.png
Domain trendyol.com
Copied greyscale screenshot to ./storage/cluster_data/trendyol_com.png
Domain tribunnews.com
Copied greyscale screenshot to ./storage/cluster_data/tribunnews_com.png
Domain tripadvisor.com
Copied greyscale screenshot to ./storage/cluster_data/tripadvisor_com.png
Domain trontv.com
Copied greyscale screenshot to ./storage/cluster_data/trontv_com.png
Domain tsetmc.com
Copied greyscale screenshot to ./storage/cluster_data/tsetmc_com.png
Domain tumblr.com
Copied greyscale screenshot to ./storage/cluster_data/tumblr_com.png
Domain tutorialspoint.com
Copied greyscale screenshot to ./storage/cluster_data/tutorialspoint_com.png
Domain twitch.tv
Copied greyscale screenshot to ./storage/cluster_data/twitch_tv.png
Domain twitter.com
Copied greyscale screenshot to ./storage/cluster_data/twitter_com.png
Domain uber.com
Copied greyscale screenshot to ./storage/cluster_data/uber_com.png
Domain uchi.ru
Copied greyscale screenshot to ./storage/cluster_data/uchi_ru.png
Domain udemy.com
Copied greyscale screenshot to ./storage/cluster_data/udemy_com.png
Domain udn.com
Copied greyscale screenshot to ./storage/cluster_data/udn_com.png
Domain ukr.net
Copied greyscale screenshot to ./storage/cluster_data/ukr_net.png
Domain ultimate-guitar.com
Copied greyscale screenshot to ./storage/cluster_data/ultimate-guitar_com.png
Domain umeng.com
Copied greyscale screenshot to ./storage/cluster_data/umeng_com.png
Domain unsplash.com
Copied greyscale screenshot to ./storage/cluster_data/unsplash_com.png
Domain ups.com
Copied greyscale screenshot to ./storage/cluster_data/ups_com.png
Domain uptobox.com
Copied greyscale screenshot to ./storage/cluster_data/uptobox_com.png
Domain uptodown.com
Copied greyscale screenshot to ./storage/cluster_data/uptodown_com.png
Domain upwork.com
Copied greyscale screenshot to ./storage/cluster_data/upwork_com.png
Domain urbandictionary.com
Copied greyscale screenshot to ./storage/cluster_data/urbandictionary_com.png
Domain urdupoint.com
Copied greyscale screenshot to ./storage/cluster_data/urdupoint_com.png
Domain usatoday.com
Copied greyscale screenshot to ./storage/cluster_data/usatoday_com.png
Domain uselnk.com
Copied greyscale screenshot to ./storage/cluster_data/uselnk_com.png
Domain usnews.com
Copied greyscale screenshot to ./storage/cluster_data/usnews_com.png
Domain usps.com
Copied greyscale screenshot to ./storage/cluster_data/usps_com.png
Domain utorrent.com
Copied greyscale screenshot to ./storage/cluster_data/utorrent_com.png
Domain uzone.id
Copied greyscale screenshot to ./storage/cluster_data/uzone_id.png
Domain v2ex.com
Copied greyscale screenshot to ./storage/cluster_data/v2ex_com.png
Domain varzesh3.com
Copied greyscale screenshot to ./storage/cluster_data/varzesh3_com.png
Domain verizonwireless.com
Copied greyscale screenshot to ./storage/cluster_data/verizonwireless_com.png
Domain vidio.com
Copied greyscale screenshot to ./storage/cluster_data/vidio_com.png
Domain vimeo.com
Copied greyscale screenshot to ./storage/cluster_data/vimeo_com.png
Domain visualstudio.com
Copied greyscale screenshot to ./storage/cluster_data/visualstudio_com.png
Domain vk.com
Copied greyscale screenshot to ./storage/cluster_data/vk_com.png
Domain vnexpress.net
Copied greyscale screenshot to ./storage/cluster_data/vnexpress_net.png
Domain vseigru.net
Copied greyscale screenshot to ./storage/cluster_data/vseigru_net.png
Domain w3schools.com
Copied greyscale screenshot to ./storage/cluster_data/w3schools_com.png
Domain walmart.com
Copied greyscale screenshot to ./storage/cluster_data/walmart_com.png
Domain washingtonpost.com
Copied greyscale screenshot to ./storage/cluster_data/washingtonpost_com.png
Domain wattpad.com
Copied greyscale screenshot to ./storage/cluster_data/wattpad_com.png
Domain wayfair.com
Copied greyscale screenshot to ./storage/cluster_data/wayfair_com.png
Domain wease.im
Copied greyscale screenshot to ./storage/cluster_data/wease_im.png
Domain weather.com
Copied greyscale screenshot to ./storage/cluster_data/weather_com.png
Domain web.de
Copied greyscale screenshot to ./storage/cluster_data/web_de.png
Domain weblio.jp
Copied greyscale screenshot to ./storage/cluster_data/weblio_jp.png
Domain webmd.com
Copied greyscale screenshot to ./storage/cluster_data/webmd_com.png
Domain weebly.com
Copied greyscale screenshot to ./storage/cluster_data/weebly_com.png
Domain weibo.com
Copied greyscale screenshot to ./storage/cluster_data/weibo_com.png
Domain wellsfargo.com
Copied greyscale screenshot to ./storage/cluster_data/wellsfargo_com.png
Domain westernjournal.com
Copied greyscale screenshot to ./storage/cluster_data/westernjournal_com.png
Domain wetransfer.com
Copied greyscale screenshot to ./storage/cluster_data/wetransfer_com.png
Domain whatsapp.com
Copied greyscale screenshot to ./storage/cluster_data/whatsapp_com.png
Domain who.int
Copied greyscale screenshot to ./storage/cluster_data/who_int.png
Domain wikihow.com
Copied greyscale screenshot to ./storage/cluster_data/wikihow_com.png
Domain wikimedia.org
Copied greyscale screenshot to ./storage/cluster_data/wikimedia_org.png
Domain wikipedia.org
Copied greyscale screenshot to ./storage/cluster_data/wikipedia_org.png
Domain wiktionary.org
Copied greyscale screenshot to ./storage/cluster_data/wiktionary_org.png
Domain wildberries.ru
Copied greyscale screenshot to ./storage/cluster_data/wildberries_ru.png
Domain wiley.com
Copied greyscale screenshot to ./storage/cluster_data/wiley_com.png
Domain win-rar.com
Copied greyscale screenshot to ./storage/cluster_data/win-rar_com.png
Domain winshang.com
Copied greyscale screenshot to ./storage/cluster_data/winshang_com.png
Domain wish.com
Copied greyscale screenshot to ./storage/cluster_data/wish_com.png
Domain wix.com
Copied greyscale screenshot to ./storage/cluster_data/wix_com.png
Domain wondershare.com
Copied greyscale screenshot to ./storage/cluster_data/wondershare_com.png
Domain wordpress.com
Copied greyscale screenshot to ./storage/cluster_data/wordpress_com.png
Domain wordpress.org
Copied greyscale screenshot to ./storage/cluster_data/wordpress_org.png
Domain wordreference.com
Copied greyscale screenshot to ./storage/cluster_data/wordreference_com.png
Domain worldometers.info
Copied greyscale screenshot to ./storage/cluster_data/worldometers_info.png
Domain wowhead.com
Copied greyscale screenshot to ./storage/cluster_data/wowhead_com.png
Domain wp.pl
Copied greyscale screenshot to ./storage/cluster_data/wp_pl.png
Domain wp.com
Copied greyscale screenshot to ./storage/cluster_data/wp_com.png
Domain wsj.com
Copied greyscale screenshot to ./storage/cluster_data/wsj_com.png
Domain wunderground.com
Copied greyscale screenshot to ./storage/cluster_data/wunderground_com.png
Domain xe.com
Copied greyscale screenshot to ./storage/cluster_data/xe_com.png
Domain xero.com
Copied greyscale screenshot to ./storage/cluster_data/xero_com.png
Domain xfinity.com
Copied greyscale screenshot to ./storage/cluster_data/xfinity_com.png
Domain xhamster.com
Copied greyscale screenshot to ./storage/cluster_data/xhamster_com.png
Domain xinhuanet.com
Copied greyscale screenshot to ./storage/cluster_data/xinhuanet_com.png
Domain xnxx.com
Copied greyscale screenshot to ./storage/cluster_data/xnxx_com.png
Domain xvideos.com
Copied greyscale screenshot to ./storage/cluster_data/xvideos_com.png
Domain y2mate.com
Copied greyscale screenshot to ./storage/cluster_data/y2mate_com.png
Domain yahoo.com
Copied greyscale screenshot to ./storage/cluster_data/yahoo_com.png
Domain yahoo.co.jp
Copied greyscale screenshot to ./storage/cluster_data/yahoo_co_jp.png
Domain yallakora.com
Copied greyscale screenshot to ./storage/cluster_data/yallakora_com.png
Domain yandex.ru
Copied greyscale screenshot to ./storage/cluster_data/yandex_ru.png
Domain yandex.com
Copied greyscale screenshot to ./storage/cluster_data/yandex_com.png
Domain yelp.com
Copied greyscale screenshot to ./storage/cluster_data/yelp_com.png
Domain yenisafak.com
Copied greyscale screenshot to ./storage/cluster_data/yenisafak_com.png
Domain yjc.ir
Copied greyscale screenshot to ./storage/cluster_data/yjc_ir.png
Domain youdao.com
Copied greyscale screenshot to ./storage/cluster_data/youdao_com.png
Domain youku.com
Copied greyscale screenshot to ./storage/cluster_data/youku_com.png
Domain youm7.com
Copied greyscale screenshot to ./storage/cluster_data/youm7_com.png
Domain youporn.com
Copied greyscale screenshot to ./storage/cluster_data/youporn_com.png
Domain youth.cn
Copied greyscale screenshot to ./storage/cluster_data/youth_cn.png
Domain youtube.com
Copied greyscale screenshot to ./storage/cluster_data/youtube_com.png
Domain ytmp3.cc
Copied greyscale screenshot to ./storage/cluster_data/ytmp3_cc.png
Domain yts.mx
Copied greyscale screenshot to ./storage/cluster_data/yts_mx.png
Domain yy.com
Copied greyscale screenshot to ./storage/cluster_data/yy_com.png
Domain zara.com
Copied greyscale screenshot to ./storage/cluster_data/zara_com.png
Domain zendesk.com
Copied greyscale screenshot to ./storage/cluster_data/zendesk_com.png
Domain zerodha.com
Copied greyscale screenshot to ./storage/cluster_data/zerodha_com.png
Domain zhanqi.tv
Copied greyscale screenshot to ./storage/cluster_data/zhanqi_tv.png
Domain zhcw.com
Copied greyscale screenshot to ./storage/cluster_data/zhcw_com.png
Domain zhibo8.cc
Copied greyscale screenshot to ./storage/cluster_data/zhibo8_cc.png
Domain zhihu.com
Copied greyscale screenshot to ./storage/cluster_data/zhihu_com.png
Domain zillow.com
Copied greyscale screenshot to ./storage/cluster_data/zillow_com.png
Domain zing.vn
Copied greyscale screenshot to ./storage/cluster_data/zing_vn.png
Domain zippyshare.com
Copied greyscale screenshot to ./storage/cluster_data/zippyshare_com.png
Domain zoho.com
Copied greyscale screenshot to ./storage/cluster_data/zoho_com.png
Domain zomato.com
Copied greyscale screenshot to ./storage/cluster_data/zomato_com.png
Domain zoom.us
Copied greyscale screenshot to ./storage/cluster_data/zoom_us.png
Domain zougla.gr
Copied greyscale screenshot to ./storage/cluster_data/zougla_gr.png
Domain 104.com.tw
Copied greyscale screenshot to ./storage/cluster_data/104_com_tw.png
Domain 11st.co.kr
Copied greyscale screenshot to ./storage/cluster_data/11st_co_kr.png
Domain 3c.tmall.com
Copied greyscale screenshot to ./storage/cluster_data/3c_tmall_com.png
Domain abril.com.br
Copied greyscale screenshot to ./storage/cluster_data/abril_com_br.png
Domain afip.gob.ar
Copied greyscale screenshot to ./storage/cluster_data/afip_gob_ar.png
Domain aimer.tmall.com
Copied greyscale screenshot to ./storage/cluster_data/aimer_tmall_com.png
Domain aksam.com.tr
Copied greyscale screenshot to ./storage/cluster_data/aksam_com_tr.png
Domain americanas.com.br
Copied greyscale screenshot to ./storage/cluster_data/americanas_com_br.png
Domain anta.tmall.com
Copied greyscale screenshot to ./storage/cluster_data/anta_tmall_com.png
Domain baby.tmall.com
Copied greyscale screenshot to ./storage/cluster_data/baby_tmall_com.png
Domain bag.tmall.com
Copied greyscale screenshot to ./storage/cluster_data/bag_tmall_com.png
Domain basichouse.tmall.com
Copied greyscale screenshot to ./storage/cluster_data/basichouse_tmall_com.png
Domain bershka.tmall.com
Copied greyscale screenshot to ./storage/cluster_data/bershka_tmall_com.png
Domain book.tmall.com
Copied greyscale screenshot to ./storage/cluster_data/book_tmall_com.png
Domain cabbeen.tmall.com
Copied greyscale screenshot to ./storage/cluster_data/cabbeen_tmall_com.png
Domain caixa.gov.br
Copied greyscale screenshot to ./storage/cluster_data/caixa_gov_br.png
Domain calvinklein.tmall.com
Copied greyscale screenshot to ./storage/cluster_data/calvinklein_tmall_com.png
Domain car.tmall.com
Copied greyscale screenshot to ./storage/cluster_data/car_tmall_com.png
Domain china.com.cn
Copied greyscale screenshot to ./storage/cluster_data/china_com_cn.png
Domain chinadaily.com.cn
Copied greyscale screenshot to ./storage/cluster_data/chinadaily_com_cn.png
Domain crabsecret.tmall.com
Copied greyscale screenshot to ./storage/cluster_data/crabsecret_tmall_com.png
Domain dai.tmall.com
Copied greyscale screenshot to ./storage/cluster_data/dai_tmall_com.png
Domain dailymail.co.uk
Copied greyscale screenshot to ./storage/cluster_data/dailymail_co_uk.png
Domain dbs.com.sg
Copied greyscale screenshot to ./storage/cluster_data/dbs_com_sg.png
Domain detail.tmall.com
Copied greyscale screenshot to ./storage/cluster_data/detail_tmall_com.png
Domain dickies.tmall.com
Copied greyscale screenshot to ./storage/cluster_data/dickies_tmall_com.png
Domain discoveryexpedition.tmall.com
Copied greyscale screenshot to ./storage/cluster_data/discoveryexpedition_tmall_com.png
Domain dream.co.id
Copied greyscale screenshot to ./storage/cluster_data/dream_co_id.png
Domain dyson.tmall.com
Copied greyscale screenshot to ./storage/cluster_data/dyson_tmall_com.png
Domain earthmusic.tmall.com
Copied greyscale screenshot to ./storage/cluster_data/earthmusic_tmall_com.png
Domain ebc.net.tw
Copied greyscale screenshot to ./storage/cluster_data/ebc_net_tw.png
Domain editor.wix.com
Copied greyscale screenshot to ./storage/cluster_data/editor_wix_com.png
Domain efu.com.cn
Copied greyscale screenshot to ./storage/cluster_data/efu_com_cn.png
Domain eland.tmall.com
Copied greyscale screenshot to ./storage/cluster_data/eland_tmall_com.png
Domain epfindia.gov.in
Copied greyscale screenshot to ./storage/cluster_data/epfindia_gov_in.png
Domain err.tmall.com
Copied greyscale screenshot to ./storage/cluster_data/err_tmall_com.png
Domain esprit.tmall.com
Copied greyscale screenshot to ./storage/cluster_data/esprit_tmall_com.png
Domain fairwhale.tmall.com
Copied greyscale screenshot to ./storage/cluster_data/fairwhale_tmall_com.png
Domain fazenda.gov.br
Copied greyscale screenshot to ./storage/cluster_data/fazenda_gov_br.png
Domain files.wordpress.com
Copied greyscale screenshot to ./storage/cluster_data/files_wordpress_com.png
Domain food.tmall.com
Copied greyscale screenshot to ./storage/cluster_data/food_tmall_com.png
Domain forever21.tmall.com
Copied greyscale screenshot to ./storage/cluster_data/forever21_tmall_com.png
Domain gainreel.tmall.com
Copied greyscale screenshot to ./storage/cluster_data/gainreel_tmall_com.png
Domain gamer.com.tw
Copied greyscale screenshot to ./storage/cluster_data/gamer_com_tw.png
Domain gap.tmall.com
Copied greyscale screenshot to ./storage/cluster_data/gap_tmall_com.png
Domain gmarket.co.kr
Copied greyscale screenshot to ./storage/cluster_data/gmarket_co_kr.png
Domain gome.com.cn
Copied greyscale screenshot to ./storage/cluster_data/gome_com_cn.png
Domain goo.ne.jp
Copied greyscale screenshot to ./storage/cluster_data/goo_ne_jp.png
Domain gucn.tmall.com
Copied greyscale screenshot to ./storage/cluster_data/gucn_tmall_com.png
Domain hollisterco.tmall.com
Copied greyscale screenshot to ./storage/cluster_data/hollisterco_tmall_com.png
Domain honeys.tmall.com
Copied greyscale screenshot to ./storage/cluster_data/honeys_tmall_com.png
Domain hurriyet.com.tr
Copied greyscale screenshot to ./storage/cluster_data/hurriyet_com_tr.png
Domain imis.tmall.com
Copied greyscale screenshot to ./storage/cluster_data/imis_tmall_com.png
Domain impress.co.jp
Copied greyscale screenshot to ./storage/cluster_data/impress_co_jp.png
Domain irctc.co.in
Copied greyscale screenshot to ./storage/cluster_data/irctc_co_in.png
Domain it.tmall.com
Copied greyscale screenshot to ./storage/cluster_data/it_tmall_com.png
Domain jackjones.tmall.com
Copied greyscale screenshot to ./storage/cluster_data/jackjones_tmall_com.png
Domain jeanswest.tmall.com
Copied greyscale screenshot to ./storage/cluster_data/jeanswest_tmall_com.png
Domain jia.tmall.com
Copied greyscale screenshot to ./storage/cluster_data/jia_tmall_com.png
Domain jrj.com.cn
Copied greyscale screenshot to ./storage/cluster_data/jrj_com_cn.png
Domain kaskus.co.id
Copied greyscale screenshot to ./storage/cluster_data/kaskus_co_id.png
Domain kolonsport.tmall.com
Copied greyscale screenshot to ./storage/cluster_data/kolonsport_tmall_com.png
Domain ku.tmall.com
Copied greyscale screenshot to ./storage/cluster_data/ku_tmall_com.png
Domain lachapelle.tmall.com
Copied greyscale screenshot to ./storage/cluster_data/lachapelle_tmall_com.png
Domain lafuma.tmall.com
Copied greyscale screenshot to ./storage/cluster_data/lafuma_tmall_com.png
Domain langsha.tmall.com
Copied greyscale screenshot to ./storage/cluster_data/langsha_tmall_com.png
Domain lee.tmall.com
Copied greyscale screenshot to ./storage/cluster_data/lee_tmall_com.png
Domain lining.tmall.com
Copied greyscale screenshot to ./storage/cluster_data/lining_tmall_com.png
Domain list.tmall.com
Copied greyscale screenshot to ./storage/cluster_data/list_tmall_com.png
Domain login.tmall.com
Copied greyscale screenshot to ./storage/cluster_data/login_tmall_com.png
Domain ltn.com.tw
Copied greyscale screenshot to ./storage/cluster_data/ltn_com_tw.png
Domain maniform.tmall.com
Copied greyscale screenshot to ./storage/cluster_data/maniform_tmall_com.png
Domain marksandspencer.tmall.com
Copied greyscale screenshot to ./storage/cluster_data/marksandspencer_tmall_com.png
Domain mercadolibre.com.ar
Copied greyscale screenshot to ./storage/cluster_data/mercadolibre_com_ar.png
Domain mercadolibre.com.mx
Copied greyscale screenshot to ./storage/cluster_data/mercadolibre_com_mx.png
Domain mercadolibre.com.ve
Copied greyscale screenshot to ./storage/cluster_data/mercadolibre_com_ve.png
Domain mercadolivre.com.br
Copied greyscale screenshot to ./storage/cluster_data/mercadolivre_com_br.png
Domain miao.tmall.com
Copied greyscale screenshot to ./storage/cluster_data/miao_tmall_com.png
Domain milliyet.com.tr
Copied greyscale screenshot to ./storage/cluster_data/milliyet_com_tr.png
Domain momoshop.com.tw
Copied greyscale screenshot to ./storage/cluster_data/momoshop_com_tw.png
Domain myhome.tmall.com
Copied greyscale screenshot to ./storage/cluster_data/myhome_tmall_com.png
Domain nanxie.tmall.com
Copied greyscale screenshot to ./storage/cluster_data/nanxie_tmall_com.png
Domain nanzhuang.tmall.com
Copied greyscale screenshot to ./storage/cluster_data/nanzhuang_tmall_com.png
Domain nation.co.ke
Copied greyscale screenshot to ./storage/cluster_data/nation_co_ke.png
Domain neiyi.tmall.com
Copied greyscale screenshot to ./storage/cluster_data/neiyi_tmall_com.png
Domain new3c.tmall.com
Copied greyscale screenshot to ./storage/cluster_data/new3c_tmall_com.png
Domain newbalance.tmall.com
Copied greyscale screenshot to ./storage/cluster_data/newbalance_tmall_com.png
Domain nianhuo.tmall.com
Copied greyscale screenshot to ./storage/cluster_data/nianhuo_tmall_com.png
Domain nike.tmall.com
Copied greyscale screenshot to ./storage/cluster_data/nike_tmall_com.png
Domain nvxie.tmall.com
Copied greyscale screenshot to ./storage/cluster_data/nvxie_tmall_com.png
Domain nvzhuang.tmall.com
Copied greyscale screenshot to ./storage/cluster_data/nvzhuang_tmall_com.png
Domain otvfoco.com.br
Copied greyscale screenshot to ./storage/cluster_data/otvfoco_com_br.png
Domain pages.tmall.com
Copied greyscale screenshot to ./storage/cluster_data/pages_tmall_com.png
Domain patria.org.ve
Copied greyscale screenshot to ./storage/cluster_data/patria_org_ve.png
Domain pcbaby.com.cn
Copied greyscale screenshot to ./storage/cluster_data/pcbaby_com_cn.png
Domain pchome.com.tw
Copied greyscale screenshot to ./storage/cluster_data/pchome_com_tw.png
Domain peacebird.tmall.com
Copied greyscale screenshot to ./storage/cluster_data/peacebird_tmall_com.png
Domain qiannaimei.tmall.com
Copied greyscale screenshot to ./storage/cluster_data/qiannaimei_tmall_com.png
Domain reclameaqui.com.br
Copied greyscale screenshot to ./storage/cluster_data/reclameaqui_com_br.png
Domain scofield.tmall.com
Copied greyscale screenshot to ./storage/cluster_data/scofield_tmall_com.png
Domain scol.com.cn
Copied greyscale screenshot to ./storage/cluster_data/scol_com_cn.png
Domain semir.tmall.com
Copied greyscale screenshot to ./storage/cluster_data/semir_tmall_com.png
Domain septwolves.tmall.com
Copied greyscale screenshot to ./storage/cluster_data/septwolves_tmall_com.png
Domain shouji.tmall.com
Copied greyscale screenshot to ./storage/cluster_data/shouji_tmall_com.png
Domain sina.com.cn
Copied greyscale screenshot to ./storage/cluster_data/sina_com_cn.png
Domain sozcu.com.tr
Copied greyscale screenshot to ./storage/cluster_data/sozcu_com_tr.png
Domain spao.tmall.com
Copied greyscale screenshot to ./storage/cluster_data/spao_tmall_com.png
Domain sports.tmall.com
Copied greyscale screenshot to ./storage/cluster_data/sports_tmall_com.png
Domain subject.tmall.com
Copied greyscale screenshot to ./storage/cluster_data/subject_tmall_com.png
Domain threegun.tmall.com
Copied greyscale screenshot to ./storage/cluster_data/threegun_tmall_com.png
Domain tonlion.tmall.com
Copied greyscale screenshot to ./storage/cluster_data/tonlion_tmall_com.png
Domain topshop.tmall.com
Copied greyscale screenshot to ./storage/cluster_data/topshop_tmall_com.png
Domain triumph.tmall.com
Copied greyscale screenshot to ./storage/cluster_data/triumph_tmall_com.png
Domain turkiye.gov.tr
Copied greyscale screenshot to ./storage/cluster_data/turkiye_gov_tr.png
Domain uidai.gov.in
Copied greyscale screenshot to ./storage/cluster_data/uidai_gov_in.png
Domain uniqlo.tmall.com
Copied greyscale screenshot to ./storage/cluster_data/uniqlo_tmall_com.png
Domain uol.com.br
Copied greyscale screenshot to ./storage/cluster_data/uol_com_br.png
Domain urfs.tmall.com
Copied greyscale screenshot to ./storage/cluster_data/urfs_tmall_com.png
Domain viva.co.id
Copied greyscale screenshot to ./storage/cluster_data/viva_co_id.png
Domain watch.tmall.com
Copied greyscale screenshot to ./storage/cluster_data/watch_tmall_com.png
Domain world.tmall.com
Copied greyscale screenshot to ./storage/cluster_data/world_tmall_com.png
Domain wt.tmall.com
Copied greyscale screenshot to ./storage/cluster_data/wt_tmall_com.png
Domain www.gov.uk
Copied greyscale screenshot to ./storage/cluster_data/www_gov_uk.png
Domain yao.tmall.com
Copied greyscale screenshot to ./storage/cluster_data/yao_tmall_com.png
Domain yeniakit.com.tr
Copied greyscale screenshot to ./storage/cluster_data/yeniakit_com_tr.png
Domain zol.com.cn
Copied greyscale screenshot to ./storage/cluster_data/zol_com_cn.png
Domain folha.uol.com.br
Copied greyscale screenshot to ./storage/cluster_data/folha_uol_com_br.png
Finished copying screenshots

