2020-03-06 21:01:36.696924

Beginning site wish_com at url http://wish.com 
Scrolling to height 104720 
Rescrolling page to 0 
Rescrolling page to 200 
Rescrolling page to 400 
Rescrolling page to 600 
Rescrolling page to 800 
Rescrolling page to 1000 
Rescrolling page to 1200 
Rescrolling page to 1400 
Rescrolling page to 1600 
Rescrolling page to 1800 
Rescrolling page to 2000 
Rescrolling page to 2200 
Rescrolling page to 2400 
Rescrolling page to 2600 
Rescrolling page to 2800 
Rescrolling page to 3000 
Rescrolling page to 3200 
Rescrolling page to 3400 
Rescrolling page to 3600 
Rescrolling page to 3800 
Rescrolling page to 4000 
Rescrolling page to 4200 
Rescrolling page to 4400 
Rescrolling page to 4600 
Rescrolling page to 4800 
Rescrolling page to 5000 
Rescrolling page to 5200 
Rescrolling page to 5400 
Rescrolling page to 5600 
Rescrolling page to 5800 
Rescrolling page to 6000 
Rescrolling page to 6200 
Rescrolling page to 6400 
Rescrolling page to 6600 
Rescrolling page to 6800 
Rescrolling page to 7000 
Rescrolling page to 7200 
Rescrolling page to 7400 
Rescrolling page to 7600 
Rescrolling page to 7800 
Rescrolling page to 8000 
Rescrolling page to 8200 
Rescrolling page to 8400 
Rescrolling page to 8600 
Rescrolling page to 8800 
Rescrolling page to 9000 
Rescrolling page to 9200 
Rescrolling page to 9400 
Rescrolling page to 9600 
Rescrolling page to 9800 
Rescrolling page to 10000 
Rescrolling page to 10200 
Rescrolling page to 10400 
Rescrolling page to 10600 
Rescrolling page to 10800 
Rescrolling page to 11000 
Rescrolling page to 11200 
Rescrolling page to 11400 
Rescrolling page to 11600 
Rescrolling page to 11800 
Rescrolling page to 12000 
Rescrolling page to 12200 
Rescrolling page to 12400 
Rescrolling page to 12600 
Rescrolling page to 12800 
Rescrolling page to 13000 
Rescrolling page to 13200 
Rescrolling page to 13400 
Rescrolling page to 13600 
Rescrolling page to 13800 
Rescrolling page to 14000 
Rescrolling page to 14200 
Rescrolling page to 14400 
Rescrolling page to 14600 
Rescrolling page to 14800 
Rescrolling page to 15000 
Rescrolling page to 15200 
Rescrolling page to 15400 
Rescrolling page to 15600 
Rescrolling page to 15800 
Rescrolling page to 16000 
Rescrolling page to 16200 
Rescrolling page to 16400 
Rescrolling page to 16600 
Rescrolling page to 16800 
Rescrolling page to 17000 
Rescrolling page to 17200 
Rescrolling page to 17400 
Rescrolling page to 17600 
Rescrolling page to 17800 
Rescrolling page to 18000 
Rescrolling page to 18200 
Rescrolling page to 18400 
Rescrolling page to 18600 
Rescrolling page to 18800 
Rescrolling page to 19000 
Rescrolling page to 19200 
Rescrolling page to 19400 
Rescrolling page to 19600 
Rescrolling page to 19800 
Rescrolling page to 20000 
Rescrolling page to 20200 
Rescrolling page to 20400 
Rescrolling page to 20600 
Rescrolling page to 20800 
Rescrolling page to 21000 
Rescrolling page to 21200 
Rescrolling page to 21400 
Rescrolling page to 21600 
Rescrolling page to 21800 
Rescrolling page to 22000 
Rescrolling page to 22200 
Rescrolling page to 22400 
Rescrolling page to 22600 
Rescrolling page to 22800 
Rescrolling page to 23000 
Rescrolling page to 23200 
Rescrolling page to 23400 
Rescrolling page to 23600 
Rescrolling page to 23800 
Rescrolling page to 24000 
Rescrolling page to 24200 
Rescrolling page to 24400 
Rescrolling page to 24600 
Rescrolling page to 24800 
Rescrolling page to 25000 
Rescrolling page to 25200 
Rescrolling page to 25400 
Rescrolling page to 25600 
Rescrolling page to 25800 
Rescrolling page to 26000 
Rescrolling page to 26200 
Rescrolling page to 26400 
Rescrolling page to 26600 
Rescrolling page to 26800 
Rescrolling page to 27000 
Rescrolling page to 27200 
Rescrolling page to 27400 
Rescrolling page to 27600 
Rescrolling page to 27800 
Rescrolling page to 28000 
Rescrolling page to 28200 
Rescrolling page to 28400 
Rescrolling page to 28600 
Rescrolling page to 28800 
Rescrolling page to 29000 
Rescrolling page to 29200 
Rescrolling page to 29400 
Rescrolling page to 29600 
Rescrolling page to 29800 
Rescrolling page to 30000 
Rescrolling page to 30200 
Rescrolling page to 30400 
Rescrolling page to 30600 
Rescrolling page to 30800 
Rescrolling page to 31000 
Rescrolling page to 31200 
Rescrolling page to 31400 
Rescrolling page to 31600 
Rescrolling page to 31800 
Rescrolling page to 32000 
Rescrolling page to 32200 
Rescrolling page to 32400 
Rescrolling page to 32600 
Rescrolling page to 32800 
Rescrolling page to 33000 
Rescrolling page to 33200 
Rescrolling page to 33400 
Rescrolling page to 33600 
Rescrolling page to 33800 
Rescrolling page to 34000 
Rescrolling page to 34200 
Rescrolling page to 34400 
Rescrolling page to 34600 
Rescrolling page to 34800 
Rescrolling page to 35000 
Rescrolling page to 35200 
Rescrolling page to 35400 
Rescrolling page to 35600 
Rescrolling page to 35800 
Rescrolling page to 36000 
Rescrolling page to 36200 
Rescrolling page to 36400 
Rescrolling page to 36600 
Rescrolling page to 36800 
Rescrolling page to 37000 
Rescrolling page to 37200 
Rescrolling page to 37400 
Rescrolling page to 37600 
Rescrolling page to 37800 
Rescrolling page to 38000 
Rescrolling page to 38200 
Rescrolling page to 38400 
Rescrolling page to 38600 
Rescrolling page to 38800 
Rescrolling page to 39000 
Rescrolling page to 39200 
Rescrolling page to 39400 
Rescrolling page to 39600 
Rescrolling page to 39800 
Rescrolling page to 40000 
Rescrolling page to 40200 
Rescrolling page to 40400 
Rescrolling page to 40600 
Rescrolling page to 40800 
Rescrolling page to 41000 
Rescrolling page to 41200 
Rescrolling page to 41400 
Rescrolling page to 41600 
Rescrolling page to 41800 
Rescrolling page to 42000 
Rescrolling page to 42200 
Rescrolling page to 42400 
Rescrolling page to 42600 
Rescrolling page to 42800 
Rescrolling page to 43000 
Rescrolling page to 43200 
Rescrolling page to 43400 
Rescrolling page to 43600 
Rescrolling page to 43800 
Rescrolling page to 44000 
Rescrolling page to 44200 
Rescrolling page to 44400 
Rescrolling page to 44600 
Rescrolling page to 44800 
Rescrolling page to 45000 
Rescrolling page to 45200 
Rescrolling page to 45400 
Rescrolling page to 45600 
Rescrolling page to 45800 
Rescrolling page to 46000 
Rescrolling page to 46200 
Rescrolling page to 46400 
Rescrolling page to 46600 
Rescrolling page to 46800 
Rescrolling page to 47000 
Rescrolling page to 47200 
Rescrolling page to 47400 
Rescrolling page to 47600 
Rescrolling page to 47800 
Rescrolling page to 48000 
Rescrolling page to 48200 
Rescrolling page to 48400 
Rescrolling page to 48600 
Rescrolling page to 48800 
Rescrolling page to 49000 
Rescrolling page to 49200 
Rescrolling page to 49400 
Rescrolling page to 49600 
Rescrolling page to 49800 
Rescrolling page to 50000 
Rescrolling page to 50200 
Rescrolling page to 50400 
Rescrolling page to 50600 
Rescrolling page to 50800 
Rescrolling page to 51000 
Rescrolling page to 51200 
Rescrolling page to 51400 
Rescrolling page to 51600 
Rescrolling page to 51800 
Rescrolling page to 52000 
Rescrolling page to 52200 
Rescrolling page to 52400 
Rescrolling page to 52600 
Rescrolling page to 52800 
Rescrolling page to 53000 
Rescrolling page to 53200 
Rescrolling page to 53400 
Rescrolling page to 53600 
Rescrolling page to 53800 
Rescrolling page to 54000 
Rescrolling page to 54200 
Rescrolling page to 54400 
Rescrolling page to 54600 
Rescrolling page to 54800 
Rescrolling page to 55000 
Rescrolling page to 55200 
Rescrolling page to 55400 
Rescrolling page to 55600 
Rescrolling page to 55800 
Rescrolling page to 56000 
Rescrolling page to 56200 
Rescrolling page to 56400 
Rescrolling page to 56600 
Rescrolling page to 56800 
Rescrolling page to 57000 
Rescrolling page to 57200 
Rescrolling page to 57400 
Rescrolling page to 57600 
Rescrolling page to 57800 
Rescrolling page to 58000 
Rescrolling page to 58200 
Rescrolling page to 58400 
Rescrolling page to 58600 
Rescrolling page to 58800 
Rescrolling page to 59000 
Rescrolling page to 59200 
Rescrolling page to 59400 
Rescrolling page to 59600 
Rescrolling page to 59800 
Rescrolling page to 60000 
Rescrolling page to 60200 
Rescrolling page to 60400 
Rescrolling page to 60600 
Rescrolling page to 60800 
Rescrolling page to 61000 
Rescrolling page to 61200 
Rescrolling page to 61400 
Rescrolling page to 61600 
Rescrolling page to 61800 
Rescrolling page to 62000 
Rescrolling page to 62200 
Rescrolling page to 62400 
Rescrolling page to 62600 
Rescrolling page to 62800 
Rescrolling page to 63000 
Rescrolling page to 63200 
Rescrolling page to 63400 
Rescrolling page to 63600 
Rescrolling page to 63800 
Rescrolling page to 64000 
Rescrolling page to 64200 
Rescrolling page to 64400 
Rescrolling page to 64600 
Rescrolling page to 64800 
Rescrolling page to 65000 
Rescrolling page to 65200 
Rescrolling page to 65400 
Rescrolling page to 65600 
Rescrolling page to 65800 
Rescrolling page to 66000 
Rescrolling page to 66200 
Rescrolling page to 66400 
Rescrolling page to 66600 
Rescrolling page to 66800 
Rescrolling page to 67000 
Rescrolling page to 67200 
Rescrolling page to 67400 
Rescrolling page to 67600 
Rescrolling page to 67800 
Rescrolling page to 68000 
Rescrolling page to 68200 
Rescrolling page to 68400 
Rescrolling page to 68600 
Rescrolling page to 68800 
Rescrolling page to 69000 
Rescrolling page to 69200 
Rescrolling page to 69400 
Rescrolling page to 69600 
Rescrolling page to 69800 
Rescrolling page to 70000 
Rescrolling page to 70200 
Rescrolling page to 70400 
Rescrolling page to 70600 
Rescrolling page to 70800 
Rescrolling page to 71000 
Rescrolling page to 71200 
Rescrolling page to 71400 
Rescrolling page to 71600 
Rescrolling page to 71800 
Rescrolling page to 72000 
Rescrolling page to 72200 
Rescrolling page to 72400 
Rescrolling page to 72600 
Rescrolling page to 72800 
Rescrolling page to 73000 
Rescrolling page to 73200 
Rescrolling page to 73400 
Rescrolling page to 73600 
Rescrolling page to 73800 
Rescrolling page to 74000 
Rescrolling page to 74200 
Rescrolling page to 74400 
Rescrolling page to 74600 
Rescrolling page to 74800 
Rescrolling page to 75000 
Rescrolling page to 75200 
Rescrolling page to 75400 
Rescrolling page to 75600 
Rescrolling page to 75800 
Rescrolling page to 76000 
Rescrolling page to 76200 
Rescrolling page to 76400 
Rescrolling page to 76600 
Rescrolling page to 76800 
Rescrolling page to 77000 
Rescrolling page to 77200 
Rescrolling page to 77400 
Rescrolling page to 77600 
Rescrolling page to 77800 
Rescrolling page to 78000 
Rescrolling page to 78200 
Rescrolling page to 78400 
Rescrolling page to 78600 
Rescrolling page to 78800 
Rescrolling page to 79000 
Rescrolling page to 79200 
Rescrolling page to 79400 
Rescrolling page to 79600 
Rescrolling page to 79800 
Rescrolling page to 80000 
Rescrolling page to 80200 
Rescrolling page to 80400 
Rescrolling page to 80600 
Rescrolling page to 80800 
Rescrolling page to 81000 
Rescrolling page to 81200 
Rescrolling page to 81400 
Rescrolling page to 81600 
Rescrolling page to 81800 
Rescrolling page to 82000 
Rescrolling page to 82200 
Rescrolling page to 82400 
Rescrolling page to 82600 
Rescrolling page to 82800 
Rescrolling page to 83000 
Rescrolling page to 83200 
Rescrolling page to 83400 
Rescrolling page to 83600 
Rescrolling page to 83800 
Rescrolling page to 84000 
Rescrolling page to 84200 
Rescrolling page to 84400 
Rescrolling page to 84600 
Rescrolling page to 84800 
Rescrolling page to 85000 
Rescrolling page to 85200 
Rescrolling page to 85400 
Rescrolling page to 85600 
Rescrolling page to 85800 
Rescrolling page to 86000 
Rescrolling page to 86200 
Rescrolling page to 86400 
Rescrolling page to 86600 
Rescrolling page to 86800 
Rescrolling page to 87000 
Rescrolling page to 87200 
Rescrolling page to 87400 
Rescrolling page to 87600 
Rescrolling page to 87800 
Rescrolling page to 88000 
Rescrolling page to 88200 
Rescrolling page to 88400 
Rescrolling page to 88600 
Rescrolling page to 88800 
Rescrolling page to 89000 
Rescrolling page to 89200 
Rescrolling page to 89400 
Rescrolling page to 89600 
Rescrolling page to 89800 
Rescrolling page to 90000 
Rescrolling page to 90200 
Rescrolling page to 90400 
Rescrolling page to 90600 
Rescrolling page to 90800 
Rescrolling page to 91000 
Rescrolling page to 91200 
Rescrolling page to 91400 
Rescrolling page to 91600 
Rescrolling page to 91800 
Rescrolling page to 92000 
Rescrolling page to 92200 
Rescrolling page to 92400 
Rescrolling page to 92600 
Rescrolling page to 92800 
Rescrolling page to 93000 
Rescrolling page to 93200 
Rescrolling page to 93400 
Rescrolling page to 93600 
Rescrolling page to 93800 
Rescrolling page to 94000 
Rescrolling page to 94200 
Rescrolling page to 94400 
Rescrolling page to 94600 
Rescrolling page to 94800 
Rescrolling page to 95000 
Rescrolling page to 95200 
Rescrolling page to 95400 
Rescrolling page to 95600 
Rescrolling page to 95800 
Rescrolling page to 96000 
Rescrolling page to 96200 
Rescrolling page to 96400 
Rescrolling page to 96600 
Rescrolling page to 96800 
Rescrolling page to 97000 
Rescrolling page to 97200 
Rescrolling page to 97400 
Rescrolling page to 97600 
Rescrolling page to 97800 
Rescrolling page to 98000 
Rescrolling page to 98200 
Rescrolling page to 98400 
Rescrolling page to 98600 
Rescrolling page to 98800 
Rescrolling page to 99000 
Rescrolling page to 99200 
Rescrolling page to 99400 
Rescrolling page to 99600 
Rescrolling page to 99800 
Rescrolling page to 100000 
Rescrolling page to 100200 
Rescrolling page to 100400 
Rescrolling page to 100600 
Rescrolling page to 100800 
Rescrolling page to 101000 
Rescrolling page to 101200 
Rescrolling page to 101400 
Rescrolling page to 101600 
Rescrolling page to 101800 
Rescrolling page to 102000 
Rescrolling page to 102200 
Rescrolling page to 102400 
Rescrolling page to 102600 
Rescrolling page to 102800 
Rescrolling page to 103000 
Rescrolling page to 103200 
Rescrolling page to 103400 
Rescrolling page to 103600 
Rescrolling page to 103800 
Rescrolling page to 104000 
Rescrolling page to 104200 
Rescrolling page to 104400 
Rescrolling page to 104600 
Window height: {'width': 2560, 'height': 1440} 
Window height with 150px addition: {'width': 2560, 'height': 104870} 
Finished site wish_com in 0:04:44.644938 

