2020-03-07 04:45:46.272166

Beginning site pikabu_ru at url http://pikabu.ru 
Scrolling to height 14629 
Scrolling to height 26056 
Scrolling to height 23271 
Scrolling to height 21493 
Scrolling to height 22611 
Scrolling to height 23362 
Scrolling to height 24627 
Scrolling to height 25375 
Scrolling to height 21416 
Scrolling to height 21157 
Scrolling to height 22092 
Scrolling to height 21844 
Scrolling to height 24077 
Scrolling to height 26356 
Scrolling to height 24918 
Scrolling to height 22280 
Scrolling to height 23137 
Scrolling to height 21160 
Scrolling to height 20912 
Scrolling to height 21204 
Scrolling to height 23892 
Scrolling to height 21887 
Scrolling to height 22805 
Scrolling to height 24139 
Scrolling to height 24542 
Scrolling to height 24764 
Scrolling to height 25105 
Scrolling to height 24752 
Scrolling to height 23645 
Scrolling to height 23397 
Scrolling to height 21084 
Scrolling to height 23177 
Scrolling to height 24577 
Scrolling to height 26333 
Scrolling to height 25962 
Scrolling to height 25714 
Scrolling to height 24502 
Scrolling to height 25032 
Scrolling to height 23655 
Scrolling to height 23794 
Scrolling to height 24487 
Scrolling to height 22268 
Scrolling to height 23990 
Scrolling to height 23742 
Scrolling to height 24548 
Scrolling to height 24225 
Scrolling to height 22665 
Scrolling to height 25534 
Scrolling to height 25286 
Scrolling to height 25437 
Scrolling to height 23555 
Scrolling to height 23307 
Scrolling to height 22485 
Scrolling to height 23741 
Scrolling to height 25186 
Scrolling to height 24991 
Scrolling to height 24743 
Scrolling to height 24197 
Scrolling to height 24149 
Scrolling to height 23901 
Scrolling to height 23962 
Scrolling to height 24570 
Scrolling to height 25018 
Scrolling to height 26325 
Scrolling to height 26077 
Scrolling to height 25584 
Scrolling to height 25454 
Scrolling to height 26431 
Scrolling to height 26263 
Scrolling to height 25417 
Scrolling to height 23793 
Scrolling to height 23319 
Scrolling to height 23071 
Scrolling to height 24235 
Scrolling to height 23895 
Scrolling to height 24186 
Scrolling to height 24355 
Scrolling to height 25416 
Scrolling to height 25415 
Scrolling to height 25167 
Scrolling to height 23923 
Scrolling to height 24672 
Scrolling to height 22267 
Scrolling to height 22139 
Scrolling to height 22879 
Scrolling to height 24624 
Scrolling to height 25328 
Scrolling to height 25080 
Scrolling to height 22517 
Scrolling to height 23350 
Scrolling to height 23102 
Scrolling to height 23333 
Scrolling to height 22990 
Scrolling to height 24865 
Scrolling to height 24217 
Scrolling to height 24337 
Scrolling to height 25159 
Scrolling to height 24911 
Scrolling to height 25495 
Scrolling to height 25549 
Scrolling to height 26509 
Scrolling to height 25818 
Scrolling to height 23258 
Scrolling to height 24507 
Scrolling to height 24864 
Scrolling to height 26171 
Scrolling to height 26585 
Scrolling to height 26337 
Scrolling to height 23669 
Scrolling to height 24852 
Scrolling to height 26057 
Scrolling to height 25809 
Scrolling to height 24378 
Scrolling to height 25030 
Scrolling to height 23393 
Scrolling to height 24174 
Scrolling to height 26088 
Scrolling to height 25996 
Scrolling to height 25748 
Scrolling to height 25888 
Scrolling to height 26866 
Scrolling to height 24813 
Scrolling to height 24638 
Scrolling to height 24390 
Scrolling to height 24034 
Scrolling to height 23939 
Scrolling to height 25434 
Scrolling to height 25995 
Scrolling to height 26610 
Scrolling to height 25936 
Scrolling to height 25244 
Scrolling to height 25501 
Scrolling to height 25253 
Scrolling to height 25375 
Scrolling to height 26857 
Scrolling to height 28682 
Scrolling to height 28434 
Scrolling to height 25410 
Scrolling to height 24040 
Scrolling to height 24240 
Scrolling to height 24725 
Scrolling to height 26480 
Scrolling to height 26774 
Scrolling to height 26526 
Scrolling to height 26378 
Scrolling to height 26568 
Scrolling to height 26991 
Scrolling to height 25948 
Scrolling to height 24818 
Scrolling to height 24494 
Scrolling to height 25629 
Scrolling to height 25381 
Scrolling to height 23679 
Scrolling to height 25816 
Scrolling to height 25904 
Scrolling to height 25760 
Scrolling to height 25410 
Scrolling to height 25442 
Scrolling to height 24847 
Scrolling to height 26421 
Scrolling to height 27301 
Scrolling to height 26820 
Scrolling to height 27468 
Scrolling to height 26325 
Scrolling to height 26077 
Scrolling to height 23684 
Scrolling to height 25628 
Scrolling to height 26336 
Scrolling to height 26088 
Scrolling to height 23679 
Scrolling to height 24334 
Scrolling to height 24852 
Scrolling to height 25832 
Scrolling to height 25810 
Scrolling to height 26471 
Scrolling to height 27590 
Scrolling to height 26473 
Scrolling to height 25754 
Scrolling to height 23975 
Scrolling to height 26115 
Scrolling to height 23779 
Scrolling to height 23531 
Scrolling to height 22544 
Scrolling to height 25755 
Scrolling to height 26556 
Scrolling to height 25824 
Scrolling to height 24253 
Scrolling to height 24305 
Scrolling to height 24979 
Scrolling to height 27313 
Scrolling to height 27514 
Scrolling to height 26652 
Scrolling to height 26731 
Scrolling to height 24731 
Scrolling to height 25705 
Scrolling to height 26409 
Scrolling to height 26161 
Scrolling to height 24645 
Scrolling to height 24990 
Scrolling to height 26860 
Scrolling to height 26561 
Scrolling to height 26201 
Scrolling to height 25629 
Scrolling to height 25687 
Scrolling to height 28922 
Scrolling to height 26947 
Scrolling to height 26729 
Scrolling to height 27557 
Scrolling to height 27148 
Scrolling to height 26218 
Scrolling to height 24672 
Scrolling to height 24424 
Scrolling to height 24199 
Scrolling to height 26186 
Scrolling to height 28521 
Scrolling to height 26561 
Scrolling to height 27618 
Scrolling to height 27350 
Scrolling to height 26388 
Scrolling to height 26140 
Scrolling to height 24694 
Scrolling to height 25076 
Scrolling to height 27735 
Scrolling to height 27513 
Scrolling to height 26278 
Scrolling to height 26794 
Scrolling to height 25944 
Scrolling to height 25696 
Scrolling to height 24705 
Scrolling to height 26211 
Scrolling to height 28351 
Scrolling to height 26211 
Scrolling to height 25629 
Scrolling to height 26428 
Scrolling to height 26608 
Scrolling to height 25644 
Scrolling to height 25948 
Scrolling to height 25956 
Scrolling to height 25708 
Scrolling to height 25147 
Scrolling to height 26200 
Scrolling to height 26861 
Scrolling to height 27611 
Scrolling to height 26586 
Scrolling to height 24271 
Scrolling to height 24586 
Scrolling to height 24282 
Scrolling to height 23827 
Scrolling to height 23155 
Scrolling to height 25950 
Scrolling to height 27714 
Scrolling to height 26853 
Scrolling to height 26243 
Scrolling to height 27250 
Scrolling to height 27002 
Scrolling to height 26958 
Scrolling to height 26841 
Scrolling to height 26540 
Scrolling to height 27549 
Scrolling to height 26202 
Scrolling to height 26372 
Scrolling to height 24000 
Scrolling to height 22583 
Scrolling to height 23642 
Scrolling to height 26129 
Scrolling to height 25533 
Scrolling to height 25427 
Scrolling to height 25012 
Scrolling to height 25844 
Scrolling to height 24299 
Scrolling to height 27206 
Scrolling to height 26381 
Scrolling to height 24547 
Scrolling to height 26055 
Scrolling to height 25804 
Scrolling to height 24893 
Scrolling to height 23741 
Scrolling to height 23001 
Scrolling to height 22753 
Scrolling to height 22882 
Scrolling to height 23817 
Scrolling to height 25737 
Scrolling to height 25489 
Scrolling to height 26684 
Scrolling to height 26419 
Scrolling to height 26178 
Scrolling to height 25179 
Scrolling to height 25319 
Scrolling to height 24200 
Scrolling to height 24156 
Scrolling to height 23908 
Scrolling to height 23207 
Scrolling to height 21285 
Scrolling to height 22664 
Scrolling to height 25607 
Scrolling to height 25816 
Scrolling to height 25159 
Scrolling to height 25131 
Scrolling to height 24028 
Scrolling to height 25414 
Scrolling to height 26000 
Scrolling to height 25854 
Scrolling to height 23925 
Scrolling to height 25808 
Scrolling to height 25590 
Scrolling to height 26581 
Scrolling to height 27246 
Scrolling to height 26998 
Scrolling to height 27069 
Scrolling to height 24686 
Scrolling to height 25084 
Scrolling to height 25647 
Scrolling to height 25933 
Scrolling to height 24925 
Scrolling to height 24939 
Scrolling to height 24048 
Scrolling to height 23800 
Scrolling to height 25230 
Scrolling to height 24910 
Scrolling to height 24843 
Scrolling to height 23923 
Scrolling to height 21640 
Scrolling to height 24335 
Scrolling to height 26717 
Scrolling to height 24052 
Scrolling to height 23804 
Scrolling to height 23552 
Scrolling to height 26180 
Scrolling to height 27902 
Scrolling to height 26925 
Scrolling to height 24981 
Scrolling to height 24936 
Scrolling to height 25586 
Scrolling to height 25134 
Scrolling to height 25626 
Scrolling to height 26906 
Scrolling to height 23975 
Scrolling to height 23968 
Scrolling to height 25965 
Scrolling to height 25246 
Scrolling to height 26540 
Scrolling to height 25894 
Scrolling to height 24971 
Scrolling to height 23962 
Scrolling to height 26059 
Scrolling to height 25745 
Scrolling to height 28027 
Scrolling to height 26770 
Scrolling to height 24943 
Scrolling to height 25720 
Scrolling to height 24520 
Scrolling to height 24260 
Scrolling to height 25030 
Scrolling to height 24782 
Scrolling to height 24357 
Scrolling to height 24766 
Scrolling to height 26741 
Scrolling to height 27129 
Scrolling to height 26457 
Scrolling to height 26956 
Scrolling to height 27137 
Scrolling to height 25439 
Scrolling to height 24751 
Scrolling to height 25816 
Scrolling to height 28291 
Scrolling to height 28082 
Scrolling to height 27429 
Scrolling to height 27647 
Scrolling to height 17366 
Scrolling to height 17108 
Rescrolling page to 0 
Rescrolling page to 200 
Rescrolling page to 400 
Rescrolling page to 600 
Rescrolling page to 800 
Rescrolling page to 1000 
Rescrolling page to 1200 
Rescrolling page to 1400 
Rescrolling page to 1600 
Rescrolling page to 1800 
Rescrolling page to 2000 
Rescrolling page to 2200 
Rescrolling page to 2400 
Rescrolling page to 2600 
Rescrolling page to 2800 
Rescrolling page to 3000 
Rescrolling page to 3200 
Rescrolling page to 3400 
Rescrolling page to 3600 
Rescrolling page to 3800 
Rescrolling page to 4000 
Rescrolling page to 4200 
Rescrolling page to 4400 
Rescrolling page to 4600 
Rescrolling page to 4800 
Rescrolling page to 5000 
Rescrolling page to 5200 
Rescrolling page to 5400 
Rescrolling page to 5600 
Rescrolling page to 5800 
Rescrolling page to 6000 
Rescrolling page to 6200 
Rescrolling page to 6400 
Rescrolling page to 6600 
Rescrolling page to 6800 
Rescrolling page to 7000 
Rescrolling page to 7200 
Rescrolling page to 7400 
Rescrolling page to 7600 
Rescrolling page to 7800 
Rescrolling page to 8000 
Rescrolling page to 8200 
Rescrolling page to 8400 
Rescrolling page to 8600 
Rescrolling page to 8800 
Rescrolling page to 9000 
Rescrolling page to 9200 
Rescrolling page to 9400 
Rescrolling page to 9600 
Rescrolling page to 9800 
Rescrolling page to 10000 
Rescrolling page to 10200 
Rescrolling page to 10400 
Rescrolling page to 10600 
Rescrolling page to 10800 
Rescrolling page to 11000 
Rescrolling page to 11200 
Rescrolling page to 11400 
Rescrolling page to 11600 
Rescrolling page to 11800 
Rescrolling page to 12000 
Rescrolling page to 12200 
Rescrolling page to 12400 
Rescrolling page to 12600 
Rescrolling page to 12800 
Rescrolling page to 13000 
Rescrolling page to 13200 
Rescrolling page to 13400 
Rescrolling page to 13600 
Rescrolling page to 13800 
Rescrolling page to 14000 
Rescrolling page to 14200 
Rescrolling page to 14400 
Rescrolling page to 14600 
Rescrolling page to 14800 
Rescrolling page to 15000 
Rescrolling page to 15200 
Rescrolling page to 15400 
Rescrolling page to 15600 
Rescrolling page to 15800 
Rescrolling page to 16000 
Rescrolling page to 16200 
Rescrolling page to 16400 
Rescrolling page to 16600 
Rescrolling page to 16800 
Rescrolling page to 17000 
Window height: {'width': 2560, 'height': 1440} 
Window height with 150px addition: {'width': 2560, 'height': 17258} 
Finished site pikabu_ru in 0:31:39.748984 

