2020-03-06 07:29:41.411188

Beginning site bet365_com at url http://bet365.com 
Scrolling to height 0 
Scrolling to height 1605 
Scrolling to height 2365 
Rescrolling page to 0 
Rescrolling page to 200 
Rescrolling page to 400 
Rescrolling page to 600 
Rescrolling page to 800 
Rescrolling page to 1000 
Rescrolling page to 1200 
Rescrolling page to 1400 
Rescrolling page to 1600 
Rescrolling page to 1800 
Rescrolling page to 2000 
Rescrolling page to 2200 
Window height: {'width': 2560, 'height': 1440} 
Window height with 150px addition: {'width': 2560, 'height': 2515} 
Finished site bet365_com in 0:00:21.440580 

