2020-03-06 22:23:14.901596

Beginning site pchome_com_tw at url http://pchome.com.tw 
Scrolling to height 4745 
Scrolling to height 5144 
Scrolling to height 6080 
Scrolling to height 6502 
Scrolling to height 7064 
Scrolling to height 7463 
Scrolling to height 7944 
Scrolling to height 8392 
Scrolling to height 8953 
Scrolling to height 9352 
Scrolling to height 9833 
Scrolling to height 10255 
Scrolling to height 10817 
Scrolling to height 11216 
Scrolling to height 11696 
Scrolling to height 12118 
Scrolling to height 12680 
Scrolling to height 13079 
Scrolling to height 13559 
Scrolling to height 13981 
Scrolling to height 14543 
Scrolling to height 14942 
Scrolling to height 15422 
Scrolling to height 15845 
Scrolling to height 16406 
Scrolling to height 16805 
Scrolling to height 17286 
Scrolling to height 17708 
Scrolling to height 18270 
Scrolling to height 18669 
Scrolling to height 19149 
Scrolling to height 19571 
Scrolling to height 20133 
Scrolling to height 20532 
Scrolling to height 21012 
Scrolling to height 21434 
Scrolling to height 22009 
Scrolling to height 22408 
Scrolling to height 22888 
Scrolling to height 23310 
Scrolling to height 23872 
Scrolling to height 24271 
Scrolling to height 24751 
Scrolling to height 25173 
Scrolling to height 25735 
Scrolling to height 26134 
Scrolling to height 26614 
Scrolling to height 27036 
Scrolling to height 27598 
Scrolling to height 27997 
Scrolling to height 28478 
Scrolling to height 28900 
Scrolling to height 29462 
Scrolling to height 29861 
Rescrolling page to 0 
Rescrolling page to 200 
Rescrolling page to 400 
Rescrolling page to 600 
Rescrolling page to 800 
Rescrolling page to 1000 
Rescrolling page to 1200 
Rescrolling page to 1400 
Rescrolling page to 1600 
Rescrolling page to 1800 
Rescrolling page to 2000 
Rescrolling page to 2200 
Rescrolling page to 2400 
Rescrolling page to 2600 
Rescrolling page to 2800 
Rescrolling page to 3000 
Rescrolling page to 3200 
Rescrolling page to 3400 
Rescrolling page to 3600 
Rescrolling page to 3800 
Rescrolling page to 4000 
Rescrolling page to 4200 
Rescrolling page to 4400 
Rescrolling page to 4600 
Rescrolling page to 4800 
Rescrolling page to 5000 
Rescrolling page to 5200 
Rescrolling page to 5400 
Rescrolling page to 5600 
Rescrolling page to 5800 
Rescrolling page to 6000 
Rescrolling page to 6200 
Rescrolling page to 6400 
Rescrolling page to 6600 
Rescrolling page to 6800 
Rescrolling page to 7000 
Rescrolling page to 7200 
Rescrolling page to 7400 
Rescrolling page to 7600 
Rescrolling page to 7800 
Rescrolling page to 8000 
Rescrolling page to 8200 
Rescrolling page to 8400 
Rescrolling page to 8600 
Rescrolling page to 8800 
Rescrolling page to 9000 
Rescrolling page to 9200 
Rescrolling page to 9400 
Rescrolling page to 9600 
Rescrolling page to 9800 
Rescrolling page to 10000 
Rescrolling page to 10200 
Rescrolling page to 10400 
Rescrolling page to 10600 
Rescrolling page to 10800 
Rescrolling page to 11000 
Rescrolling page to 11200 
Rescrolling page to 11400 
Rescrolling page to 11600 
Rescrolling page to 11800 
Rescrolling page to 12000 
Rescrolling page to 12200 
Rescrolling page to 12400 
Rescrolling page to 12600 
Rescrolling page to 12800 
Rescrolling page to 13000 
Rescrolling page to 13200 
Rescrolling page to 13400 
Rescrolling page to 13600 
Rescrolling page to 13800 
Rescrolling page to 14000 
Rescrolling page to 14200 
Rescrolling page to 14400 
Rescrolling page to 14600 
Rescrolling page to 14800 
Rescrolling page to 15000 
Rescrolling page to 15200 
Rescrolling page to 15400 
Rescrolling page to 15600 
Rescrolling page to 15800 
Rescrolling page to 16000 
Rescrolling page to 16200 
Rescrolling page to 16400 
Rescrolling page to 16600 
Rescrolling page to 16800 
Rescrolling page to 17000 
Rescrolling page to 17200 
Rescrolling page to 17400 
Rescrolling page to 17600 
Rescrolling page to 17800 
Rescrolling page to 18000 
Rescrolling page to 18200 
Rescrolling page to 18400 
Rescrolling page to 18600 
Rescrolling page to 18800 
Rescrolling page to 19000 
Rescrolling page to 19200 
Rescrolling page to 19400 
Rescrolling page to 19600 
Rescrolling page to 19800 
Rescrolling page to 20000 
Rescrolling page to 20200 
Rescrolling page to 20400 
Rescrolling page to 20600 
Rescrolling page to 20800 
Rescrolling page to 21000 
Rescrolling page to 21200 
Rescrolling page to 21400 
Rescrolling page to 21600 
Rescrolling page to 21800 
Rescrolling page to 22000 
Rescrolling page to 22200 
Rescrolling page to 22400 
Rescrolling page to 22600 
Rescrolling page to 22800 
Rescrolling page to 23000 
Rescrolling page to 23200 
Rescrolling page to 23400 
Rescrolling page to 23600 
Rescrolling page to 23800 
Rescrolling page to 24000 
Rescrolling page to 24200 
Rescrolling page to 24400 
Rescrolling page to 24600 
Rescrolling page to 24800 
Rescrolling page to 25000 
Rescrolling page to 25200 
Rescrolling page to 25400 
Rescrolling page to 25600 
Rescrolling page to 25800 
Rescrolling page to 26000 
Rescrolling page to 26200 
Rescrolling page to 26400 
Rescrolling page to 26600 
Rescrolling page to 26800 
Rescrolling page to 27000 
Rescrolling page to 27200 
Rescrolling page to 27400 
Rescrolling page to 27600 
Rescrolling page to 27800 
Rescrolling page to 28000 
Rescrolling page to 28200 
Rescrolling page to 28400 
Rescrolling page to 28600 
Rescrolling page to 28800 
Rescrolling page to 29000 
Rescrolling page to 29200 
Rescrolling page to 29400 
Rescrolling page to 29600 
Rescrolling page to 29800 
Window height: {'width': 2560, 'height': 1440} 
Window height with 150px addition: {'width': 2560, 'height': 30011} 
Finished site pchome_com_tw in 0:05:54.841187 

