2020-03-07 02:21:22.216280

Beginning site kknews_cc at url http://kknews.cc 
Scrolling to height 3497 
Rescrolling page to 0 
Rescrolling page to 200 
Rescrolling page to 400 
Rescrolling page to 600 
Rescrolling page to 800 
Rescrolling page to 1000 
Rescrolling page to 1200 
Rescrolling page to 1400 
Rescrolling page to 1600 
Rescrolling page to 1800 
Rescrolling page to 2000 
Rescrolling page to 2200 
Rescrolling page to 2400 
Rescrolling page to 2600 
Rescrolling page to 2800 
Rescrolling page to 3000 
Rescrolling page to 3200 
Rescrolling page to 3400 
Window height: {'width': 2560, 'height': 1440} 
Window height with 150px addition: {'width': 2560, 'height': 3647} 
Finished site kknews_cc in 0:00:14.746305 

