2020-03-06 19:42:06.560476

Beginning site irctc_co_in at url http://irctc.co.in 
Scrolling to height 3464 
Rescrolling page to 0 
Rescrolling page to 200 
Rescrolling page to 400 
Rescrolling page to 600 
Rescrolling page to 800 
Rescrolling page to 1000 
Rescrolling page to 1200 
Rescrolling page to 1400 
Rescrolling page to 1600 
Rescrolling page to 1800 
Rescrolling page to 2000 
Rescrolling page to 2200 
Rescrolling page to 2400 
Rescrolling page to 2600 
Rescrolling page to 2800 
Rescrolling page to 3000 
Rescrolling page to 3200 
Rescrolling page to 3400 
Window height: {'width': 2560, 'height': 1440} 
Window height with 150px addition: {'width': 2560, 'height': 3614} 
Finished site irctc_co_in in 0:00:14.905960 

