2020-03-05 23:22:34.362308

Beginning site yahoo_com at url http://yahoo.com 
Scrolling to height 51683 
Rescrolling page to 0 
Rescrolling page to 200 
Rescrolling page to 400 
Rescrolling page to 600 
Rescrolling page to 800 
Rescrolling page to 1000 
Rescrolling page to 1200 
Rescrolling page to 1400 
Rescrolling page to 1600 
Rescrolling page to 1800 
Rescrolling page to 2000 
Rescrolling page to 2200 
Rescrolling page to 2400 
Rescrolling page to 2600 
Rescrolling page to 2800 
Rescrolling page to 3000 
Rescrolling page to 3200 
Rescrolling page to 3400 
Rescrolling page to 3600 
Rescrolling page to 3800 
Rescrolling page to 4000 
Rescrolling page to 4200 
Rescrolling page to 4400 
Rescrolling page to 4600 
Rescrolling page to 4800 
Rescrolling page to 5000 
Rescrolling page to 5200 
Rescrolling page to 5400 
Rescrolling page to 5600 
Rescrolling page to 5800 
Rescrolling page to 6000 
Rescrolling page to 6200 
Rescrolling page to 6400 
Rescrolling page to 6600 
Rescrolling page to 6800 
Rescrolling page to 7000 
Rescrolling page to 7200 
Rescrolling page to 7400 
Rescrolling page to 7600 
Rescrolling page to 7800 
Rescrolling page to 8000 
Rescrolling page to 8200 
Rescrolling page to 8400 
Rescrolling page to 8600 
Rescrolling page to 8800 
Rescrolling page to 9000 
Rescrolling page to 9200 
Rescrolling page to 9400 
Rescrolling page to 9600 
Rescrolling page to 9800 
Rescrolling page to 10000 
Rescrolling page to 10200 
Rescrolling page to 10400 
Rescrolling page to 10600 
Rescrolling page to 10800 
Rescrolling page to 11000 
Rescrolling page to 11200 
Rescrolling page to 11400 
Rescrolling page to 11600 
Rescrolling page to 11800 
Rescrolling page to 12000 
Rescrolling page to 12200 
Rescrolling page to 12400 
Rescrolling page to 12600 
Rescrolling page to 12800 
Rescrolling page to 13000 
Rescrolling page to 13200 
Rescrolling page to 13400 
Rescrolling page to 13600 
Rescrolling page to 13800 
Rescrolling page to 14000 
Rescrolling page to 14200 
Rescrolling page to 14400 
Rescrolling page to 14600 
Rescrolling page to 14800 
Rescrolling page to 15000 
Rescrolling page to 15200 
Rescrolling page to 15400 
Rescrolling page to 15600 
Rescrolling page to 15800 
Rescrolling page to 16000 
Rescrolling page to 16200 
Rescrolling page to 16400 
Rescrolling page to 16600 
Rescrolling page to 16800 
Rescrolling page to 17000 
Rescrolling page to 17200 
Rescrolling page to 17400 
Rescrolling page to 17600 
Rescrolling page to 17800 
Rescrolling page to 18000 
Rescrolling page to 18200 
Rescrolling page to 18400 
Rescrolling page to 18600 
Rescrolling page to 18800 
Rescrolling page to 19000 
Rescrolling page to 19200 
Rescrolling page to 19400 
Rescrolling page to 19600 
Rescrolling page to 19800 
Rescrolling page to 20000 
Rescrolling page to 20200 
Rescrolling page to 20400 
Rescrolling page to 20600 
Rescrolling page to 20800 
Rescrolling page to 21000 
Rescrolling page to 21200 
Rescrolling page to 21400 
Rescrolling page to 21600 
Rescrolling page to 21800 
Rescrolling page to 22000 
Rescrolling page to 22200 
Rescrolling page to 22400 
Rescrolling page to 22600 
Rescrolling page to 22800 
Rescrolling page to 23000 
Rescrolling page to 23200 
Rescrolling page to 23400 
Rescrolling page to 23600 
Rescrolling page to 23800 
Rescrolling page to 24000 
Rescrolling page to 24200 
Rescrolling page to 24400 
Rescrolling page to 24600 
Rescrolling page to 24800 
Rescrolling page to 25000 
Rescrolling page to 25200 
Rescrolling page to 25400 
Rescrolling page to 25600 
Rescrolling page to 25800 
Rescrolling page to 26000 
Rescrolling page to 26200 
Rescrolling page to 26400 
Rescrolling page to 26600 
Rescrolling page to 26800 
Rescrolling page to 27000 
Rescrolling page to 27200 
Rescrolling page to 27400 
Rescrolling page to 27600 
Rescrolling page to 27800 
Rescrolling page to 28000 
Rescrolling page to 28200 
Rescrolling page to 28400 
Rescrolling page to 28600 
Rescrolling page to 28800 
Rescrolling page to 29000 
Rescrolling page to 29200 
Rescrolling page to 29400 
Rescrolling page to 29600 
Rescrolling page to 29800 
Rescrolling page to 30000 
Rescrolling page to 30200 
Rescrolling page to 30400 
Rescrolling page to 30600 
Rescrolling page to 30800 
Rescrolling page to 31000 
Rescrolling page to 31200 
Rescrolling page to 31400 
Rescrolling page to 31600 
Rescrolling page to 31800 
Rescrolling page to 32000 
Rescrolling page to 32200 
Rescrolling page to 32400 
Rescrolling page to 32600 
Rescrolling page to 32800 
Rescrolling page to 33000 
Rescrolling page to 33200 
Rescrolling page to 33400 
Rescrolling page to 33600 
Rescrolling page to 33800 
Rescrolling page to 34000 
Rescrolling page to 34200 
Rescrolling page to 34400 
Rescrolling page to 34600 
Rescrolling page to 34800 
Rescrolling page to 35000 
Rescrolling page to 35200 
Rescrolling page to 35400 
Rescrolling page to 35600 
Rescrolling page to 35800 
Rescrolling page to 36000 
Rescrolling page to 36200 
Rescrolling page to 36400 
Rescrolling page to 36600 
Rescrolling page to 36800 
Rescrolling page to 37000 
Rescrolling page to 37200 
Rescrolling page to 37400 
Rescrolling page to 37600 
Rescrolling page to 37800 
Rescrolling page to 38000 
Rescrolling page to 38200 
Rescrolling page to 38400 
Rescrolling page to 38600 
Rescrolling page to 38800 
Rescrolling page to 39000 
Rescrolling page to 39200 
Rescrolling page to 39400 
Rescrolling page to 39600 
Rescrolling page to 39800 
Rescrolling page to 40000 
Rescrolling page to 40200 
Rescrolling page to 40400 
Rescrolling page to 40600 
Rescrolling page to 40800 
Rescrolling page to 41000 
Rescrolling page to 41200 
Rescrolling page to 41400 
Rescrolling page to 41600 
Rescrolling page to 41800 
Rescrolling page to 42000 
Rescrolling page to 42200 
Rescrolling page to 42400 
Rescrolling page to 42600 
Rescrolling page to 42800 
Rescrolling page to 43000 
Rescrolling page to 43200 
Rescrolling page to 43400 
Rescrolling page to 43600 
Rescrolling page to 43800 
Rescrolling page to 44000 
Rescrolling page to 44200 
Rescrolling page to 44400 
Rescrolling page to 44600 
Rescrolling page to 44800 
Rescrolling page to 45000 
Rescrolling page to 45200 
Rescrolling page to 45400 
Rescrolling page to 45600 
Rescrolling page to 45800 
Rescrolling page to 46000 
Rescrolling page to 46200 
Rescrolling page to 46400 
Rescrolling page to 46600 
Rescrolling page to 46800 
Rescrolling page to 47000 
Rescrolling page to 47200 
Rescrolling page to 47400 
Rescrolling page to 47600 
Rescrolling page to 47800 
Rescrolling page to 48000 
Rescrolling page to 48200 
Rescrolling page to 48400 
Rescrolling page to 48600 
Rescrolling page to 48800 
Rescrolling page to 49000 
Rescrolling page to 49200 
Rescrolling page to 49400 
Rescrolling page to 49600 
Rescrolling page to 49800 
Rescrolling page to 50000 
Rescrolling page to 50200 
Rescrolling page to 50400 
Rescrolling page to 50600 
Rescrolling page to 50800 
Rescrolling page to 51000 
Rescrolling page to 51200 
Rescrolling page to 51400 
Rescrolling page to 51600 
Window height: {'width': 2560, 'height': 1440} 
Window height with 150px addition: {'width': 2560, 'height': 51833} 
Something went wrong when trying to take the screenshot: Message: [Exception... "Failure"  nsresult: "0x80004005 (NS_ERROR_FAILURE)"  location: "<unknown>"  data: no]
 
Finished site yahoo_com in 0:02:17.247294 

