2020-03-07 04:37:57.836378

Beginning site afip_gob_ar at url http://afip.gob.ar 
Scrolling to height 0 
Scrolling to height 2563 
Scrolling to height 2791 
Rescrolling page to 0 
Rescrolling page to 200 
Rescrolling page to 400 
Rescrolling page to 600 
Rescrolling page to 800 
Rescrolling page to 1000 
Rescrolling page to 1200 
Rescrolling page to 1400 
Rescrolling page to 1600 
Rescrolling page to 1800 
Rescrolling page to 2000 
Rescrolling page to 2200 
Rescrolling page to 2400 
Rescrolling page to 2600 
Window height: {'width': 2560, 'height': 1440} 
Window height with 150px addition: {'width': 2560, 'height': 2941} 
Finished site afip_gob_ar in 0:00:22.579945 

