2020-03-06 19:03:05.141356

Beginning site rambler_ru at url http://rambler.ru 
Scrolling to height 2814 
Scrolling to height 5219 
Scrolling to height 7624 
Scrolling to height 9738 
Rescrolling page to 0 
Rescrolling page to 200 
Rescrolling page to 400 
Rescrolling page to 600 
Rescrolling page to 800 
Rescrolling page to 1000 
Rescrolling page to 1200 
Rescrolling page to 1400 
Rescrolling page to 1600 
Rescrolling page to 1800 
Rescrolling page to 2000 
Rescrolling page to 2200 
Rescrolling page to 2400 
Rescrolling page to 2600 
Rescrolling page to 2800 
Rescrolling page to 3000 
Rescrolling page to 3200 
Rescrolling page to 3400 
Rescrolling page to 3600 
Rescrolling page to 3800 
Rescrolling page to 4000 
Rescrolling page to 4200 
Rescrolling page to 4400 
Rescrolling page to 4600 
Rescrolling page to 4800 
Rescrolling page to 5000 
Rescrolling page to 5200 
Rescrolling page to 5400 
Rescrolling page to 5600 
Rescrolling page to 5800 
Rescrolling page to 6000 
Rescrolling page to 6200 
Rescrolling page to 6400 
Rescrolling page to 6600 
Rescrolling page to 6800 
Rescrolling page to 7000 
Rescrolling page to 7200 
Rescrolling page to 7400 
Rescrolling page to 7600 
Rescrolling page to 7800 
Rescrolling page to 8000 
Rescrolling page to 8200 
Rescrolling page to 8400 
Rescrolling page to 8600 
Rescrolling page to 8800 
Rescrolling page to 9000 
Rescrolling page to 9200 
Rescrolling page to 9400 
Rescrolling page to 9600 
Window height: {'width': 2560, 'height': 1440} 
Window height with 150px addition: {'width': 2560, 'height': 9888} 
Finished site rambler_ru in 0:00:46.611611 

