2020-03-06 20:48:35.280195

Beginning site eventbrite_com at url http://eventbrite.com 
Scrolling to height 3191 
Scrolling to height 3189 
Rescrolling page to 0 
Rescrolling page to 200 
Rescrolling page to 400 
Rescrolling page to 600 
Rescrolling page to 800 
Rescrolling page to 1000 
Rescrolling page to 1200 
Rescrolling page to 1400 
Rescrolling page to 1600 
Rescrolling page to 1800 
Rescrolling page to 2000 
Rescrolling page to 2200 
Rescrolling page to 2400 
Rescrolling page to 2600 
Rescrolling page to 2800 
Rescrolling page to 3000 
Window height: {'width': 2560, 'height': 1440} 
Window height with 150px addition: {'width': 2560, 'height': 3339} 
Finished site eventbrite_com in 0:00:18.801562 

