2020-03-07 01:28:24.867132

Beginning site mercadolibre_com_ve at url http://mercadolibre.com.ve 
Scrolling to height 2912 
Scrolling to height 2602 
Rescrolling page to 0 
Rescrolling page to 200 
Rescrolling page to 400 
Rescrolling page to 600 
Rescrolling page to 800 
Rescrolling page to 1000 
Rescrolling page to 1200 
Rescrolling page to 1400 
Rescrolling page to 1600 
Rescrolling page to 1800 
Rescrolling page to 2000 
Rescrolling page to 2200 
Rescrolling page to 2400 
Rescrolling page to 2600 
Window height: {'width': 2560, 'height': 1440} 
Window height with 150px addition: {'width': 2560, 'height': 2752} 
Finished site mercadolibre_com_ve in 0:00:17.509461 

