2020-03-06 20:16:57.078264

Beginning site vnexpress_net at url http://vnexpress.net 
Scrolling to height 5831 
Scrolling to height 5968 
Rescrolling page to 0 
Rescrolling page to 200 
Rescrolling page to 400 
Rescrolling page to 600 
Rescrolling page to 800 
Rescrolling page to 1000 
Rescrolling page to 1200 
Rescrolling page to 1400 
Rescrolling page to 1600 
Rescrolling page to 1800 
Rescrolling page to 2000 
Rescrolling page to 2200 
Rescrolling page to 2400 
Rescrolling page to 2600 
Rescrolling page to 2800 
Rescrolling page to 3000 
Rescrolling page to 3200 
Rescrolling page to 3400 
Rescrolling page to 3600 
Rescrolling page to 3800 
Rescrolling page to 4000 
Rescrolling page to 4200 
Rescrolling page to 4400 
Rescrolling page to 4600 
Rescrolling page to 4800 
Rescrolling page to 5000 
Rescrolling page to 5200 
Rescrolling page to 5400 
Rescrolling page to 5600 
Rescrolling page to 5800 
Window height: {'width': 2560, 'height': 1440} 
Window height with 150px addition: {'width': 2560, 'height': 6118} 
Finished site vnexpress_net in 0:00:26.349030 

