2020-03-07 04:09:49.163927

Beginning site sonyliv_com at url http://sonyliv.com 
Scrolling to height 1621 
Scrolling to height 2751 
Scrolling to height 3135 
Scrolling to height 3851 
Rescrolling page to 0 
Rescrolling page to 200 
Rescrolling page to 400 
Rescrolling page to 600 
Rescrolling page to 800 
Rescrolling page to 1000 
Rescrolling page to 1200 
Rescrolling page to 1400 
Rescrolling page to 1600 
Rescrolling page to 1800 
Rescrolling page to 2000 
Rescrolling page to 2200 
Rescrolling page to 2400 
Rescrolling page to 2600 
Rescrolling page to 2800 
Rescrolling page to 3000 
Rescrolling page to 3200 
Rescrolling page to 3400 
Rescrolling page to 3600 
Rescrolling page to 3800 
Window height: {'width': 2560, 'height': 1440} 
Window height with 150px addition: {'width': 2560, 'height': 4001} 
Finished site sonyliv_com in 0:00:31.019351 

