123rf.com
1337x.to
14nuzznszbdp.com
1688.com
17ok.com
258.com
312168.com
360.cn
360doc.com
3dmgame.com
3movierulz.sx
4chan.org
51.la
51sole.com
52pojie.cn
58.com
6.cn
81.cn
9gag.com
abs-cbn.com
academia.edu
accuweather.com
addthis.com
adobe.com
adp.com
agah.com
agoda.com
airbnb.com
albawabhnews.com
ali213.net
alibaba.com
aliexpress.com
aliexpress.ru
alipay.com
aliyun.com
allegro.pl
alnaharegypt.com
alodokter.com
alwafd.news
amazon.com
amazon.co.jp
amazon.in
amazon.de
amazon.co.uk
amazon.ca
amazon.it
amazon.fr
amazon.cn
amazon.es
amazon.com.mx
amazon.com.br
amazonaws.com
ameblo.jp
americanexpress.com
ameritrade.com
aminoapps.com
animeflv.net
aol.com
aparat.com
apple.com
arcgis.com
archive.org
argaam.com
as.com
ask.com
asos.com
asriran.com
asus.com
atlassian.net
att.com
autodesk.com
avito.ru
axisbank.com
azure.com
babytree.com
baidu.com
baike.com
bancodevenezuela.com
banggood.com
bankmellat.ir
bankofamerica.com
banma.com
baskino.me
bbc.com
beeg.com
behance.net
bestbuy.com
bet365.com
bet9ja.com
beytoote.com
bhphotovideo.com
biblegateway.com
bild.de
bilibili.com
billdesk.com
bing.com
bitly.com
blackboard.com
bleacherreport.com
blogger.com
blogspot.com
bloomberg.com
bmi.ir
bola.net
bolasport.com
bongacams.com
booking.com
bookmyshow.com
borna.news
box.com
breitbart.com
brilio.net
britannica.com
bukalapak.com
businessinsider.com
buzzfeed.com
bzw315.com
ca.gov
cambridge.org
canada.ca
canva.com
capitalone.com
cdc.gov
ceconline.com
chaduo.com
chase.com
chaturbate.com
chegg.com
chess.com
chinachugui.com
chinafloor.cn
chinamenwang.com
chinanetrank.com
chinayigui.com
chinaz.com
chip.de
chouftv.ma
chron.com
cisco.com
citi.com
cnbc.com
cnbcindonesia.com
cnbeta.com
cnblogs.com
cnet.com
cnki.net
cnn.com
cnnic.cn
cnnindonesia.com
cnzz.com
coinmarketcap.com
consultant.ru
contehos.com
costco.com
coupang.com
coursehero.com
coursera.org
craigslist.org
creditkarma.com
creditonebank.com
cricbuzz.com
crictracker.com
crptgate.com
crunchyroll.com
csdn.net
dafont.com
dagospia.com
dailymotion.com
dalfak.com
daum.net
dawn.com
dcard.tw
dcinside.com
deepl.com
dell.com
delta.com
depositphotos.com
detik.com
deviantart.com
dictionary.com
digikala.com
discogs.com
discordapp.com
discover.com
disneyplus.com
divar.ir
dmm.co.jp
dmm.com
dnevnik.ru
donga.com
dostor.org
douban.com
doubleclick.net
douyu.com
dreamstime.com
drom.ru
dropbox.com
drudgereport.com
duba.com
duckduckgo.com
duolingo.com
dw.com
dytt8.net
ea.com
eastday.com
eastmoney.com
ebay-kleinanzeigen.de
ebay.com
ebay.de
ebay.co.uk
ebay.com.au
ebay.it
ecosia.org
ekaie.com
eksisozluk.com
elbalad.news
elbotola.com
elcomercio.com
elpais.com
elsevier.com
elwatannews.com
elyamnelaraby.com
emofid.com
emol.com
enimerotiko.gr
ensonhaber.com
envato.com
epicgames.com
epochtimes.com
epwk.com
espn.com
espncricinfo.com
etoro.com
etsy.com
ettoday.net
europa.eu
eventbrite.com
evernote.com
exoclick.com
expedia.com
expressvpn.com
facebook.com
fadsabs.com
fadsecs.com
fadsims.com
fadsips.com
fadskis.com
fadslims.com
fadspms.com
fandom.com
fararu.com
farfetch.com
farsnews.ir
fast.com
fc2.com
fedex.com
feedly.com
fidelity.com
filimo.com
fiverr.com
fivethirtyeight.com
flashscore.com
flaticon.com
flickr.com
flipkart.com
focus.cn
forbes.com
force.com
foxnews.com
free.fr
freejobalert.com
freelancer.com
freepik.com
friv.com
gaana.com
gamepedia.com
gamersky.com
gamespot.com
gatustox.net
gearbest.com
geeksforgeeks.org
genius.com
getpocket.com
gfycat.com
giphy.com
gismeteo.ru
github.com
gjirafa.com
glassdoor.com
globo.com
gmanetwork.com
gmw.cn
gmx.net
go.com
goal.com
godaddy.com
gongchang.com
goodreads.com
google.com
google.cn
googlevideo.com
gosuslugi.ru
grammarly.com
grid.id
gsmarena.com
gstatic.com
gusuwang.com
gyazo.com
haberturk.com
hamariweb.com
hao123.com
haofang.net
harvard.edu
hatenablog.com
hawaaworld.com
hdfcbank.com
healthline.com
heavy.com
hepsiburada.com
herokuapp.com
hespress.com
hh.ru
hi.ru
hk01.com
hm.com
homedepot.com
hootsuite.com
hotels.com
hotmart.com
hotstar.com
house365.com
howtogeek.com
hp.com
hqq.tv
huaban.com
huanqiu.com
hubspot.com
huffpost.com
huim.com
hulu.com
ibm.com
icicibank.com
icloud.com
idntimes.com
ifeng.com
ign.com
ih5.cn
iherb.com
ikea.com
ilovepdf.com
imdb.com
imgur.com
in.gr
indeed.com
indiamart.com
indiatimes.com
indiatoday.in
indosport.com
infobae.com
informer.com
inquirer.net
instagram.com
instructure.com
intel.com
interia.pl
intoday.in
intuit.com
investing.com
investopedia.com
iqiyi.com
iqoption.com
irs.gov
issuu.com
istockphoto.com
it168.com
ivi.ru
iyiou.com
jamnews.com
jb51.net
jd.com
jia400.com
jianshu.com
joins.com
jooble.org
justdial.com
jw.org
kakaku.com
kakao.com
kapanlagi.com
kayak.com
khabarfarsi.com
khanacademy.org
kickstarter.com
kijiji.ca
kinogo.by
kinopoisk.ru
kissanime.ru
kizlarsoruyor.com
kknews.cc
klix.ba
kompas.com
kompasiana.com
kooora.com
kumparan.com
kundelik.kz
la1dwne9cn5c.com
ladbible.com
lazada.sg
leagueoflegends.com
leboncoin.fr
lenovo.com
lenta.ru
liansuo.com
libero.it
lifo.gr
line.me
linkedin.com
liputan6.com
list-manage.com
live.com
livedoor.jp
livejasmin.com
livejournal.com
livescore.com
lowes.com
lun.com
macys.com
mail.ru
mailchimp.com
makemytrip.com
mama.cn
manganelo.com
manoramaonline.com
manyvids.com
marca.com
marketwatch.com
marriott.com
mathrubhumi.com
mawdoo3.com
mayoclinic.org
mediafire.com
medicalnewstoday.com
medium.com
meetup.com
mega.nz
memurlar.net
mercari.com
merdeka.com
merriam-webster.com
messenger.com
metropoles.com
mfisp.com
mgid.com
mheducation.com
mi.com
microsoft.com
mileroticos.com
minuto30.com
mit.edu
mobile.de
moneycontrol.com
mos.ru
motor1.com
motorsport.com
mozilla.org
mseav.com
msn.com
myanimelist.net
myanmarload.com
mynet.com
myntra.com
myshopify.com
myway.com
myworkday.com
n11.com
nairaland.com
namasha.com
namnak.com
namu.wiki
narcity.com
naukri.com
naver.com
nba.com
nbcnews.com
ndtv.com
neobux.com
netflix.com
newegg.com
news18.com
newstrend.news
nicovideo.jp
nicsorts-accarade.com
nih.gov
nike.com
nikkei.com
ninisite.com
norton.com
nownews.com
npr.org
ntdtv.com
nur.kz
nvidia.com
nyaa.si
nypost.com
nytimes.com
office.com
office365.com
ojooo.com
ok.ru
okezone.com
okta.com
olx.ua
olx.com.br
olx.pl
onemboaran.com
onet.pl
online-convert.com
onlinesbi.com
op.gg
oracle.com
orange.fr
oschina.net
osskanger.com
ouedkniss.com
ouo.io
outbrain.com
over-blog.com
ozon.ru
padlet.com
panda.tv
pandora.com
pantip.com
patch.com
patreon.com
paypal.com
paytm.com
payu.in
pelisplus.me
pexels.com
pikabu.ru
pinimg.com
pinterest.com
pixabay.com
pixiv.net
pixnet.net
playstation.com
pngtree.com
popads.net
pornhub.com
postlnk.com
powerapp.download
prezi.com
primevideo.com
prothomalo.com
ptt.cc
pulzo.com
qoo10.sg
qq.com
qualtrics.com
quizlet.com
quora.com
rakuten.co.jp
rakuten.com
rambler.ru
rarbg.to
rbc.ru
realtor.com
redd.it
reddit.com
rediff.com
rednet.cn
redtube.com
repubblica.it
researchgate.net
reuters.com
reverso.net
rezka.ag
ria.ru
roblox.com
rokna.net
rottentomatoes.com
royalbank.com
rt.com
runoob.com
rutracker.org
sabq.org
sahibinden.com
salesforce.com
samsung.com
sarkariresult.com
sauwoaptain.com
savefrom.net
sberbank.ru
schwab.com
sci-hub.tw
sciencedirect.com
scribd.com
scuseami.net
sdamgia.ru
sdpnoticias.com
seasonvar.ru
segmentfault.com
service-now.com
setn.com
seznam.cz
shaparak.ir
shimo.im
shopee.tw
shopee.co.id
shopee.vn
shopify.com
shutterstock.com
sindonews.com
skroutz.gr
skype.com
slack.com
slickdeals.net
slideshare.net
smallpdf.com
so.com
soft98.ir
softonic.com
sogou.com
sohu.com
sonhoo.com
sonyliv.com
soso.com
soundcloud.com
souq.com
sourceforge.net
southwest.com
spanishdict.com
spankbang.com
speedtest.net
spiegel.de
sportbible.com
sporx.com
spotify.com
springer.com
sputniknews.com
squarespace.com
stackexchange.com
stackoverflow.com
state.gov
steamcommunity.com
steampowered.com
storm.mg
stremanp.com
study.com
suara.com
subscene.com
superuser.com
surveymonkey.com
t-online.de
t.co
t.me
taboola.com
taleo.net
tandfonline.com
taobao.com
target.com
td.com
teacherspayteachers.com
teamviewer.com
techradar.com
telegram.org
telewebion.com
tempo.co
tencent.com
theepochtimes.com
thefreedictionary.com
theguardian.com
themeforest.net
thepiratebay.org
thesaurus.com
thestartmagazine.com
theverge.com
tianya.cn
ticketmaster.com
tiktok.com
timeanddate.com
tistory.com
tmall.com
to8to.com
tokopedia.com
toutiao.com
tradingview.com
trello.com
trendingnow.video
trendyol.com
tribunnews.com
tripadvisor.com
trontv.com
tsetmc.com
tumblr.com
tutorialspoint.com
twitch.tv
twitter.com
uber.com
uchi.ru
udemy.com
udn.com
ukr.net
ultimate-guitar.com
umeng.com
unsplash.com
ups.com
uptobox.com
uptodown.com
upwork.com
urbandictionary.com
urdupoint.com
usatoday.com
uselnk.com
usnews.com
usps.com
utorrent.com
uzone.id
v2ex.com
varzesh3.com
verizonwireless.com
vidio.com
vimeo.com
visualstudio.com
vk.com
vnexpress.net
vseigru.net
w3schools.com
walmart.com
washingtonpost.com
wattpad.com
wayfair.com
wease.im
weather.com
web.de
weblio.jp
webmd.com
weebly.com
weibo.com
wellsfargo.com
westernjournal.com
wetransfer.com
whatsapp.com
who.int
wikihow.com
wikimedia.org
wikipedia.org
wiktionary.org
wildberries.ru
wiley.com
win-rar.com
winshang.com
wish.com
wix.com
wondershare.com
wordpress.com
wordpress.org
wordreference.com
worldometers.info
wowhead.com
wp.pl
wp.com
wsj.com
wunderground.com
xe.com
xero.com
xfinity.com
xhamster.com
xinhuanet.com
xnxx.com
xvideos.com
y2mate.com
yahoo.com
yahoo.co.jp
yallakora.com
yandex.ru
yandex.com
yelp.com
yenisafak.com
yjc.ir
youdao.com
youku.com
youm7.com
youporn.com
youth.cn
youtube.com
ytmp3.cc
yts.mx
yy.com
zara.com
zendesk.com
zerodha.com
zhanqi.tv
zhcw.com
zhibo8.cc
zhihu.com
zillow.com
zing.vn
zippyshare.com
zoho.com
zomato.com
zoom.us
zougla.gr
104.com.tw
11st.co.kr
3c.tmall.com
abril.com.br
afip.gob.ar
aimer.tmall.com
aksam.com.tr
americanas.com.br
anta.tmall.com
baby.tmall.com
bag.tmall.com
basichouse.tmall.com
bershka.tmall.com
book.tmall.com
cabbeen.tmall.com
caixa.gov.br
calvinklein.tmall.com
car.tmall.com
china.com.cn
chinadaily.com.cn
crabsecret.tmall.com
dai.tmall.com
dailymail.co.uk
dbs.com.sg
detail.tmall.com
dickies.tmall.com
discoveryexpedition.tmall.com
dream.co.id
dyson.tmall.com
earthmusic.tmall.com
ebc.net.tw
editor.wix.com
efu.com.cn
eland.tmall.com
epfindia.gov.in
err.tmall.com
esprit.tmall.com
fairwhale.tmall.com
fazenda.gov.br
files.wordpress.com
food.tmall.com
forever21.tmall.com
gainreel.tmall.com
gamer.com.tw
gap.tmall.com
gmarket.co.kr
gome.com.cn
goo.ne.jp
gucn.tmall.com
hollisterco.tmall.com
honeys.tmall.com
hurriyet.com.tr
imis.tmall.com
impress.co.jp
irctc.co.in
it.tmall.com
jackjones.tmall.com
jeanswest.tmall.com
jia.tmall.com
jrj.com.cn
kaskus.co.id
kolonsport.tmall.com
ku.tmall.com
lachapelle.tmall.com
lafuma.tmall.com
langsha.tmall.com
lee.tmall.com
lining.tmall.com
list.tmall.com
login.tmall.com
ltn.com.tw
maniform.tmall.com
marksandspencer.tmall.com
mercadolibre.com.ar
mercadolibre.com.mx
mercadolibre.com.ve
mercadolivre.com.br
miao.tmall.com
milliyet.com.tr
momoshop.com.tw
myhome.tmall.com
nanxie.tmall.com
nanzhuang.tmall.com
nation.co.ke
neiyi.tmall.com
new3c.tmall.com
newbalance.tmall.com
nianhuo.tmall.com
nike.tmall.com
nvxie.tmall.com
nvzhuang.tmall.com
otvfoco.com.br
pages.tmall.com
patria.org.ve
pcbaby.com.cn
pchome.com.tw
peacebird.tmall.com
qiannaimei.tmall.com
reclameaqui.com.br
scofield.tmall.com
scol.com.cn
semir.tmall.com
septwolves.tmall.com
shouji.tmall.com
sina.com.cn
sozcu.com.tr
spao.tmall.com
sports.tmall.com
subject.tmall.com
threegun.tmall.com
tonlion.tmall.com
topshop.tmall.com
triumph.tmall.com
turkiye.gov.tr
uidai.gov.in
uniqlo.tmall.com
uol.com.br
urfs.tmall.com
viva.co.id
watch.tmall.com
world.tmall.com
wt.tmall.com
www.gov.uk
yao.tmall.com
yeniakit.com.tr
zol.com.cn
folha.uol.com.br